--------------- Clean Started: 04/04/2018 12:37:11 Project: Button, Configuration: ARM GCC 4.9-2015-q1-update Debug ---------------
Deleting file ".\CortexM0\ARM_GCC_493\Debug\main.o"
Deleting file ".\CortexM0\ARM_GCC_493\Debug\cyfitter_cfg.o"
Deleting file ".\CortexM0\ARM_GCC_493\Debug\cymetadata.o"
Deleting file ".\CortexM0\ARM_GCC_493\Debug\LCD_Char_BarGraph.o"
Deleting file ".\CortexM0\ARM_GCC_493\Debug\LCD_Char.o"
Deleting file ".\CortexM0\ARM_GCC_493\Debug\LCD_Char_PM.o"
Deleting file ".\CortexM0\ARM_GCC_493\Debug\LCD_Char_LCDPort.o"
Deleting file ".\CortexM0\ARM_GCC_493\Debug\Cm0Start.o"
Deleting file ".\CortexM0\ARM_GCC_493\Debug\CyBootAsmGnu.o"
Deleting file ".\CortexM0\ARM_GCC_493\Debug\CyFlash.o"
Deleting file ".\CortexM0\ARM_GCC_493\Debug\CyLib.o"
Deleting file ".\CortexM0\ARM_GCC_493\Debug\cyPm.o"
Deleting file ".\CortexM0\ARM_GCC_493\Debug\cyutils.o"
Deleting file ".\CortexM0\ARM_GCC_493\Debug\CyLFClk.o"
Deleting file ".\CortexM0\ARM_GCC_493\Debug\Bumper_L.o"
Deleting file ".\CortexM0\ARM_GCC_493\Debug\PWM_R.o"
Deleting file ".\CortexM0\ARM_GCC_493\Debug\PWM_R_PM.o"
Deleting file ".\CortexM0\ARM_GCC_493\Debug\Clock_R.o"
Deleting file ".\CortexM0\ARM_GCC_493\Debug\PWM_OUT_R.o"
Deleting file ".\CortexM0\ARM_GCC_493\Debug\PWM_L.o"
Deleting file ".\CortexM0\ARM_GCC_493\Debug\PWM_L_PM.o"
Deleting file ".\CortexM0\ARM_GCC_493\Debug\Clock_L.o"
Deleting file ".\CortexM0\ARM_GCC_493\Debug\PWM_OUT_L.o"
Deleting file ".\CortexM0\ARM_GCC_493\Debug\Bumper_R.o"
Deleting file ".\CortexM0\ARM_GCC_493\Debug\ADC_SAR_Seq.o"
Deleting file ".\CortexM0\ARM_GCC_493\Debug\ADC_SAR_Seq_PM.o"
Deleting file ".\CortexM0\ARM_GCC_493\Debug\ADC_SAR_Seq_INT.o"
Deleting file ".\CortexM0\ARM_GCC_493\Debug\ADC_SAR_Seq_IRQ.o"
Deleting file ".\CortexM0\ARM_GCC_493\Debug\ADC_SAR_Seq_intClock.o"
Deleting file ".\CortexM0\ARM_GCC_493\Debug\POT_L.o"
Deleting file ".\CortexM0\ARM_GCC_493\Debug\POT_R.o"
Deleting file ".\CortexM0\ARM_GCC_493\Debug\Button.hex"
Deleting file ".\CortexM0\ARM_GCC_493\Debug\Button.elf"
Deleting file ".\CortexM0\ARM_GCC_493\Debug\Button.map"
Deleting file ".\Button.cycdx"
Deleting file ".\Button.svd"
Deleting file ".\Button.rpt"
Deleting file ".\Button_timing.html"
Deleting file ".\CortexM0\ARM_GCC_493\Debug\.deps\C_FILE.P"
Deleting file ".\CortexM0\ARM_GCC_493\Debug\.deps\ARM_C_FILE.P"
Deleting file ".\CortexM0\ARM_GCC_493\Debug\.deps\GNU_ARM_ASM_FILE.P"
--------------- Clean Succeeded: 04/04/2018 12:37:12 ---------------
