ARM GAS  C:\Users\lenovo\AppData\Local\Temp\ccvHjfpD.s 			page 1


   1              		.cpu cortex-m0
   2              		.fpu softvfp
   3              		.eabi_attribute 20, 1
   4              		.eabi_attribute 21, 1
   5              		.eabi_attribute 23, 3
   6              		.eabi_attribute 24, 1
   7              		.eabi_attribute 25, 1
   8              		.eabi_attribute 26, 1
   9              		.eabi_attribute 30, 1
  10              		.eabi_attribute 34, 0
  11              		.eabi_attribute 18, 4
  12              		.code	16
  13              		.file	"main.c"
  14              		.text
  15              	.Ltext0:
  16              		.cfi_sections	.debug_frame
  17              		.section	.text.TurnRightTiny,"ax",%progbits
  18              		.align	2
  19              		.global	TurnRightTiny
  20              		.code	16
  21              		.thumb_func
  22              		.type	TurnRightTiny, %function
  23              	TurnRightTiny:
  24              	.LFB34:
  25              		.file 1 ".\\main.c"
   1:.\main.c      **** /* ========================================
   2:.\main.c      ****    Â∞èËΩ¶Ëµ∞Ëø∑ÂÆ´‰ªªÂä°‰ª£Á†Å
   3:.\main.c      ****  * ========================================
   4:.\main.c      **** */
   5:.\main.c      **** #include <project.h>
   6:.\main.c      **** #include <stdio.h> //ÈúÄË¶Å‰ΩøÁî®sprintf
   7:.\main.c      **** 
   8:.\main.c      **** void TurnLeft();
   9:.\main.c      **** void TurnRight();
  10:.\main.c      **** void Backward();
  11:.\main.c      **** void Forward();
  12:.\main.c      **** void TurnRightTiny();
  13:.\main.c      **** void IntToString(char *str, int number);
  14:.\main.c      **** 
  15:.\main.c      **** uint32 ADC_Result_L = 0,ADC_Result_R = 0;//ADC_Result_LÂíåADC_Result_RÂàÜÂà´‰∏∫ADËΩ¨Êç¢ÂêéÁöÑÂ∑¶Âè≥
  16:.\main.c      **** float dist_L,dist_R;//dist_LÂíådist_RÂàÜÂà´‰∏∫Á∫¢Â§ñ‰º†ÊÑüÂô®Â§ÑÁêÜÂêéÊï∞ÊçÆ
  17:.\main.c      **** int dis_L,dis_R;//dist_LÂíådist_RÊï∞ÂÄºÁ±ªÂûãËΩ¨Êç¢ÂêéÊï∞ÊçÆ
  18:.\main.c      **** int e=0,e1=0,e2=0;//Êú∫Âô®‰∫∫‰∏éÂ∑¶‰æßÂ¢ôÂ£ÅË∑ùÁ¶ªÂÅèÂ∑ÆÂÄºÔºàÂΩìÂâçÊó∂Âàª„ÄÅ‰∏ä‰∏ÄÊó∂ÂàªÂíå‰∏ä‰∏äÊ
  19:.\main.c      **** int PWM_controlled_R;//Âè≥‰æßÁîµÊú∫ËæìÂÖ•PWMÊ≥¢ÂÄº
  20:.\main.c      **** char string_L[50],string_R[50];//Áî±Êï∞ÂÄºÂèòÊç¢‰∏∫Â≠óÁ¨¶‰∏≤Êó∂Â≠òÂÇ®ÁöÑÈòµÂàóÔºåÁî®‰∫éLCDÊòæÁ§∫
  21:.\main.c      **** 
  22:.\main.c      **** int main()
  23:.\main.c      **** {
  24:.\main.c      ****     //ËÆæÂ§áÂàùÂßãÂåñÈÉ®ÂàÜ
  25:.\main.c      ****     //PWM ÂàùÂßãÂåñ
  26:.\main.c      ****     PWM_R_Start();
  27:.\main.c      ****     PWM_L_Start();
  28:.\main.c      ****     //LCD ÂàùÂßãÂåñ
  29:.\main.c      ****     LCD_Char_Start();
  30:.\main.c      ****     LCD_Char_LoadCustomFonts(LCD_Char_customFonts);
  31:.\main.c      ****     LCD_Char_ClearDisplay();
  32:.\main.c      ****     LCD_Char_Position(0,0);
ARM GAS  C:\Users\lenovo\AppData\Local\Temp\ccvHjfpD.s 			page 2


  33:.\main.c      ****     CyGlobalIntEnable;
  34:.\main.c      ****     //ADC ÂàùÂßãÂåñ
  35:.\main.c      ****     ADC_SAR_Seq_Start();
  36:.\main.c      ****     ADC_SAR_Seq_StartConvert();
  37:.\main.c      **** 
  38:.\main.c      ****     //Á∫¢Â§ñ‰º†ÊÑüÂô®Êï∞ÊçÆÈááÈõÜ&Â§ÑÁêÜÈÉ®ÂàÜ
  39:.\main.c      ****     for(;;)
  40:.\main.c      ****     {
  41:.\main.c      ****         //Êï∞ÊçÆÈááÈõÜ
  42:.\main.c      ****         ADC_SAR_Seq_IsEndConversion(ADC_SAR_Seq_WAIT_FOR_RESULT);
  43:.\main.c      ****         ADC_Result_L = ADC_SAR_Seq_GetResult16(0);
  44:.\main.c      ****         ADC_Result_R = ADC_SAR_Seq_GetResult16(1);
  45:.\main.c      ****         //Â∑¶‰æßÁ∫¢Â§ñÊï∞ÊçÆÂ§ÑÁêÜ
  46:.\main.c      ****         if(ADC_Result_L >0xFFFF) ADC_Result_L =0;
  47:.\main.c      ****         if(ADC_Result_L>0)
  48:.\main.c      ****         {
  49:.\main.c      ****             dist_L=0.5/(0.00002*ADC_Result_L -0.00045)-2;
  50:.\main.c      ****             dis_L=(int)dist_L;
  51:.\main.c      ****             IntToString(string_L, dis_L);
  52:.\main.c      ****             LCD_Char_Position(0,0);
  53:.\main.c      ****             LCD_Char_PrintString(string_L);
  54:.\main.c      ****         }
  55:.\main.c      ****         //Âè≥‰æßÁ∫¢Â§ñÊï∞ÊçÆÂ§ÑÁêÜ
  56:.\main.c      ****         if(ADC_Result_R >0xFFFF) ADC_Result_R =0;
  57:.\main.c      ****         if(ADC_Result_R>0)
  58:.\main.c      ****         {
  59:.\main.c      ****             dist_R=0.5/(0.00002*ADC_Result_R -0.00045)-2;
  60:.\main.c      ****             dis_R=(int)dist_R;
  61:.\main.c      ****             //IntToString(string_R, dis_R);
  62:.\main.c      ****             //LCD_Char_Position(0,0);
  63:.\main.c      ****             //LCD_Char_PrintString(string_R);
  64:.\main.c      ****         }
  65:.\main.c      **** 
  66:.\main.c      ****         //ÊéßÂà∂Á≠ñÁï•
  67:.\main.c      ****         /*
  68:.\main.c      ****         //ÊñπÊ°à‰∏ÄÔºöOn-OffÈòàÂÄºÊéßÂà∂ÔºåÂèØ‰ª•ÂÆåÊàê‰ªªÂä°Ôºå‰ΩÜÊéßÂà∂ÊïàÊûú‰∏ÄËà¨
  69:.\main.c      ****         //Êú∫Âô®‰∫∫Á¢∞ÊíûÂêéÂ∫îÊÄ•Â§ÑÁêÜÔºöÂÄíËΩ¶&Âè≥ËΩ¨
  70:.\main.c      ****         if (Bumper_L_Read()==0 || Bumper_R_Read()==1)
  71:.\main.c      ****         {
  72:.\main.c      ****             Backward();
  73:.\main.c      ****             TurnRight();
  74:.\main.c      ****         }
  75:.\main.c      ****         else if(dis_L>=30)TurnLeft();
  76:.\main.c      ****         else if(dis_L<=22)TurnRightTiny();
  77:.\main.c      ****         else if(dis_R<=25)TurnRightTiny();      
  78:.\main.c      ****         else Forward();
  79:.\main.c      ****         */
  80:.\main.c      ****         
  81:.\main.c      ****         //ÊñπÊ°à‰∫åÔºöPIDÊéßÂà∂ÔºåÊéßÂà∂ÊïàÊûúËæÉ‰∏∫ÊµÅÁïÖ
  82:.\main.c      ****         //Êú∫Âô®‰∫∫Á¢∞ÊíûÂêéÂ∫îÊÄ•Â§ÑÁêÜÔºöÂÄíËΩ¶&Âè≥ËΩ¨
  83:.\main.c      ****         if (Bumper_L_Read()==0 || Bumper_R_Read()==1)
  84:.\main.c      ****         {
  85:.\main.c      ****             Backward();
  86:.\main.c      ****             TurnRight();
  87:.\main.c      ****         }
  88:.\main.c      ****         //ÂÅèÂ∑ÆÂÄºËÆ°ÁÆó&Êõ¥Êñ∞
  89:.\main.c      ****         e2 = e1;
ARM GAS  C:\Users\lenovo\AppData\Local\Temp\ccvHjfpD.s 			page 3


  90:.\main.c      ****         e1 = e;
  91:.\main.c      ****         e = dis_L-25;
  92:.\main.c      ****         //ÁîµÊú∫ÊéßÂà∂
  93:.\main.c      ****         PWM_L_WriteCompare(4100);//4100
  94:.\main.c      ****         PWM_controlled_R = 5100+100*e+50*(e+e1+e2)+10*(e-e1);
  95:.\main.c      ****         PWM_R_WriteCompare(PWM_controlled_R);
  96:.\main.c      ****         CyDelay(2);        
  97:.\main.c      ****     }
  98:.\main.c      ****     /*
  99:.\main.c      ****     //Á¢∞Êíû‰º†ÊÑüÂô®&PWMÊµãËØï
 100:.\main.c      ****     for(;;)
 101:.\main.c      ****     {
 102:.\main.c      ****         //Á¢∞Êíû‰º†ÊÑüÂô® Âè≥ÊñπÁ¢∞Êíû‰∏∫1ÔºåÂê¶Âàô‰∏∫0ÔºõÂ∑¶ÊñπÁ¢∞Êíû‰∏∫0ÔºåÂê¶Âàô‰∏∫1
 103:.\main.c      ****         if (Bumper_R_Read()== 1&&Bumper_L_Read()==1 ) TurnLeft();//Âè≥ÊñπÁ¢∞Êíû
 104:.\main.c      ****         if (Bumper_R_Read()== 0&&Bumper_L_Read()==0 ) TurnRight();//Â∑¶ÊñπÁ¢∞Êíû
 105:.\main.c      ****         if (Bumper_R_Read()== 1&&Bumper_L_Read()==0 ) Backward();//ÂâçÊñπÁ¢∞Êíû
 106:.\main.c      ****         Forward();
 107:.\main.c      ****         CyDelay(100);
 108:.\main.c      ****     }
 109:.\main.c      ****     */
 110:.\main.c      ****     return 0;
 111:.\main.c      **** }
 112:.\main.c      **** 
 113:.\main.c      **** //Â∞èÂπÖÂ∫¶Âè≥ËΩ¨
 114:.\main.c      **** void TurnRightTiny()
 115:.\main.c      **** {
  26              		.loc 1 115 0
  27              		.cfi_startproc
  28 0000 08B5     		push	{r3, lr}
  29              		.cfi_def_cfa_offset 8
  30              		.cfi_offset 3, -8
  31              		.cfi_offset 14, -4
 116:.\main.c      ****    LCD_Char_Position(1,0);
  32              		.loc 1 116 0
  33 0002 0120     		mov	r0, #1
  34 0004 0021     		mov	r1, #0
  35 0006 FFF7FEFF 		bl	LCD_Char_Position
  36              	.LVL0:
 117:.\main.c      ****    LCD_Char_PrintString("Turn RightTiny");
  37              		.loc 1 117 0
  38 000a 0648     		ldr	r0, .L2
  39 000c FFF7FEFF 		bl	LCD_Char_PrintString
  40              	.LVL1:
 118:.\main.c      ****    PWM_R_WriteCompare(4200);//4700
  41              		.loc 1 118 0
  42 0010 0548     		ldr	r0, .L2+4
  43 0012 FFF7FEFF 		bl	PWM_R_WriteCompare
  44              	.LVL2:
 119:.\main.c      ****    PWM_L_WriteCompare(4300);//3900
  45              		.loc 1 119 0
  46 0016 0548     		ldr	r0, .L2+8
  47 0018 FFF7FEFF 		bl	PWM_L_WriteCompare
  48              	.LVL3:
 120:.\main.c      ****    CyDelay(100);
  49              		.loc 1 120 0
  50 001c 6420     		mov	r0, #100
  51 001e FFF7FEFF 		bl	CyDelay
ARM GAS  C:\Users\lenovo\AppData\Local\Temp\ccvHjfpD.s 			page 4


  52              	.LVL4:
 121:.\main.c      **** }
  53              		.loc 1 121 0
  54              		@ sp needed
  55 0022 08BD     		pop	{r3, pc}
  56              	.L3:
  57              		.align	2
  58              	.L2:
  59 0024 00000000 		.word	.LC0
  60 0028 68100000 		.word	4200
  61 002c CC100000 		.word	4300
  62              		.cfi_endproc
  63              	.LFE34:
  64              		.size	TurnRightTiny, .-TurnRightTiny
  65              		.section	.text.TurnRight,"ax",%progbits
  66              		.align	2
  67              		.global	TurnRight
  68              		.code	16
  69              		.thumb_func
  70              		.type	TurnRight, %function
  71              	TurnRight:
  72              	.LFB35:
 122:.\main.c      **** 
 123:.\main.c      **** //Âè≥ËΩ¨
 124:.\main.c      **** void TurnRight()
 125:.\main.c      **** {
  73              		.loc 1 125 0
  74              		.cfi_startproc
  75 0000 08B5     		push	{r3, lr}
  76              		.cfi_def_cfa_offset 8
  77              		.cfi_offset 3, -8
  78              		.cfi_offset 14, -4
 126:.\main.c      ****     LCD_Char_ClearDisplay();
  79              		.loc 1 126 0
  80 0002 0120     		mov	r0, #1
  81 0004 FFF7FEFF 		bl	LCD_Char_WriteControl
  82              	.LVL5:
 127:.\main.c      ****     LCD_Char_Position(1,0);
  83              		.loc 1 127 0
  84 0008 0120     		mov	r0, #1
  85 000a 0021     		mov	r1, #0
  86 000c FFF7FEFF 		bl	LCD_Char_Position
  87              	.LVL6:
 128:.\main.c      ****     LCD_Char_PrintString("Turn Right");
  88              		.loc 1 128 0
  89 0010 0648     		ldr	r0, .L5
  90 0012 FFF7FEFF 		bl	LCD_Char_PrintString
  91              	.LVL7:
 129:.\main.c      ****     PWM_R_WriteCompare(3000);
  92              		.loc 1 129 0
  93 0016 0648     		ldr	r0, .L5+4
  94 0018 FFF7FEFF 		bl	PWM_R_WriteCompare
  95              	.LVL8:
 130:.\main.c      ****     PWM_L_WriteCompare(3500);
  96              		.loc 1 130 0
  97 001c 0548     		ldr	r0, .L5+8
  98 001e FFF7FEFF 		bl	PWM_L_WriteCompare
ARM GAS  C:\Users\lenovo\AppData\Local\Temp\ccvHjfpD.s 			page 5


  99              	.LVL9:
 131:.\main.c      ****     CyDelay(300);
 100              		.loc 1 131 0
 101 0022 9620     		mov	r0, #150
 102 0024 4000     		lsl	r0, r0, #1
 103 0026 FFF7FEFF 		bl	CyDelay
 104              	.LVL10:
 132:.\main.c      **** }
 105              		.loc 1 132 0
 106              		@ sp needed
 107 002a 08BD     		pop	{r3, pc}
 108              	.L6:
 109              		.align	2
 110              	.L5:
 111 002c 10000000 		.word	.LC2
 112 0030 B80B0000 		.word	3000
 113 0034 AC0D0000 		.word	3500
 114              		.cfi_endproc
 115              	.LFE35:
 116              		.size	TurnRight, .-TurnRight
 117              		.section	.text.TurnLeft,"ax",%progbits
 118              		.align	2
 119              		.global	TurnLeft
 120              		.code	16
 121              		.thumb_func
 122              		.type	TurnLeft, %function
 123              	TurnLeft:
 124              	.LFB36:
 133:.\main.c      **** 
 134:.\main.c      **** //Â∑¶ËΩ¨
 135:.\main.c      **** void TurnLeft()
 136:.\main.c      **** {
 125              		.loc 1 136 0
 126              		.cfi_startproc
 127 0000 08B5     		push	{r3, lr}
 128              		.cfi_def_cfa_offset 8
 129              		.cfi_offset 3, -8
 130              		.cfi_offset 14, -4
 137:.\main.c      ****    LCD_Char_ClearDisplay();
 131              		.loc 1 137 0
 132 0002 0120     		mov	r0, #1
 133 0004 FFF7FEFF 		bl	LCD_Char_WriteControl
 134              	.LVL11:
 138:.\main.c      ****    LCD_Char_Position(1,0);
 135              		.loc 1 138 0
 136 0008 0120     		mov	r0, #1
 137 000a 0021     		mov	r1, #0
 138 000c FFF7FEFF 		bl	LCD_Char_Position
 139              	.LVL12:
 139:.\main.c      ****    LCD_Char_PrintString("Turn Left");
 140              		.loc 1 139 0
 141 0010 0648     		ldr	r0, .L8
 142 0012 FFF7FEFF 		bl	LCD_Char_PrintString
 143              	.LVL13:
 140:.\main.c      ****    PWM_R_WriteCompare(5100);
 144              		.loc 1 140 0
 145 0016 0648     		ldr	r0, .L8+4
ARM GAS  C:\Users\lenovo\AppData\Local\Temp\ccvHjfpD.s 			page 6


 146 0018 FFF7FEFF 		bl	PWM_R_WriteCompare
 147              	.LVL14:
 141:.\main.c      ****    PWM_L_WriteCompare(4300);
 148              		.loc 1 141 0
 149 001c 0548     		ldr	r0, .L8+8
 150 001e FFF7FEFF 		bl	PWM_L_WriteCompare
 151              	.LVL15:
 142:.\main.c      ****    CyDelay(100);
 152              		.loc 1 142 0
 153 0022 6420     		mov	r0, #100
 154 0024 FFF7FEFF 		bl	CyDelay
 155              	.LVL16:
 143:.\main.c      **** }
 156              		.loc 1 143 0
 157              		@ sp needed
 158 0028 08BD     		pop	{r3, pc}
 159              	.L9:
 160 002a C046     		.align	2
 161              	.L8:
 162 002c 1C000000 		.word	.LC4
 163 0030 EC130000 		.word	5100
 164 0034 CC100000 		.word	4300
 165              		.cfi_endproc
 166              	.LFE36:
 167              		.size	TurnLeft, .-TurnLeft
 168              		.section	.text.Backward,"ax",%progbits
 169              		.align	2
 170              		.global	Backward
 171              		.code	16
 172              		.thumb_func
 173              		.type	Backward, %function
 174              	Backward:
 175              	.LFB37:
 144:.\main.c      **** 
 145:.\main.c      **** //ÂÄíËΩ¶
 146:.\main.c      **** void Backward()
 147:.\main.c      **** {
 176              		.loc 1 147 0
 177              		.cfi_startproc
 178 0000 08B5     		push	{r3, lr}
 179              		.cfi_def_cfa_offset 8
 180              		.cfi_offset 3, -8
 181              		.cfi_offset 14, -4
 148:.\main.c      ****     LCD_Char_ClearDisplay();
 182              		.loc 1 148 0
 183 0002 0120     		mov	r0, #1
 184 0004 FFF7FEFF 		bl	LCD_Char_WriteControl
 185              	.LVL17:
 149:.\main.c      ****     LCD_Char_Position(1,0);
 186              		.loc 1 149 0
 187 0008 0120     		mov	r0, #1
 188 000a 0021     		mov	r1, #0
 189 000c FFF7FEFF 		bl	LCD_Char_Position
 190              	.LVL18:
 150:.\main.c      ****     LCD_Char_PrintString("Backward");
 191              		.loc 1 150 0
 192 0010 0648     		ldr	r0, .L11
ARM GAS  C:\Users\lenovo\AppData\Local\Temp\ccvHjfpD.s 			page 7


 193 0012 FFF7FEFF 		bl	LCD_Char_PrintString
 194              	.LVL19:
 151:.\main.c      ****     PWM_R_WriteCompare(3900);
 195              		.loc 1 151 0
 196 0016 0648     		ldr	r0, .L11+4
 197 0018 FFF7FEFF 		bl	PWM_R_WriteCompare
 198              	.LVL20:
 152:.\main.c      ****     PWM_L_WriteCompare(5400);
 199              		.loc 1 152 0
 200 001c 0548     		ldr	r0, .L11+8
 201 001e FFF7FEFF 		bl	PWM_L_WriteCompare
 202              	.LVL21:
 153:.\main.c      ****     CyDelay(400);
 203              		.loc 1 153 0
 204 0022 C820     		mov	r0, #200
 205 0024 4000     		lsl	r0, r0, #1
 206 0026 FFF7FEFF 		bl	CyDelay
 207              	.LVL22:
 154:.\main.c      **** }
 208              		.loc 1 154 0
 209              		@ sp needed
 210 002a 08BD     		pop	{r3, pc}
 211              	.L12:
 212              		.align	2
 213              	.L11:
 214 002c 28000000 		.word	.LC6
 215 0030 3C0F0000 		.word	3900
 216 0034 18150000 		.word	5400
 217              		.cfi_endproc
 218              	.LFE37:
 219              		.size	Backward, .-Backward
 220              		.section	.text.Forward,"ax",%progbits
 221              		.align	2
 222              		.global	Forward
 223              		.code	16
 224              		.thumb_func
 225              		.type	Forward, %function
 226              	Forward:
 227              	.LFB38:
 155:.\main.c      **** 
 156:.\main.c      **** //Áõ¥Ë°å
 157:.\main.c      **** void Forward()
 158:.\main.c      **** {
 228              		.loc 1 158 0
 229              		.cfi_startproc
 230 0000 08B5     		push	{r3, lr}
 231              		.cfi_def_cfa_offset 8
 232              		.cfi_offset 3, -8
 233              		.cfi_offset 14, -4
 159:.\main.c      ****     LCD_Char_ClearDisplay();
 234              		.loc 1 159 0
 235 0002 0120     		mov	r0, #1
 236 0004 FFF7FEFF 		bl	LCD_Char_WriteControl
 237              	.LVL23:
 160:.\main.c      ****     LCD_Char_Position(1,0);
 238              		.loc 1 160 0
 239 0008 0120     		mov	r0, #1
ARM GAS  C:\Users\lenovo\AppData\Local\Temp\ccvHjfpD.s 			page 8


 240 000a 0021     		mov	r1, #0
 241 000c FFF7FEFF 		bl	LCD_Char_Position
 242              	.LVL24:
 161:.\main.c      ****     LCD_Char_PrintString("Forward");
 243              		.loc 1 161 0
 244 0010 0648     		ldr	r0, .L14
 245 0012 FFF7FEFF 		bl	LCD_Char_PrintString
 246              	.LVL25:
 162:.\main.c      ****     PWM_R_WriteCompare(5400);
 247              		.loc 1 162 0
 248 0016 0648     		ldr	r0, .L14+4
 249 0018 FFF7FEFF 		bl	PWM_R_WriteCompare
 250              	.LVL26:
 163:.\main.c      ****     PWM_L_WriteCompare(3900);
 251              		.loc 1 163 0
 252 001c 0548     		ldr	r0, .L14+8
 253 001e FFF7FEFF 		bl	PWM_L_WriteCompare
 254              	.LVL27:
 164:.\main.c      ****     CyDelay(50);
 255              		.loc 1 164 0
 256 0022 3220     		mov	r0, #50
 257 0024 FFF7FEFF 		bl	CyDelay
 258              	.LVL28:
 165:.\main.c      **** }
 259              		.loc 1 165 0
 260              		@ sp needed
 261 0028 08BD     		pop	{r3, pc}
 262              	.L15:
 263 002a C046     		.align	2
 264              	.L14:
 265 002c 34000000 		.word	.LC8
 266 0030 18150000 		.word	5400
 267 0034 3C0F0000 		.word	3900
 268              		.cfi_endproc
 269              	.LFE38:
 270              		.size	Forward, .-Forward
 271              		.section	.text.IntToString,"ax",%progbits
 272              		.align	2
 273              		.global	IntToString
 274              		.code	16
 275              		.thumb_func
 276              		.type	IntToString, %function
 277              	IntToString:
 278              	.LFB39:
 166:.\main.c      **** 
 167:.\main.c      **** void IntToString(char *str, int number)// Áî±Êï∞ÂÄºÂèòÊç¢‰∏∫Â≠óÁ¨¶‰∏≤ÁöÑÂáΩÊï∞
 168:.\main.c      **** {
 279              		.loc 1 168 0
 280              		.cfi_startproc
 281              	.LVL29:
 282 0000 08B5     		push	{r3, lr}
 283              		.cfi_def_cfa_offset 8
 284              		.cfi_offset 3, -8
 285              		.cfi_offset 14, -4
 286 0002 0A1C     		mov	r2, r1
 169:.\main.c      ****     sprintf(str, "%d", number);
 287              		.loc 1 169 0
ARM GAS  C:\Users\lenovo\AppData\Local\Temp\ccvHjfpD.s 			page 9


 288 0004 0149     		ldr	r1, .L17
 289              	.LVL30:
 290 0006 FFF7FEFF 		bl	sprintf
 291              	.LVL31:
 170:.\main.c      **** }
 292              		.loc 1 170 0
 293              		@ sp needed
 294 000a 08BD     		pop	{r3, pc}
 295              	.L18:
 296              		.align	2
 297              	.L17:
 298 000c 3C000000 		.word	.LC10
 299              		.cfi_endproc
 300              	.LFE39:
 301              		.size	IntToString, .-IntToString
 302              		.global	__aeabi_ui2d
 303              		.global	__aeabi_dmul
 304              		.global	__aeabi_dsub
 305              		.global	__aeabi_ddiv
 306              		.global	__aeabi_d2f
 307              		.global	__aeabi_f2iz
 308              		.section	.text.main,"ax",%progbits
 309              		.align	2
 310              		.global	main
 311              		.code	16
 312              		.thumb_func
 313              		.type	main, %function
 314              	main:
 315              	.LFB33:
  23:.\main.c      ****     //ËÆæÂ§áÂàùÂßãÂåñÈÉ®ÂàÜ
 316              		.loc 1 23 0
 317              		.cfi_startproc
 318 0000 38B5     		push	{r3, r4, r5, lr}
 319              		.cfi_def_cfa_offset 16
 320              		.cfi_offset 3, -16
 321              		.cfi_offset 4, -12
 322              		.cfi_offset 5, -8
 323              		.cfi_offset 14, -4
  26:.\main.c      ****     PWM_L_Start();
 324              		.loc 1 26 0
 325 0002 FFF7FEFF 		bl	PWM_R_Start
 326              	.LVL32:
  27:.\main.c      ****     //LCD ÂàùÂßãÂåñ
 327              		.loc 1 27 0
 328 0006 FFF7FEFF 		bl	PWM_L_Start
 329              	.LVL33:
  29:.\main.c      ****     LCD_Char_LoadCustomFonts(LCD_Char_customFonts);
 330              		.loc 1 29 0
 331 000a FFF7FEFF 		bl	LCD_Char_Start
 332              	.LVL34:
  30:.\main.c      ****     LCD_Char_ClearDisplay();
 333              		.loc 1 30 0
 334 000e 5448     		ldr	r0, .L27
 335 0010 FFF7FEFF 		bl	LCD_Char_LoadCustomFonts
 336              	.LVL35:
  31:.\main.c      ****     LCD_Char_Position(0,0);
 337              		.loc 1 31 0
ARM GAS  C:\Users\lenovo\AppData\Local\Temp\ccvHjfpD.s 			page 10


 338 0014 0120     		mov	r0, #1
 339 0016 FFF7FEFF 		bl	LCD_Char_WriteControl
 340              	.LVL36:
  32:.\main.c      ****     CyGlobalIntEnable;
 341              		.loc 1 32 0
 342 001a 0020     		mov	r0, #0
 343 001c 0021     		mov	r1, #0
 344 001e FFF7FEFF 		bl	LCD_Char_Position
 345              	.LVL37:
  33:.\main.c      ****     //ADC ÂàùÂßãÂåñ
 346              		.loc 1 33 0
 347              	@ 33 ".\main.c" 1
 348 0022 62B6     		CPSIE   i
 349              	@ 0 "" 2
  35:.\main.c      ****     ADC_SAR_Seq_StartConvert();
 350              		.loc 1 35 0
 351              		.code	16
 352 0024 FFF7FEFF 		bl	ADC_SAR_Seq_Start
 353              	.LVL38:
  36:.\main.c      **** 
 354              		.loc 1 36 0
 355 0028 FFF7FEFF 		bl	ADC_SAR_Seq_StartConvert
 356              	.LVL39:
 357              	.L26:
  42:.\main.c      ****         ADC_Result_L = ADC_SAR_Seq_GetResult16(0);
 358              		.loc 1 42 0
 359 002c 0220     		mov	r0, #2
 360 002e FFF7FEFF 		bl	ADC_SAR_Seq_IsEndConversion
 361              	.LVL40:
  43:.\main.c      ****         ADC_Result_R = ADC_SAR_Seq_GetResult16(1);
 362              		.loc 1 43 0
 363 0032 0020     		mov	r0, #0
 364 0034 FFF7FEFF 		bl	ADC_SAR_Seq_GetResult16
 365              	.LVL41:
 366 0038 4A4C     		ldr	r4, .L27+4
 367 003a 2060     		str	r0, [r4]
  44:.\main.c      ****         //Â∑¶‰æßÁ∫¢Â§ñÊï∞ÊçÆÂ§ÑÁêÜ
 368              		.loc 1 44 0
 369 003c 0120     		mov	r0, #1
 370 003e FFF7FEFF 		bl	ADC_SAR_Seq_GetResult16
 371              	.LVL42:
 372 0042 6060     		str	r0, [r4, #4]
  46:.\main.c      ****         if(ADC_Result_L>0)
 373              		.loc 1 46 0
 374 0044 2268     		ldr	r2, [r4]
 375 0046 484B     		ldr	r3, .L27+8
 376 0048 9A42     		cmp	r2, r3
 377 004a 02D9     		bls	.L20
  46:.\main.c      ****         if(ADC_Result_L>0)
 378              		.loc 1 46 0 is_stmt 0 discriminator 1
 379 004c 0022     		mov	r2, #0
 380 004e 454B     		ldr	r3, .L27+4
 381 0050 1A60     		str	r2, [r3]
 382              	.L20:
  47:.\main.c      ****         {
 383              		.loc 1 47 0 is_stmt 1
 384 0052 444B     		ldr	r3, .L27+4
ARM GAS  C:\Users\lenovo\AppData\Local\Temp\ccvHjfpD.s 			page 11


 385 0054 1868     		ldr	r0, [r3]
 386 0056 0028     		cmp	r0, #0
 387 0058 28D0     		beq	.L21
  49:.\main.c      ****             dis_L=(int)dist_L;
 388              		.loc 1 49 0
 389 005a FFF7FEFF 		bl	__aeabi_ui2d
 390              	.LVL43:
 391 005e 434A     		ldr	r2, .L27+12
 392 0060 434B     		ldr	r3, .L27+16
 393 0062 FFF7FEFF 		bl	__aeabi_dmul
 394              	.LVL44:
 395 0066 434A     		ldr	r2, .L27+20
 396 0068 434B     		ldr	r3, .L27+24
 397 006a FFF7FEFF 		bl	__aeabi_dsub
 398              	.LVL45:
 399 006e 021C     		mov	r2, r0
 400 0070 0B1C     		mov	r3, r1
 401 0072 0020     		mov	r0, #0
 402 0074 4149     		ldr	r1, .L27+28
 403 0076 FFF7FEFF 		bl	__aeabi_ddiv
 404              	.LVL46:
 405 007a 0022     		mov	r2, #0
 406 007c 8023     		mov	r3, #128
 407 007e DB05     		lsl	r3, r3, #23
 408 0080 FFF7FEFF 		bl	__aeabi_dsub
 409              	.LVL47:
 410 0084 FFF7FEFF 		bl	__aeabi_d2f
 411              	.LVL48:
 412 0088 3D4B     		ldr	r3, .L27+32
 413 008a 1860     		str	r0, [r3]
  50:.\main.c      ****             IntToString(string_L, dis_L);
 414              		.loc 1 50 0
 415 008c FFF7FEFF 		bl	__aeabi_f2iz
 416              	.LVL49:
 417 0090 011C     		mov	r1, r0
 418 0092 3C4B     		ldr	r3, .L27+36
 419 0094 1860     		str	r0, [r3]
  51:.\main.c      ****             LCD_Char_Position(0,0);
 420              		.loc 1 51 0
 421 0096 3C4C     		ldr	r4, .L27+40
 422 0098 201C     		mov	r0, r4
 423 009a FFF7FEFF 		bl	IntToString
 424              	.LVL50:
  52:.\main.c      ****             LCD_Char_PrintString(string_L);
 425              		.loc 1 52 0
 426 009e 0020     		mov	r0, #0
 427 00a0 0021     		mov	r1, #0
 428 00a2 FFF7FEFF 		bl	LCD_Char_Position
 429              	.LVL51:
  53:.\main.c      ****         }
 430              		.loc 1 53 0
 431 00a6 201C     		mov	r0, r4
 432 00a8 FFF7FEFF 		bl	LCD_Char_PrintString
 433              	.LVL52:
 434              	.L21:
  56:.\main.c      ****         if(ADC_Result_R>0)
 435              		.loc 1 56 0
ARM GAS  C:\Users\lenovo\AppData\Local\Temp\ccvHjfpD.s 			page 12


 436 00ac 2D4B     		ldr	r3, .L27+4
 437 00ae 5A68     		ldr	r2, [r3, #4]
 438 00b0 2D4B     		ldr	r3, .L27+8
 439 00b2 9A42     		cmp	r2, r3
 440 00b4 02D9     		bls	.L22
  56:.\main.c      ****         if(ADC_Result_R>0)
 441              		.loc 1 56 0 is_stmt 0 discriminator 1
 442 00b6 0022     		mov	r2, #0
 443 00b8 2A4B     		ldr	r3, .L27+4
 444 00ba 5A60     		str	r2, [r3, #4]
 445              	.L22:
  57:.\main.c      ****         {
 446              		.loc 1 57 0 is_stmt 1
 447 00bc 294B     		ldr	r3, .L27+4
 448 00be 5868     		ldr	r0, [r3, #4]
 449 00c0 0028     		cmp	r0, #0
 450 00c2 1CD0     		beq	.L23
  59:.\main.c      ****             dis_R=(int)dist_R;
 451              		.loc 1 59 0
 452 00c4 FFF7FEFF 		bl	__aeabi_ui2d
 453              	.LVL53:
 454 00c8 284A     		ldr	r2, .L27+12
 455 00ca 294B     		ldr	r3, .L27+16
 456 00cc FFF7FEFF 		bl	__aeabi_dmul
 457              	.LVL54:
 458 00d0 284A     		ldr	r2, .L27+20
 459 00d2 294B     		ldr	r3, .L27+24
 460 00d4 FFF7FEFF 		bl	__aeabi_dsub
 461              	.LVL55:
 462 00d8 021C     		mov	r2, r0
 463 00da 0B1C     		mov	r3, r1
 464 00dc 0020     		mov	r0, #0
 465 00de 2749     		ldr	r1, .L27+28
 466 00e0 FFF7FEFF 		bl	__aeabi_ddiv
 467              	.LVL56:
 468 00e4 0022     		mov	r2, #0
 469 00e6 8023     		mov	r3, #128
 470 00e8 DB05     		lsl	r3, r3, #23
 471 00ea FFF7FEFF 		bl	__aeabi_dsub
 472              	.LVL57:
 473 00ee FFF7FEFF 		bl	__aeabi_d2f
 474              	.LVL58:
 475 00f2 264B     		ldr	r3, .L27+44
 476 00f4 1860     		str	r0, [r3]
  60:.\main.c      ****             //IntToString(string_R, dis_R);
 477              		.loc 1 60 0
 478 00f6 FFF7FEFF 		bl	__aeabi_f2iz
 479              	.LVL59:
 480 00fa 254B     		ldr	r3, .L27+48
 481 00fc 1860     		str	r0, [r3]
 482              	.L23:
  83:.\main.c      ****         {
 483              		.loc 1 83 0
 484 00fe FFF7FEFF 		bl	Bumper_L_Read
 485              	.LVL60:
 486 0102 0028     		cmp	r0, #0
 487 0104 03D0     		beq	.L24
ARM GAS  C:\Users\lenovo\AppData\Local\Temp\ccvHjfpD.s 			page 13


  83:.\main.c      ****         {
 488              		.loc 1 83 0 is_stmt 0 discriminator 1
 489 0106 FFF7FEFF 		bl	Bumper_R_Read
 490              	.LVL61:
 491 010a 0128     		cmp	r0, #1
 492 010c 03D1     		bne	.L25
 493              	.L24:
  85:.\main.c      ****             TurnRight();
 494              		.loc 1 85 0 is_stmt 1
 495 010e FFF7FEFF 		bl	Backward
 496              	.LVL62:
  86:.\main.c      ****         }
 497              		.loc 1 86 0
 498 0112 FFF7FEFF 		bl	TurnRight
 499              	.LVL63:
 500              	.L25:
  89:.\main.c      ****         e1 = e;
 501              		.loc 1 89 0
 502 0116 134C     		ldr	r4, .L27+4
 503 0118 E368     		ldr	r3, [r4, #12]
 504 011a A360     		str	r3, [r4, #8]
  90:.\main.c      ****         e = dis_L-25;
 505              		.loc 1 90 0
 506 011c 2369     		ldr	r3, [r4, #16]
 507 011e E360     		str	r3, [r4, #12]
  91:.\main.c      ****         //ÁîµÊú∫ÊéßÂà∂
 508              		.loc 1 91 0
 509 0120 184B     		ldr	r3, .L27+36
 510 0122 1B68     		ldr	r3, [r3]
 511 0124 193B     		sub	r3, r3, #25
 512 0126 2361     		str	r3, [r4, #16]
  93:.\main.c      ****         PWM_controlled_R = 5100+100*e+50*(e+e1+e2)+10*(e-e1);
 513              		.loc 1 93 0
 514 0128 1A48     		ldr	r0, .L27+52
 515 012a FFF7FEFF 		bl	PWM_L_WriteCompare
 516              	.LVL64:
  94:.\main.c      ****         PWM_R_WriteCompare(PWM_controlled_R);
 517              		.loc 1 94 0
 518 012e 2269     		ldr	r2, [r4, #16]
 519 0130 6420     		mov	r0, #100
 520 0132 5043     		mul	r0, r2
 521 0134 184B     		ldr	r3, .L27+56
 522 0136 C518     		add	r5, r0, r3
 523 0138 E368     		ldr	r3, [r4, #12]
 524 013a D018     		add	r0, r2, r3
 525 013c A168     		ldr	r1, [r4, #8]
 526 013e 4018     		add	r0, r0, r1
 527 0140 3221     		mov	r1, #50
 528 0142 4843     		mul	r0, r1
 529 0144 2818     		add	r0, r5, r0
 530 0146 D21A     		sub	r2, r2, r3
 531 0148 9300     		lsl	r3, r2, #2
 532 014a 9B18     		add	r3, r3, r2
 533 014c 5B00     		lsl	r3, r3, #1
 534 014e C018     		add	r0, r0, r3
 535 0150 124B     		ldr	r3, .L27+60
 536 0152 1860     		str	r0, [r3]
ARM GAS  C:\Users\lenovo\AppData\Local\Temp\ccvHjfpD.s 			page 14


  95:.\main.c      ****         CyDelay(2);        
 537              		.loc 1 95 0
 538 0154 FFF7FEFF 		bl	PWM_R_WriteCompare
 539              	.LVL65:
  96:.\main.c      ****     }
 540              		.loc 1 96 0
 541 0158 0220     		mov	r0, #2
 542 015a FFF7FEFF 		bl	CyDelay
 543              	.LVL66:
  97:.\main.c      ****     /*
 544              		.loc 1 97 0
 545 015e 65E7     		b	.L26
 546              	.L28:
 547              		.align	2
 548              	.L27:
 549 0160 00000000 		.word	LCD_Char_customFonts
 550 0164 00000000 		.word	.LANCHOR0
 551 0168 FFFF0000 		.word	65535
 552 016c F168E388 		.word	-1998362383
 553 0170 B5F8F43E 		.word	1056241845
 554 0174 92CB7F48 		.word	1216334738
 555 0178 BF7D3D3F 		.word	1060994495
 556 017c 0000E03F 		.word	1071644672
 557 0180 00000000 		.word	dist_L
 558 0184 00000000 		.word	dis_L
 559 0188 00000000 		.word	string_L
 560 018c 00000000 		.word	dist_R
 561 0190 00000000 		.word	dis_R
 562 0194 04100000 		.word	4100
 563 0198 EC130000 		.word	5100
 564 019c 00000000 		.word	PWM_controlled_R
 565              		.cfi_endproc
 566              	.LFE33:
 567              		.size	main, .-main
 568              		.comm	string_R,50,4
 569              		.comm	string_L,50,4
 570              		.comm	PWM_controlled_R,4,4
 571              		.global	e2
 572              		.global	e1
 573              		.global	e
 574              		.comm	dis_R,4,4
 575              		.comm	dis_L,4,4
 576              		.comm	dist_R,4,4
 577              		.comm	dist_L,4,4
 578              		.global	ADC_Result_R
 579              		.global	ADC_Result_L
 580              		.section	.rodata.str1.4,"aMS",%progbits,1
 581              		.align	2
 582              	.LC0:
 583 0000 5475726E 		.ascii	"Turn RightTiny\000"
 583      20526967 
 583      68745469 
 583      6E7900
 584 000f 00       		.space	1
 585              	.LC2:
 586 0010 5475726E 		.ascii	"Turn Right\000"
 586      20526967 
ARM GAS  C:\Users\lenovo\AppData\Local\Temp\ccvHjfpD.s 			page 15


 586      687400
 587 001b 00       		.space	1
 588              	.LC4:
 589 001c 5475726E 		.ascii	"Turn Left\000"
 589      204C6566 
 589      7400
 590 0026 0000     		.space	2
 591              	.LC6:
 592 0028 4261636B 		.ascii	"Backward\000"
 592      77617264 
 592      00
 593 0031 000000   		.space	3
 594              	.LC8:
 595 0034 466F7277 		.ascii	"Forward\000"
 595      61726400 
 596              	.LC10:
 597 003c 256400   		.ascii	"%d\000"
 598 003f 00       		.bss
 599              		.align	2
 600              		.set	.LANCHOR0,. + 0
 601              		.type	ADC_Result_L, %object
 602              		.size	ADC_Result_L, 4
 603              	ADC_Result_L:
 604 0000 00000000 		.space	4
 605              		.type	ADC_Result_R, %object
 606              		.size	ADC_Result_R, 4
 607              	ADC_Result_R:
 608 0004 00000000 		.space	4
 609              		.type	e2, %object
 610              		.size	e2, 4
 611              	e2:
 612 0008 00000000 		.space	4
 613              		.type	e1, %object
 614              		.size	e1, 4
 615              	e1:
 616 000c 00000000 		.space	4
 617              		.type	e, %object
 618              		.size	e, 4
 619              	e:
 620 0010 00000000 		.space	4
 621              		.text
 622              	.Letext0:
 623              		.file 2 "Generated_Source\\PSoC4/cytypes.h"
 624              		.file 3 "Generated_Source\\PSoC4/LCD_Char.h"
 625              		.file 4 "Generated_Source\\PSoC4/PWM_R.h"
 626              		.file 5 "Generated_Source\\PSoC4/PWM_L.h"
 627              		.file 6 "Generated_Source\\PSoC4/CyLib.h"
 628              		.file 7 "Generated_Source\\PSoC4/ADC_SAR_Seq.h"
 629              		.file 8 "d:\\program file\\psoccreator\\psoc creator\\3.3\\psoc creator\\import\\gnu\\arm\\4.9.3\\
 630              		.file 9 "Generated_Source\\PSoC4/Bumper_L.h"
 631              		.file 10 "Generated_Source\\PSoC4/Bumper_R.h"
 632              		.section	.debug_info,"",%progbits
 633              	.Ldebug_info0:
 634 0000 30070000 		.4byte	0x730
 635 0004 0400     		.2byte	0x4
 636 0006 00000000 		.4byte	.Ldebug_abbrev0
 637 000a 04       		.byte	0x4
ARM GAS  C:\Users\lenovo\AppData\Local\Temp\ccvHjfpD.s 			page 16


 638 000b 01       		.uleb128 0x1
 639 000c D3010000 		.4byte	.LASF52
 640 0010 01       		.byte	0x1
 641 0011 FD000000 		.4byte	.LASF53
 642 0015 1D030000 		.4byte	.LASF54
 643 0019 00000000 		.4byte	.Ldebug_ranges0+0
 644 001d 00000000 		.4byte	0
 645 0021 00000000 		.4byte	.Ldebug_line0
 646 0025 02       		.uleb128 0x2
 647 0026 01       		.byte	0x1
 648 0027 06       		.byte	0x6
 649 0028 11030000 		.4byte	.LASF0
 650 002c 02       		.uleb128 0x2
 651 002d 01       		.byte	0x1
 652 002e 08       		.byte	0x8
 653 002f 2F010000 		.4byte	.LASF1
 654 0033 02       		.uleb128 0x2
 655 0034 02       		.byte	0x2
 656 0035 05       		.byte	0x5
 657 0036 DF020000 		.4byte	.LASF2
 658 003a 02       		.uleb128 0x2
 659 003b 02       		.byte	0x2
 660 003c 07       		.byte	0x7
 661 003d 28000000 		.4byte	.LASF3
 662 0041 02       		.uleb128 0x2
 663 0042 04       		.byte	0x4
 664 0043 05       		.byte	0x5
 665 0044 FA020000 		.4byte	.LASF4
 666 0048 02       		.uleb128 0x2
 667 0049 04       		.byte	0x4
 668 004a 07       		.byte	0x7
 669 004b BA000000 		.4byte	.LASF5
 670 004f 02       		.uleb128 0x2
 671 0050 08       		.byte	0x8
 672 0051 05       		.byte	0x5
 673 0052 6A020000 		.4byte	.LASF6
 674 0056 02       		.uleb128 0x2
 675 0057 08       		.byte	0x8
 676 0058 07       		.byte	0x7
 677 0059 58010000 		.4byte	.LASF7
 678 005d 03       		.uleb128 0x3
 679 005e 04       		.byte	0x4
 680 005f 05       		.byte	0x5
 681 0060 696E7400 		.ascii	"int\000"
 682 0064 02       		.uleb128 0x2
 683 0065 04       		.byte	0x4
 684 0066 07       		.byte	0x7
 685 0067 3D010000 		.4byte	.LASF8
 686 006b 04       		.uleb128 0x4
 687 006c CC000000 		.4byte	.LASF9
 688 0070 02       		.byte	0x2
 689 0071 C2       		.byte	0xc2
 690 0072 2C000000 		.4byte	0x2c
 691 0076 04       		.uleb128 0x4
 692 0077 0F010000 		.4byte	.LASF10
 693 007b 02       		.byte	0x2
 694 007c C4       		.byte	0xc4
ARM GAS  C:\Users\lenovo\AppData\Local\Temp\ccvHjfpD.s 			page 17


 695 007d 48000000 		.4byte	0x48
 696 0081 04       		.uleb128 0x4
 697 0082 B4000000 		.4byte	.LASF11
 698 0086 02       		.byte	0x2
 699 0087 C6       		.byte	0xc6
 700 0088 33000000 		.4byte	0x33
 701 008c 02       		.uleb128 0x2
 702 008d 04       		.byte	0x4
 703 008e 04       		.byte	0x4
 704 008f 7E000000 		.4byte	.LASF12
 705 0093 02       		.uleb128 0x2
 706 0094 08       		.byte	0x8
 707 0095 04       		.byte	0x4
 708 0096 E7000000 		.4byte	.LASF13
 709 009a 04       		.uleb128 0x4
 710 009b AE000000 		.4byte	.LASF14
 711 009f 02       		.byte	0x2
 712 00a0 D3       		.byte	0xd3
 713 00a1 A5000000 		.4byte	0xa5
 714 00a5 02       		.uleb128 0x2
 715 00a6 01       		.byte	0x1
 716 00a7 08       		.byte	0x8
 717 00a8 03030000 		.4byte	.LASF15
 718 00ac 02       		.uleb128 0x2
 719 00ad 04       		.byte	0x4
 720 00ae 07       		.byte	0x7
 721 00af 61020000 		.4byte	.LASF16
 722 00b3 05       		.uleb128 0x5
 723 00b4 04       		.byte	0x4
 724 00b5 A5000000 		.4byte	0xa5
 725 00b9 05       		.uleb128 0x5
 726 00ba 04       		.byte	0x4
 727 00bb BF000000 		.4byte	0xbf
 728 00bf 06       		.uleb128 0x6
 729 00c0 A5000000 		.4byte	0xa5
 730 00c4 07       		.uleb128 0x7
 731 00c5 84000000 		.4byte	.LASF17
 732 00c9 01       		.byte	0x1
 733 00ca 72       		.byte	0x72
 734 00cb 00000000 		.4byte	.LFB34
 735 00cf 30000000 		.4byte	.LFE34-.LFB34
 736 00d3 01       		.uleb128 0x1
 737 00d4 9C       		.byte	0x9c
 738 00d5 43010000 		.4byte	0x143
 739 00d9 08       		.uleb128 0x8
 740 00da 0A000000 		.4byte	.LVL0
 741 00de 1F060000 		.4byte	0x61f
 742 00e2 F1000000 		.4byte	0xf1
 743 00e6 09       		.uleb128 0x9
 744 00e7 01       		.uleb128 0x1
 745 00e8 51       		.byte	0x51
 746 00e9 01       		.uleb128 0x1
 747 00ea 30       		.byte	0x30
 748 00eb 09       		.uleb128 0x9
 749 00ec 01       		.uleb128 0x1
 750 00ed 50       		.byte	0x50
 751 00ee 01       		.uleb128 0x1
ARM GAS  C:\Users\lenovo\AppData\Local\Temp\ccvHjfpD.s 			page 18


 752 00ef 31       		.byte	0x31
 753 00f0 00       		.byte	0
 754 00f1 08       		.uleb128 0x8
 755 00f2 10000000 		.4byte	.LVL1
 756 00f6 35060000 		.4byte	0x635
 757 00fa 08010000 		.4byte	0x108
 758 00fe 09       		.uleb128 0x9
 759 00ff 01       		.uleb128 0x1
 760 0100 50       		.byte	0x50
 761 0101 05       		.uleb128 0x5
 762 0102 03       		.byte	0x3
 763 0103 00000000 		.4byte	.LC0
 764 0107 00       		.byte	0
 765 0108 08       		.uleb128 0x8
 766 0109 16000000 		.4byte	.LVL2
 767 010d 51060000 		.4byte	0x651
 768 0111 1D010000 		.4byte	0x11d
 769 0115 09       		.uleb128 0x9
 770 0116 01       		.uleb128 0x1
 771 0117 50       		.byte	0x50
 772 0118 03       		.uleb128 0x3
 773 0119 0A       		.byte	0xa
 774 011a 6810     		.2byte	0x1068
 775 011c 00       		.byte	0
 776 011d 08       		.uleb128 0x8
 777 011e 1C000000 		.4byte	.LVL3
 778 0122 63060000 		.4byte	0x663
 779 0126 32010000 		.4byte	0x132
 780 012a 09       		.uleb128 0x9
 781 012b 01       		.uleb128 0x1
 782 012c 50       		.byte	0x50
 783 012d 03       		.uleb128 0x3
 784 012e 0A       		.byte	0xa
 785 012f CC10     		.2byte	0x10cc
 786 0131 00       		.byte	0
 787 0132 0A       		.uleb128 0xa
 788 0133 22000000 		.4byte	.LVL4
 789 0137 75060000 		.4byte	0x675
 790 013b 09       		.uleb128 0x9
 791 013c 01       		.uleb128 0x1
 792 013d 50       		.byte	0x50
 793 013e 02       		.uleb128 0x2
 794 013f 08       		.byte	0x8
 795 0140 64       		.byte	0x64
 796 0141 00       		.byte	0
 797 0142 00       		.byte	0
 798 0143 07       		.uleb128 0x7
 799 0144 E9020000 		.4byte	.LASF18
 800 0148 01       		.byte	0x1
 801 0149 7C       		.byte	0x7c
 802 014a 00000000 		.4byte	.LFB35
 803 014e 38000000 		.4byte	.LFE35-.LFB35
 804 0152 01       		.uleb128 0x1
 805 0153 9C       		.byte	0x9c
 806 0154 D6010000 		.4byte	0x1d6
 807 0158 08       		.uleb128 0x8
 808 0159 08000000 		.4byte	.LVL5
ARM GAS  C:\Users\lenovo\AppData\Local\Temp\ccvHjfpD.s 			page 19


 809 015d 86060000 		.4byte	0x686
 810 0161 6B010000 		.4byte	0x16b
 811 0165 09       		.uleb128 0x9
 812 0166 01       		.uleb128 0x1
 813 0167 50       		.byte	0x50
 814 0168 01       		.uleb128 0x1
 815 0169 31       		.byte	0x31
 816 016a 00       		.byte	0
 817 016b 08       		.uleb128 0x8
 818 016c 10000000 		.4byte	.LVL6
 819 0170 1F060000 		.4byte	0x61f
 820 0174 83010000 		.4byte	0x183
 821 0178 09       		.uleb128 0x9
 822 0179 01       		.uleb128 0x1
 823 017a 51       		.byte	0x51
 824 017b 01       		.uleb128 0x1
 825 017c 30       		.byte	0x30
 826 017d 09       		.uleb128 0x9
 827 017e 01       		.uleb128 0x1
 828 017f 50       		.byte	0x50
 829 0180 01       		.uleb128 0x1
 830 0181 31       		.byte	0x31
 831 0182 00       		.byte	0
 832 0183 08       		.uleb128 0x8
 833 0184 16000000 		.4byte	.LVL7
 834 0188 35060000 		.4byte	0x635
 835 018c 9A010000 		.4byte	0x19a
 836 0190 09       		.uleb128 0x9
 837 0191 01       		.uleb128 0x1
 838 0192 50       		.byte	0x50
 839 0193 05       		.uleb128 0x5
 840 0194 03       		.byte	0x3
 841 0195 10000000 		.4byte	.LC2
 842 0199 00       		.byte	0
 843 019a 08       		.uleb128 0x8
 844 019b 1C000000 		.4byte	.LVL8
 845 019f 51060000 		.4byte	0x651
 846 01a3 AF010000 		.4byte	0x1af
 847 01a7 09       		.uleb128 0x9
 848 01a8 01       		.uleb128 0x1
 849 01a9 50       		.byte	0x50
 850 01aa 03       		.uleb128 0x3
 851 01ab 0A       		.byte	0xa
 852 01ac B80B     		.2byte	0xbb8
 853 01ae 00       		.byte	0
 854 01af 08       		.uleb128 0x8
 855 01b0 22000000 		.4byte	.LVL9
 856 01b4 63060000 		.4byte	0x663
 857 01b8 C4010000 		.4byte	0x1c4
 858 01bc 09       		.uleb128 0x9
 859 01bd 01       		.uleb128 0x1
 860 01be 50       		.byte	0x50
 861 01bf 03       		.uleb128 0x3
 862 01c0 0A       		.byte	0xa
 863 01c1 AC0D     		.2byte	0xdac
 864 01c3 00       		.byte	0
 865 01c4 0A       		.uleb128 0xa
ARM GAS  C:\Users\lenovo\AppData\Local\Temp\ccvHjfpD.s 			page 20


 866 01c5 2A000000 		.4byte	.LVL10
 867 01c9 75060000 		.4byte	0x675
 868 01cd 09       		.uleb128 0x9
 869 01ce 01       		.uleb128 0x1
 870 01cf 50       		.byte	0x50
 871 01d0 03       		.uleb128 0x3
 872 01d1 0A       		.byte	0xa
 873 01d2 2C01     		.2byte	0x12c
 874 01d4 00       		.byte	0
 875 01d5 00       		.byte	0
 876 01d6 07       		.uleb128 0x7
 877 01d7 08030000 		.4byte	.LASF19
 878 01db 01       		.byte	0x1
 879 01dc 87       		.byte	0x87
 880 01dd 00000000 		.4byte	.LFB36
 881 01e1 38000000 		.4byte	.LFE36-.LFB36
 882 01e5 01       		.uleb128 0x1
 883 01e6 9C       		.byte	0x9c
 884 01e7 68020000 		.4byte	0x268
 885 01eb 08       		.uleb128 0x8
 886 01ec 08000000 		.4byte	.LVL11
 887 01f0 86060000 		.4byte	0x686
 888 01f4 FE010000 		.4byte	0x1fe
 889 01f8 09       		.uleb128 0x9
 890 01f9 01       		.uleb128 0x1
 891 01fa 50       		.byte	0x50
 892 01fb 01       		.uleb128 0x1
 893 01fc 31       		.byte	0x31
 894 01fd 00       		.byte	0
 895 01fe 08       		.uleb128 0x8
 896 01ff 10000000 		.4byte	.LVL12
 897 0203 1F060000 		.4byte	0x61f
 898 0207 16020000 		.4byte	0x216
 899 020b 09       		.uleb128 0x9
 900 020c 01       		.uleb128 0x1
 901 020d 51       		.byte	0x51
 902 020e 01       		.uleb128 0x1
 903 020f 30       		.byte	0x30
 904 0210 09       		.uleb128 0x9
 905 0211 01       		.uleb128 0x1
 906 0212 50       		.byte	0x50
 907 0213 01       		.uleb128 0x1
 908 0214 31       		.byte	0x31
 909 0215 00       		.byte	0
 910 0216 08       		.uleb128 0x8
 911 0217 16000000 		.4byte	.LVL13
 912 021b 35060000 		.4byte	0x635
 913 021f 2D020000 		.4byte	0x22d
 914 0223 09       		.uleb128 0x9
 915 0224 01       		.uleb128 0x1
 916 0225 50       		.byte	0x50
 917 0226 05       		.uleb128 0x5
 918 0227 03       		.byte	0x3
 919 0228 1C000000 		.4byte	.LC4
 920 022c 00       		.byte	0
 921 022d 08       		.uleb128 0x8
 922 022e 1C000000 		.4byte	.LVL14
ARM GAS  C:\Users\lenovo\AppData\Local\Temp\ccvHjfpD.s 			page 21


 923 0232 51060000 		.4byte	0x651
 924 0236 42020000 		.4byte	0x242
 925 023a 09       		.uleb128 0x9
 926 023b 01       		.uleb128 0x1
 927 023c 50       		.byte	0x50
 928 023d 03       		.uleb128 0x3
 929 023e 0A       		.byte	0xa
 930 023f EC13     		.2byte	0x13ec
 931 0241 00       		.byte	0
 932 0242 08       		.uleb128 0x8
 933 0243 22000000 		.4byte	.LVL15
 934 0247 63060000 		.4byte	0x663
 935 024b 57020000 		.4byte	0x257
 936 024f 09       		.uleb128 0x9
 937 0250 01       		.uleb128 0x1
 938 0251 50       		.byte	0x50
 939 0252 03       		.uleb128 0x3
 940 0253 0A       		.byte	0xa
 941 0254 CC10     		.2byte	0x10cc
 942 0256 00       		.byte	0
 943 0257 0A       		.uleb128 0xa
 944 0258 28000000 		.4byte	.LVL16
 945 025c 75060000 		.4byte	0x675
 946 0260 09       		.uleb128 0x9
 947 0261 01       		.uleb128 0x1
 948 0262 50       		.byte	0x50
 949 0263 02       		.uleb128 0x2
 950 0264 08       		.byte	0x8
 951 0265 64       		.byte	0x64
 952 0266 00       		.byte	0
 953 0267 00       		.byte	0
 954 0268 07       		.uleb128 0x7
 955 0269 63000000 		.4byte	.LASF20
 956 026d 01       		.byte	0x1
 957 026e 92       		.byte	0x92
 958 026f 00000000 		.4byte	.LFB37
 959 0273 38000000 		.4byte	.LFE37-.LFB37
 960 0277 01       		.uleb128 0x1
 961 0278 9C       		.byte	0x9c
 962 0279 FB020000 		.4byte	0x2fb
 963 027d 08       		.uleb128 0x8
 964 027e 08000000 		.4byte	.LVL17
 965 0282 86060000 		.4byte	0x686
 966 0286 90020000 		.4byte	0x290
 967 028a 09       		.uleb128 0x9
 968 028b 01       		.uleb128 0x1
 969 028c 50       		.byte	0x50
 970 028d 01       		.uleb128 0x1
 971 028e 31       		.byte	0x31
 972 028f 00       		.byte	0
 973 0290 08       		.uleb128 0x8
 974 0291 10000000 		.4byte	.LVL18
 975 0295 1F060000 		.4byte	0x61f
 976 0299 A8020000 		.4byte	0x2a8
 977 029d 09       		.uleb128 0x9
 978 029e 01       		.uleb128 0x1
 979 029f 51       		.byte	0x51
ARM GAS  C:\Users\lenovo\AppData\Local\Temp\ccvHjfpD.s 			page 22


 980 02a0 01       		.uleb128 0x1
 981 02a1 30       		.byte	0x30
 982 02a2 09       		.uleb128 0x9
 983 02a3 01       		.uleb128 0x1
 984 02a4 50       		.byte	0x50
 985 02a5 01       		.uleb128 0x1
 986 02a6 31       		.byte	0x31
 987 02a7 00       		.byte	0
 988 02a8 08       		.uleb128 0x8
 989 02a9 16000000 		.4byte	.LVL19
 990 02ad 35060000 		.4byte	0x635
 991 02b1 BF020000 		.4byte	0x2bf
 992 02b5 09       		.uleb128 0x9
 993 02b6 01       		.uleb128 0x1
 994 02b7 50       		.byte	0x50
 995 02b8 05       		.uleb128 0x5
 996 02b9 03       		.byte	0x3
 997 02ba 28000000 		.4byte	.LC6
 998 02be 00       		.byte	0
 999 02bf 08       		.uleb128 0x8
 1000 02c0 1C000000 		.4byte	.LVL20
 1001 02c4 51060000 		.4byte	0x651
 1002 02c8 D4020000 		.4byte	0x2d4
 1003 02cc 09       		.uleb128 0x9
 1004 02cd 01       		.uleb128 0x1
 1005 02ce 50       		.byte	0x50
 1006 02cf 03       		.uleb128 0x3
 1007 02d0 0A       		.byte	0xa
 1008 02d1 3C0F     		.2byte	0xf3c
 1009 02d3 00       		.byte	0
 1010 02d4 08       		.uleb128 0x8
 1011 02d5 22000000 		.4byte	.LVL21
 1012 02d9 63060000 		.4byte	0x663
 1013 02dd E9020000 		.4byte	0x2e9
 1014 02e1 09       		.uleb128 0x9
 1015 02e2 01       		.uleb128 0x1
 1016 02e3 50       		.byte	0x50
 1017 02e4 03       		.uleb128 0x3
 1018 02e5 0A       		.byte	0xa
 1019 02e6 1815     		.2byte	0x1518
 1020 02e8 00       		.byte	0
 1021 02e9 0A       		.uleb128 0xa
 1022 02ea 2A000000 		.4byte	.LVL22
 1023 02ee 75060000 		.4byte	0x675
 1024 02f2 09       		.uleb128 0x9
 1025 02f3 01       		.uleb128 0x1
 1026 02f4 50       		.byte	0x50
 1027 02f5 03       		.uleb128 0x3
 1028 02f6 0A       		.byte	0xa
 1029 02f7 9001     		.2byte	0x190
 1030 02f9 00       		.byte	0
 1031 02fa 00       		.byte	0
 1032 02fb 07       		.uleb128 0x7
 1033 02fc 20000000 		.4byte	.LASF21
 1034 0300 01       		.byte	0x1
 1035 0301 9D       		.byte	0x9d
 1036 0302 00000000 		.4byte	.LFB38
ARM GAS  C:\Users\lenovo\AppData\Local\Temp\ccvHjfpD.s 			page 23


 1037 0306 38000000 		.4byte	.LFE38-.LFB38
 1038 030a 01       		.uleb128 0x1
 1039 030b 9C       		.byte	0x9c
 1040 030c 8D030000 		.4byte	0x38d
 1041 0310 08       		.uleb128 0x8
 1042 0311 08000000 		.4byte	.LVL23
 1043 0315 86060000 		.4byte	0x686
 1044 0319 23030000 		.4byte	0x323
 1045 031d 09       		.uleb128 0x9
 1046 031e 01       		.uleb128 0x1
 1047 031f 50       		.byte	0x50
 1048 0320 01       		.uleb128 0x1
 1049 0321 31       		.byte	0x31
 1050 0322 00       		.byte	0
 1051 0323 08       		.uleb128 0x8
 1052 0324 10000000 		.4byte	.LVL24
 1053 0328 1F060000 		.4byte	0x61f
 1054 032c 3B030000 		.4byte	0x33b
 1055 0330 09       		.uleb128 0x9
 1056 0331 01       		.uleb128 0x1
 1057 0332 51       		.byte	0x51
 1058 0333 01       		.uleb128 0x1
 1059 0334 30       		.byte	0x30
 1060 0335 09       		.uleb128 0x9
 1061 0336 01       		.uleb128 0x1
 1062 0337 50       		.byte	0x50
 1063 0338 01       		.uleb128 0x1
 1064 0339 31       		.byte	0x31
 1065 033a 00       		.byte	0
 1066 033b 08       		.uleb128 0x8
 1067 033c 16000000 		.4byte	.LVL25
 1068 0340 35060000 		.4byte	0x635
 1069 0344 52030000 		.4byte	0x352
 1070 0348 09       		.uleb128 0x9
 1071 0349 01       		.uleb128 0x1
 1072 034a 50       		.byte	0x50
 1073 034b 05       		.uleb128 0x5
 1074 034c 03       		.byte	0x3
 1075 034d 34000000 		.4byte	.LC8
 1076 0351 00       		.byte	0
 1077 0352 08       		.uleb128 0x8
 1078 0353 1C000000 		.4byte	.LVL26
 1079 0357 51060000 		.4byte	0x651
 1080 035b 67030000 		.4byte	0x367
 1081 035f 09       		.uleb128 0x9
 1082 0360 01       		.uleb128 0x1
 1083 0361 50       		.byte	0x50
 1084 0362 03       		.uleb128 0x3
 1085 0363 0A       		.byte	0xa
 1086 0364 1815     		.2byte	0x1518
 1087 0366 00       		.byte	0
 1088 0367 08       		.uleb128 0x8
 1089 0368 22000000 		.4byte	.LVL27
 1090 036c 63060000 		.4byte	0x663
 1091 0370 7C030000 		.4byte	0x37c
 1092 0374 09       		.uleb128 0x9
 1093 0375 01       		.uleb128 0x1
ARM GAS  C:\Users\lenovo\AppData\Local\Temp\ccvHjfpD.s 			page 24


 1094 0376 50       		.byte	0x50
 1095 0377 03       		.uleb128 0x3
 1096 0378 0A       		.byte	0xa
 1097 0379 3C0F     		.2byte	0xf3c
 1098 037b 00       		.byte	0
 1099 037c 0A       		.uleb128 0xa
 1100 037d 28000000 		.4byte	.LVL28
 1101 0381 75060000 		.4byte	0x675
 1102 0385 09       		.uleb128 0x9
 1103 0386 01       		.uleb128 0x1
 1104 0387 50       		.byte	0x50
 1105 0388 02       		.uleb128 0x2
 1106 0389 08       		.byte	0x8
 1107 038a 32       		.byte	0x32
 1108 038b 00       		.byte	0
 1109 038c 00       		.byte	0
 1110 038d 0B       		.uleb128 0xb
 1111 038e D2000000 		.4byte	.LASF23
 1112 0392 01       		.byte	0x1
 1113 0393 A7       		.byte	0xa7
 1114 0394 00000000 		.4byte	.LFB39
 1115 0398 10000000 		.4byte	.LFE39-.LFB39
 1116 039c 01       		.uleb128 0x1
 1117 039d 9C       		.byte	0x9c
 1118 039e E2030000 		.4byte	0x3e2
 1119 03a2 0C       		.uleb128 0xc
 1120 03a3 73747200 		.ascii	"str\000"
 1121 03a7 01       		.byte	0x1
 1122 03a8 A7       		.byte	0xa7
 1123 03a9 B3000000 		.4byte	0xb3
 1124 03ad 00000000 		.4byte	.LLST0
 1125 03b1 0D       		.uleb128 0xd
 1126 03b2 BF010000 		.4byte	.LASF22
 1127 03b6 01       		.byte	0x1
 1128 03b7 A7       		.byte	0xa7
 1129 03b8 5D000000 		.4byte	0x5d
 1130 03bc 21000000 		.4byte	.LLST1
 1131 03c0 0A       		.uleb128 0xa
 1132 03c1 0A000000 		.4byte	.LVL31
 1133 03c5 97060000 		.4byte	0x697
 1134 03c9 09       		.uleb128 0x9
 1135 03ca 01       		.uleb128 0x1
 1136 03cb 52       		.byte	0x52
 1137 03cc 03       		.uleb128 0x3
 1138 03cd F3       		.byte	0xf3
 1139 03ce 01       		.uleb128 0x1
 1140 03cf 51       		.byte	0x51
 1141 03d0 09       		.uleb128 0x9
 1142 03d1 01       		.uleb128 0x1
 1143 03d2 51       		.byte	0x51
 1144 03d3 05       		.uleb128 0x5
 1145 03d4 03       		.byte	0x3
 1146 03d5 3C000000 		.4byte	.LC10
 1147 03d9 09       		.uleb128 0x9
 1148 03da 01       		.uleb128 0x1
 1149 03db 50       		.byte	0x50
 1150 03dc 03       		.uleb128 0x3
ARM GAS  C:\Users\lenovo\AppData\Local\Temp\ccvHjfpD.s 			page 25


 1151 03dd F3       		.byte	0xf3
 1152 03de 01       		.uleb128 0x1
 1153 03df 50       		.byte	0x50
 1154 03e0 00       		.byte	0
 1155 03e1 00       		.byte	0
 1156 03e2 0E       		.uleb128 0xe
 1157 03e3 A2020000 		.4byte	.LASF24
 1158 03e7 01       		.byte	0x1
 1159 03e8 16       		.byte	0x16
 1160 03e9 5D000000 		.4byte	0x5d
 1161 03ed 00000000 		.4byte	.LFB33
 1162 03f1 A0010000 		.4byte	.LFE33-.LFB33
 1163 03f5 01       		.uleb128 0x1
 1164 03f6 9C       		.byte	0x9c
 1165 03f7 27050000 		.4byte	0x527
 1166 03fb 0F       		.uleb128 0xf
 1167 03fc 06000000 		.4byte	.LVL32
 1168 0400 B2060000 		.4byte	0x6b2
 1169 0404 0F       		.uleb128 0xf
 1170 0405 0A000000 		.4byte	.LVL33
 1171 0409 BA060000 		.4byte	0x6ba
 1172 040d 0F       		.uleb128 0xf
 1173 040e 0E000000 		.4byte	.LVL34
 1174 0412 C2060000 		.4byte	0x6c2
 1175 0416 0F       		.uleb128 0xf
 1176 0417 14000000 		.4byte	.LVL35
 1177 041b C9060000 		.4byte	0x6c9
 1178 041f 08       		.uleb128 0x8
 1179 0420 1A000000 		.4byte	.LVL36
 1180 0424 86060000 		.4byte	0x686
 1181 0428 32040000 		.4byte	0x432
 1182 042c 09       		.uleb128 0x9
 1183 042d 01       		.uleb128 0x1
 1184 042e 50       		.byte	0x50
 1185 042f 01       		.uleb128 0x1
 1186 0430 31       		.byte	0x31
 1187 0431 00       		.byte	0
 1188 0432 08       		.uleb128 0x8
 1189 0433 22000000 		.4byte	.LVL37
 1190 0437 1F060000 		.4byte	0x61f
 1191 043b 4A040000 		.4byte	0x44a
 1192 043f 09       		.uleb128 0x9
 1193 0440 01       		.uleb128 0x1
 1194 0441 51       		.byte	0x51
 1195 0442 01       		.uleb128 0x1
 1196 0443 30       		.byte	0x30
 1197 0444 09       		.uleb128 0x9
 1198 0445 01       		.uleb128 0x1
 1199 0446 50       		.byte	0x50
 1200 0447 01       		.uleb128 0x1
 1201 0448 30       		.byte	0x30
 1202 0449 00       		.byte	0
 1203 044a 0F       		.uleb128 0xf
 1204 044b 28000000 		.4byte	.LVL38
 1205 044f E5060000 		.4byte	0x6e5
 1206 0453 0F       		.uleb128 0xf
 1207 0454 2C000000 		.4byte	.LVL39
ARM GAS  C:\Users\lenovo\AppData\Local\Temp\ccvHjfpD.s 			page 26


 1208 0458 EC060000 		.4byte	0x6ec
 1209 045c 08       		.uleb128 0x8
 1210 045d 32000000 		.4byte	.LVL40
 1211 0461 F3060000 		.4byte	0x6f3
 1212 0465 6F040000 		.4byte	0x46f
 1213 0469 09       		.uleb128 0x9
 1214 046a 01       		.uleb128 0x1
 1215 046b 50       		.byte	0x50
 1216 046c 01       		.uleb128 0x1
 1217 046d 32       		.byte	0x32
 1218 046e 00       		.byte	0
 1219 046f 08       		.uleb128 0x8
 1220 0470 38000000 		.4byte	.LVL41
 1221 0474 08070000 		.4byte	0x708
 1222 0478 82040000 		.4byte	0x482
 1223 047c 09       		.uleb128 0x9
 1224 047d 01       		.uleb128 0x1
 1225 047e 50       		.byte	0x50
 1226 047f 01       		.uleb128 0x1
 1227 0480 30       		.byte	0x30
 1228 0481 00       		.byte	0
 1229 0482 08       		.uleb128 0x8
 1230 0483 42000000 		.4byte	.LVL42
 1231 0487 08070000 		.4byte	0x708
 1232 048b 95040000 		.4byte	0x495
 1233 048f 09       		.uleb128 0x9
 1234 0490 01       		.uleb128 0x1
 1235 0491 50       		.byte	0x50
 1236 0492 01       		.uleb128 0x1
 1237 0493 31       		.byte	0x31
 1238 0494 00       		.byte	0
 1239 0495 08       		.uleb128 0x8
 1240 0496 9E000000 		.4byte	.LVL50
 1241 049a 8D030000 		.4byte	0x38d
 1242 049e A9040000 		.4byte	0x4a9
 1243 04a2 09       		.uleb128 0x9
 1244 04a3 01       		.uleb128 0x1
 1245 04a4 50       		.byte	0x50
 1246 04a5 02       		.uleb128 0x2
 1247 04a6 74       		.byte	0x74
 1248 04a7 00       		.sleb128 0
 1249 04a8 00       		.byte	0
 1250 04a9 08       		.uleb128 0x8
 1251 04aa A6000000 		.4byte	.LVL51
 1252 04ae 1F060000 		.4byte	0x61f
 1253 04b2 C1040000 		.4byte	0x4c1
 1254 04b6 09       		.uleb128 0x9
 1255 04b7 01       		.uleb128 0x1
 1256 04b8 51       		.byte	0x51
 1257 04b9 01       		.uleb128 0x1
 1258 04ba 30       		.byte	0x30
 1259 04bb 09       		.uleb128 0x9
 1260 04bc 01       		.uleb128 0x1
 1261 04bd 50       		.byte	0x50
 1262 04be 01       		.uleb128 0x1
 1263 04bf 30       		.byte	0x30
 1264 04c0 00       		.byte	0
ARM GAS  C:\Users\lenovo\AppData\Local\Temp\ccvHjfpD.s 			page 27


 1265 04c1 08       		.uleb128 0x8
 1266 04c2 AC000000 		.4byte	.LVL52
 1267 04c6 35060000 		.4byte	0x635
 1268 04ca D5040000 		.4byte	0x4d5
 1269 04ce 09       		.uleb128 0x9
 1270 04cf 01       		.uleb128 0x1
 1271 04d0 50       		.byte	0x50
 1272 04d1 02       		.uleb128 0x2
 1273 04d2 74       		.byte	0x74
 1274 04d3 00       		.sleb128 0
 1275 04d4 00       		.byte	0
 1276 04d5 0F       		.uleb128 0xf
 1277 04d6 02010000 		.4byte	.LVL60
 1278 04da 1D070000 		.4byte	0x71d
 1279 04de 0F       		.uleb128 0xf
 1280 04df 0A010000 		.4byte	.LVL61
 1281 04e3 28070000 		.4byte	0x728
 1282 04e7 0F       		.uleb128 0xf
 1283 04e8 12010000 		.4byte	.LVL62
 1284 04ec 68020000 		.4byte	0x268
 1285 04f0 0F       		.uleb128 0xf
 1286 04f1 16010000 		.4byte	.LVL63
 1287 04f5 43010000 		.4byte	0x143
 1288 04f9 08       		.uleb128 0x8
 1289 04fa 2E010000 		.4byte	.LVL64
 1290 04fe 63060000 		.4byte	0x663
 1291 0502 0E050000 		.4byte	0x50e
 1292 0506 09       		.uleb128 0x9
 1293 0507 01       		.uleb128 0x1
 1294 0508 50       		.byte	0x50
 1295 0509 03       		.uleb128 0x3
 1296 050a 0A       		.byte	0xa
 1297 050b 0410     		.2byte	0x1004
 1298 050d 00       		.byte	0
 1299 050e 0F       		.uleb128 0xf
 1300 050f 58010000 		.4byte	.LVL65
 1301 0513 51060000 		.4byte	0x651
 1302 0517 0A       		.uleb128 0xa
 1303 0518 5E010000 		.4byte	.LVL66
 1304 051c 75060000 		.4byte	0x675
 1305 0520 09       		.uleb128 0x9
 1306 0521 01       		.uleb128 0x1
 1307 0522 50       		.byte	0x50
 1308 0523 01       		.uleb128 0x1
 1309 0524 32       		.byte	0x32
 1310 0525 00       		.byte	0
 1311 0526 00       		.byte	0
 1312 0527 10       		.uleb128 0x10
 1313 0528 6B000000 		.4byte	0x6b
 1314 052c 37050000 		.4byte	0x537
 1315 0530 11       		.uleb128 0x11
 1316 0531 AC000000 		.4byte	0xac
 1317 0535 3F       		.byte	0x3f
 1318 0536 00       		.byte	0
 1319 0537 12       		.uleb128 0x12
 1320 0538 3B000000 		.4byte	.LASF25
 1321 053c 03       		.byte	0x3
ARM GAS  C:\Users\lenovo\AppData\Local\Temp\ccvHjfpD.s 			page 28


 1322 053d 77       		.byte	0x77
 1323 053e 42050000 		.4byte	0x542
 1324 0542 06       		.uleb128 0x6
 1325 0543 27050000 		.4byte	0x527
 1326 0547 13       		.uleb128 0x13
 1327 0548 C6010000 		.4byte	.LASF26
 1328 054c 01       		.byte	0x1
 1329 054d 0F       		.byte	0xf
 1330 054e 76000000 		.4byte	0x76
 1331 0552 05       		.uleb128 0x5
 1332 0553 03       		.byte	0x3
 1333 0554 00000000 		.4byte	ADC_Result_L
 1334 0558 13       		.uleb128 0x13
 1335 0559 78020000 		.4byte	.LASF27
 1336 055d 01       		.byte	0x1
 1337 055e 0F       		.byte	0xf
 1338 055f 76000000 		.4byte	0x76
 1339 0563 05       		.uleb128 0x5
 1340 0564 03       		.byte	0x3
 1341 0565 00000000 		.4byte	ADC_Result_R
 1342 0569 13       		.uleb128 0x13
 1343 056a 85020000 		.4byte	.LASF28
 1344 056e 01       		.byte	0x1
 1345 056f 10       		.byte	0x10
 1346 0570 8C000000 		.4byte	0x8c
 1347 0574 05       		.uleb128 0x5
 1348 0575 03       		.byte	0x3
 1349 0576 00000000 		.4byte	dist_L
 1350 057a 13       		.uleb128 0x13
 1351 057b F3020000 		.4byte	.LASF29
 1352 057f 01       		.byte	0x1
 1353 0580 10       		.byte	0x10
 1354 0581 8C000000 		.4byte	0x8c
 1355 0585 05       		.uleb128 0x5
 1356 0586 03       		.byte	0x3
 1357 0587 00000000 		.4byte	dist_R
 1358 058b 13       		.uleb128 0x13
 1359 058c 59030000 		.4byte	.LASF30
 1360 0590 01       		.byte	0x1
 1361 0591 11       		.byte	0x11
 1362 0592 5D000000 		.4byte	0x5d
 1363 0596 05       		.uleb128 0x5
 1364 0597 03       		.byte	0x3
 1365 0598 00000000 		.4byte	dis_L
 1366 059c 13       		.uleb128 0x13
 1367 059d 6C000000 		.4byte	.LASF31
 1368 05a1 01       		.byte	0x1
 1369 05a2 11       		.byte	0x11
 1370 05a3 5D000000 		.4byte	0x5d
 1371 05a7 05       		.uleb128 0x5
 1372 05a8 03       		.byte	0x3
 1373 05a9 00000000 		.4byte	dis_R
 1374 05ad 14       		.uleb128 0x14
 1375 05ae 6500     		.ascii	"e\000"
 1376 05b0 01       		.byte	0x1
 1377 05b1 12       		.byte	0x12
 1378 05b2 5D000000 		.4byte	0x5d
ARM GAS  C:\Users\lenovo\AppData\Local\Temp\ccvHjfpD.s 			page 29


 1379 05b6 05       		.uleb128 0x5
 1380 05b7 03       		.byte	0x3
 1381 05b8 00000000 		.4byte	e
 1382 05bc 14       		.uleb128 0x14
 1383 05bd 653100   		.ascii	"e1\000"
 1384 05c0 01       		.byte	0x1
 1385 05c1 12       		.byte	0x12
 1386 05c2 5D000000 		.4byte	0x5d
 1387 05c6 05       		.uleb128 0x5
 1388 05c7 03       		.byte	0x3
 1389 05c8 00000000 		.4byte	e1
 1390 05cc 14       		.uleb128 0x14
 1391 05cd 653200   		.ascii	"e2\000"
 1392 05d0 01       		.byte	0x1
 1393 05d1 12       		.byte	0x12
 1394 05d2 5D000000 		.4byte	0x5d
 1395 05d6 05       		.uleb128 0x5
 1396 05d7 03       		.byte	0x3
 1397 05d8 00000000 		.4byte	e2
 1398 05dc 13       		.uleb128 0x13
 1399 05dd AE010000 		.4byte	.LASF32
 1400 05e1 01       		.byte	0x1
 1401 05e2 13       		.byte	0x13
 1402 05e3 5D000000 		.4byte	0x5d
 1403 05e7 05       		.uleb128 0x5
 1404 05e8 03       		.byte	0x3
 1405 05e9 00000000 		.4byte	PWM_controlled_R
 1406 05ed 10       		.uleb128 0x10
 1407 05ee A5000000 		.4byte	0xa5
 1408 05f2 FD050000 		.4byte	0x5fd
 1409 05f6 11       		.uleb128 0x11
 1410 05f7 AC000000 		.4byte	0xac
 1411 05fb 31       		.byte	0x31
 1412 05fc 00       		.byte	0
 1413 05fd 13       		.uleb128 0x13
 1414 05fe DE000000 		.4byte	.LASF33
 1415 0602 01       		.byte	0x1
 1416 0603 14       		.byte	0x14
 1417 0604 ED050000 		.4byte	0x5ed
 1418 0608 05       		.uleb128 0x5
 1419 0609 03       		.byte	0x3
 1420 060a 00000000 		.4byte	string_L
 1421 060e 13       		.uleb128 0x13
 1422 060f 06010000 		.4byte	.LASF34
 1423 0613 01       		.byte	0x1
 1424 0614 14       		.byte	0x14
 1425 0615 ED050000 		.4byte	0x5ed
 1426 0619 05       		.uleb128 0x5
 1427 061a 03       		.byte	0x3
 1428 061b 00000000 		.4byte	string_R
 1429 061f 15       		.uleb128 0x15
 1430 0620 00000000 		.4byte	.LASF35
 1431 0624 03       		.byte	0x3
 1432 0625 3D       		.byte	0x3d
 1433 0626 35060000 		.4byte	0x635
 1434 062a 16       		.uleb128 0x16
 1435 062b 6B000000 		.4byte	0x6b
ARM GAS  C:\Users\lenovo\AppData\Local\Temp\ccvHjfpD.s 			page 30


 1436 062f 16       		.uleb128 0x16
 1437 0630 6B000000 		.4byte	0x6b
 1438 0634 00       		.byte	0
 1439 0635 15       		.uleb128 0x15
 1440 0636 81010000 		.4byte	.LASF36
 1441 063a 03       		.byte	0x3
 1442 063b 3C       		.byte	0x3c
 1443 063c 46060000 		.4byte	0x646
 1444 0640 16       		.uleb128 0x16
 1445 0641 46060000 		.4byte	0x646
 1446 0645 00       		.byte	0
 1447 0646 05       		.uleb128 0x5
 1448 0647 04       		.byte	0x4
 1449 0648 4C060000 		.4byte	0x64c
 1450 064c 06       		.uleb128 0x6
 1451 064d 9A000000 		.4byte	0x9a
 1452 0651 17       		.uleb128 0x17
 1453 0652 A7020000 		.4byte	.LASF37
 1454 0656 04       		.byte	0x4
 1455 0657 5401     		.2byte	0x154
 1456 0659 63060000 		.4byte	0x663
 1457 065d 16       		.uleb128 0x16
 1458 065e 76000000 		.4byte	0x76
 1459 0662 00       		.byte	0
 1460 0663 17       		.uleb128 0x17
 1461 0664 50000000 		.4byte	.LASF38
 1462 0668 05       		.byte	0x5
 1463 0669 5401     		.2byte	0x154
 1464 066b 75060000 		.4byte	0x675
 1465 066f 16       		.uleb128 0x16
 1466 0670 76000000 		.4byte	0x76
 1467 0674 00       		.byte	0
 1468 0675 15       		.uleb128 0x15
 1469 0676 51030000 		.4byte	.LASF39
 1470 067a 06       		.byte	0x6
 1471 067b 57       		.byte	0x57
 1472 067c 86060000 		.4byte	0x686
 1473 0680 16       		.uleb128 0x16
 1474 0681 76000000 		.4byte	0x76
 1475 0685 00       		.byte	0
 1476 0686 15       		.uleb128 0x15
 1477 0687 8C020000 		.4byte	.LASF40
 1478 068b 03       		.byte	0x3
 1479 068c 3A       		.byte	0x3a
 1480 068d 97060000 		.4byte	0x697
 1481 0691 16       		.uleb128 0x16
 1482 0692 6B000000 		.4byte	0x6b
 1483 0696 00       		.byte	0
 1484 0697 18       		.uleb128 0x18
 1485 0698 49030000 		.4byte	.LASF47
 1486 069c 08       		.byte	0x8
 1487 069d DE       		.byte	0xde
 1488 069e 5D000000 		.4byte	0x5d
 1489 06a2 B2060000 		.4byte	0x6b2
 1490 06a6 16       		.uleb128 0x16
 1491 06a7 B3000000 		.4byte	0xb3
 1492 06ab 16       		.uleb128 0x16
ARM GAS  C:\Users\lenovo\AppData\Local\Temp\ccvHjfpD.s 			page 31


 1493 06ac B9000000 		.4byte	0xb9
 1494 06b0 19       		.uleb128 0x19
 1495 06b1 00       		.byte	0
 1496 06b2 1A       		.uleb128 0x1a
 1497 06b3 72000000 		.4byte	.LASF41
 1498 06b7 04       		.byte	0x4
 1499 06b8 3101     		.2byte	0x131
 1500 06ba 1A       		.uleb128 0x1a
 1501 06bb D3020000 		.4byte	.LASF42
 1502 06bf 05       		.byte	0x5
 1503 06c0 3101     		.2byte	0x131
 1504 06c2 1B       		.uleb128 0x1b
 1505 06c3 EE000000 		.4byte	.LASF43
 1506 06c7 03       		.byte	0x3
 1507 06c8 38       		.byte	0x38
 1508 06c9 15       		.uleb128 0x15
 1509 06ca BA020000 		.4byte	.LASF44
 1510 06ce 03       		.byte	0x3
 1511 06cf 48       		.byte	0x48
 1512 06d0 DA060000 		.4byte	0x6da
 1513 06d4 16       		.uleb128 0x16
 1514 06d5 DA060000 		.4byte	0x6da
 1515 06d9 00       		.byte	0
 1516 06da 05       		.uleb128 0x5
 1517 06db 04       		.byte	0x4
 1518 06dc E0060000 		.4byte	0x6e0
 1519 06e0 06       		.uleb128 0x6
 1520 06e1 6B000000 		.4byte	0x6b
 1521 06e5 1B       		.uleb128 0x1b
 1522 06e6 6F010000 		.4byte	.LASF45
 1523 06ea 07       		.byte	0x7
 1524 06eb 98       		.byte	0x98
 1525 06ec 1B       		.uleb128 0x1b
 1526 06ed 16010000 		.4byte	.LASF46
 1527 06f1 07       		.byte	0x7
 1528 06f2 9C       		.byte	0x9c
 1529 06f3 18       		.uleb128 0x18
 1530 06f4 92000000 		.4byte	.LASF48
 1531 06f8 07       		.byte	0x7
 1532 06f9 9E       		.byte	0x9e
 1533 06fa 76000000 		.4byte	0x76
 1534 06fe 08070000 		.4byte	0x708
 1535 0702 16       		.uleb128 0x16
 1536 0703 76000000 		.4byte	0x76
 1537 0707 00       		.byte	0
 1538 0708 18       		.uleb128 0x18
 1539 0709 96010000 		.4byte	.LASF49
 1540 070d 07       		.byte	0x7
 1541 070e 9F       		.byte	0x9f
 1542 070f 81000000 		.4byte	0x81
 1543 0713 1D070000 		.4byte	0x71d
 1544 0717 16       		.uleb128 0x16
 1545 0718 76000000 		.4byte	0x76
 1546 071c 00       		.byte	0
 1547 071d 1C       		.uleb128 0x1c
 1548 071e 4A010000 		.4byte	.LASF50
 1549 0722 09       		.byte	0x9
ARM GAS  C:\Users\lenovo\AppData\Local\Temp\ccvHjfpD.s 			page 32


 1550 0723 20       		.byte	0x20
 1551 0724 6B000000 		.4byte	0x6b
 1552 0728 1C       		.uleb128 0x1c
 1553 0729 12000000 		.4byte	.LASF51
 1554 072d 0A       		.byte	0xa
 1555 072e 20       		.byte	0x20
 1556 072f 6B000000 		.4byte	0x6b
 1557 0733 00       		.byte	0
 1558              		.section	.debug_abbrev,"",%progbits
 1559              	.Ldebug_abbrev0:
 1560 0000 01       		.uleb128 0x1
 1561 0001 11       		.uleb128 0x11
 1562 0002 01       		.byte	0x1
 1563 0003 25       		.uleb128 0x25
 1564 0004 0E       		.uleb128 0xe
 1565 0005 13       		.uleb128 0x13
 1566 0006 0B       		.uleb128 0xb
 1567 0007 03       		.uleb128 0x3
 1568 0008 0E       		.uleb128 0xe
 1569 0009 1B       		.uleb128 0x1b
 1570 000a 0E       		.uleb128 0xe
 1571 000b 55       		.uleb128 0x55
 1572 000c 17       		.uleb128 0x17
 1573 000d 11       		.uleb128 0x11
 1574 000e 01       		.uleb128 0x1
 1575 000f 10       		.uleb128 0x10
 1576 0010 17       		.uleb128 0x17
 1577 0011 00       		.byte	0
 1578 0012 00       		.byte	0
 1579 0013 02       		.uleb128 0x2
 1580 0014 24       		.uleb128 0x24
 1581 0015 00       		.byte	0
 1582 0016 0B       		.uleb128 0xb
 1583 0017 0B       		.uleb128 0xb
 1584 0018 3E       		.uleb128 0x3e
 1585 0019 0B       		.uleb128 0xb
 1586 001a 03       		.uleb128 0x3
 1587 001b 0E       		.uleb128 0xe
 1588 001c 00       		.byte	0
 1589 001d 00       		.byte	0
 1590 001e 03       		.uleb128 0x3
 1591 001f 24       		.uleb128 0x24
 1592 0020 00       		.byte	0
 1593 0021 0B       		.uleb128 0xb
 1594 0022 0B       		.uleb128 0xb
 1595 0023 3E       		.uleb128 0x3e
 1596 0024 0B       		.uleb128 0xb
 1597 0025 03       		.uleb128 0x3
 1598 0026 08       		.uleb128 0x8
 1599 0027 00       		.byte	0
 1600 0028 00       		.byte	0
 1601 0029 04       		.uleb128 0x4
 1602 002a 16       		.uleb128 0x16
 1603 002b 00       		.byte	0
 1604 002c 03       		.uleb128 0x3
 1605 002d 0E       		.uleb128 0xe
 1606 002e 3A       		.uleb128 0x3a
ARM GAS  C:\Users\lenovo\AppData\Local\Temp\ccvHjfpD.s 			page 33


 1607 002f 0B       		.uleb128 0xb
 1608 0030 3B       		.uleb128 0x3b
 1609 0031 0B       		.uleb128 0xb
 1610 0032 49       		.uleb128 0x49
 1611 0033 13       		.uleb128 0x13
 1612 0034 00       		.byte	0
 1613 0035 00       		.byte	0
 1614 0036 05       		.uleb128 0x5
 1615 0037 0F       		.uleb128 0xf
 1616 0038 00       		.byte	0
 1617 0039 0B       		.uleb128 0xb
 1618 003a 0B       		.uleb128 0xb
 1619 003b 49       		.uleb128 0x49
 1620 003c 13       		.uleb128 0x13
 1621 003d 00       		.byte	0
 1622 003e 00       		.byte	0
 1623 003f 06       		.uleb128 0x6
 1624 0040 26       		.uleb128 0x26
 1625 0041 00       		.byte	0
 1626 0042 49       		.uleb128 0x49
 1627 0043 13       		.uleb128 0x13
 1628 0044 00       		.byte	0
 1629 0045 00       		.byte	0
 1630 0046 07       		.uleb128 0x7
 1631 0047 2E       		.uleb128 0x2e
 1632 0048 01       		.byte	0x1
 1633 0049 3F       		.uleb128 0x3f
 1634 004a 19       		.uleb128 0x19
 1635 004b 03       		.uleb128 0x3
 1636 004c 0E       		.uleb128 0xe
 1637 004d 3A       		.uleb128 0x3a
 1638 004e 0B       		.uleb128 0xb
 1639 004f 3B       		.uleb128 0x3b
 1640 0050 0B       		.uleb128 0xb
 1641 0051 11       		.uleb128 0x11
 1642 0052 01       		.uleb128 0x1
 1643 0053 12       		.uleb128 0x12
 1644 0054 06       		.uleb128 0x6
 1645 0055 40       		.uleb128 0x40
 1646 0056 18       		.uleb128 0x18
 1647 0057 9742     		.uleb128 0x2117
 1648 0059 19       		.uleb128 0x19
 1649 005a 01       		.uleb128 0x1
 1650 005b 13       		.uleb128 0x13
 1651 005c 00       		.byte	0
 1652 005d 00       		.byte	0
 1653 005e 08       		.uleb128 0x8
 1654 005f 898201   		.uleb128 0x4109
 1655 0062 01       		.byte	0x1
 1656 0063 11       		.uleb128 0x11
 1657 0064 01       		.uleb128 0x1
 1658 0065 31       		.uleb128 0x31
 1659 0066 13       		.uleb128 0x13
 1660 0067 01       		.uleb128 0x1
 1661 0068 13       		.uleb128 0x13
 1662 0069 00       		.byte	0
 1663 006a 00       		.byte	0
ARM GAS  C:\Users\lenovo\AppData\Local\Temp\ccvHjfpD.s 			page 34


 1664 006b 09       		.uleb128 0x9
 1665 006c 8A8201   		.uleb128 0x410a
 1666 006f 00       		.byte	0
 1667 0070 02       		.uleb128 0x2
 1668 0071 18       		.uleb128 0x18
 1669 0072 9142     		.uleb128 0x2111
 1670 0074 18       		.uleb128 0x18
 1671 0075 00       		.byte	0
 1672 0076 00       		.byte	0
 1673 0077 0A       		.uleb128 0xa
 1674 0078 898201   		.uleb128 0x4109
 1675 007b 01       		.byte	0x1
 1676 007c 11       		.uleb128 0x11
 1677 007d 01       		.uleb128 0x1
 1678 007e 31       		.uleb128 0x31
 1679 007f 13       		.uleb128 0x13
 1680 0080 00       		.byte	0
 1681 0081 00       		.byte	0
 1682 0082 0B       		.uleb128 0xb
 1683 0083 2E       		.uleb128 0x2e
 1684 0084 01       		.byte	0x1
 1685 0085 3F       		.uleb128 0x3f
 1686 0086 19       		.uleb128 0x19
 1687 0087 03       		.uleb128 0x3
 1688 0088 0E       		.uleb128 0xe
 1689 0089 3A       		.uleb128 0x3a
 1690 008a 0B       		.uleb128 0xb
 1691 008b 3B       		.uleb128 0x3b
 1692 008c 0B       		.uleb128 0xb
 1693 008d 27       		.uleb128 0x27
 1694 008e 19       		.uleb128 0x19
 1695 008f 11       		.uleb128 0x11
 1696 0090 01       		.uleb128 0x1
 1697 0091 12       		.uleb128 0x12
 1698 0092 06       		.uleb128 0x6
 1699 0093 40       		.uleb128 0x40
 1700 0094 18       		.uleb128 0x18
 1701 0095 9742     		.uleb128 0x2117
 1702 0097 19       		.uleb128 0x19
 1703 0098 01       		.uleb128 0x1
 1704 0099 13       		.uleb128 0x13
 1705 009a 00       		.byte	0
 1706 009b 00       		.byte	0
 1707 009c 0C       		.uleb128 0xc
 1708 009d 05       		.uleb128 0x5
 1709 009e 00       		.byte	0
 1710 009f 03       		.uleb128 0x3
 1711 00a0 08       		.uleb128 0x8
 1712 00a1 3A       		.uleb128 0x3a
 1713 00a2 0B       		.uleb128 0xb
 1714 00a3 3B       		.uleb128 0x3b
 1715 00a4 0B       		.uleb128 0xb
 1716 00a5 49       		.uleb128 0x49
 1717 00a6 13       		.uleb128 0x13
 1718 00a7 02       		.uleb128 0x2
 1719 00a8 17       		.uleb128 0x17
 1720 00a9 00       		.byte	0
ARM GAS  C:\Users\lenovo\AppData\Local\Temp\ccvHjfpD.s 			page 35


 1721 00aa 00       		.byte	0
 1722 00ab 0D       		.uleb128 0xd
 1723 00ac 05       		.uleb128 0x5
 1724 00ad 00       		.byte	0
 1725 00ae 03       		.uleb128 0x3
 1726 00af 0E       		.uleb128 0xe
 1727 00b0 3A       		.uleb128 0x3a
 1728 00b1 0B       		.uleb128 0xb
 1729 00b2 3B       		.uleb128 0x3b
 1730 00b3 0B       		.uleb128 0xb
 1731 00b4 49       		.uleb128 0x49
 1732 00b5 13       		.uleb128 0x13
 1733 00b6 02       		.uleb128 0x2
 1734 00b7 17       		.uleb128 0x17
 1735 00b8 00       		.byte	0
 1736 00b9 00       		.byte	0
 1737 00ba 0E       		.uleb128 0xe
 1738 00bb 2E       		.uleb128 0x2e
 1739 00bc 01       		.byte	0x1
 1740 00bd 3F       		.uleb128 0x3f
 1741 00be 19       		.uleb128 0x19
 1742 00bf 03       		.uleb128 0x3
 1743 00c0 0E       		.uleb128 0xe
 1744 00c1 3A       		.uleb128 0x3a
 1745 00c2 0B       		.uleb128 0xb
 1746 00c3 3B       		.uleb128 0x3b
 1747 00c4 0B       		.uleb128 0xb
 1748 00c5 49       		.uleb128 0x49
 1749 00c6 13       		.uleb128 0x13
 1750 00c7 11       		.uleb128 0x11
 1751 00c8 01       		.uleb128 0x1
 1752 00c9 12       		.uleb128 0x12
 1753 00ca 06       		.uleb128 0x6
 1754 00cb 40       		.uleb128 0x40
 1755 00cc 18       		.uleb128 0x18
 1756 00cd 9642     		.uleb128 0x2116
 1757 00cf 19       		.uleb128 0x19
 1758 00d0 01       		.uleb128 0x1
 1759 00d1 13       		.uleb128 0x13
 1760 00d2 00       		.byte	0
 1761 00d3 00       		.byte	0
 1762 00d4 0F       		.uleb128 0xf
 1763 00d5 898201   		.uleb128 0x4109
 1764 00d8 00       		.byte	0
 1765 00d9 11       		.uleb128 0x11
 1766 00da 01       		.uleb128 0x1
 1767 00db 31       		.uleb128 0x31
 1768 00dc 13       		.uleb128 0x13
 1769 00dd 00       		.byte	0
 1770 00de 00       		.byte	0
 1771 00df 10       		.uleb128 0x10
 1772 00e0 01       		.uleb128 0x1
 1773 00e1 01       		.byte	0x1
 1774 00e2 49       		.uleb128 0x49
 1775 00e3 13       		.uleb128 0x13
 1776 00e4 01       		.uleb128 0x1
 1777 00e5 13       		.uleb128 0x13
ARM GAS  C:\Users\lenovo\AppData\Local\Temp\ccvHjfpD.s 			page 36


 1778 00e6 00       		.byte	0
 1779 00e7 00       		.byte	0
 1780 00e8 11       		.uleb128 0x11
 1781 00e9 21       		.uleb128 0x21
 1782 00ea 00       		.byte	0
 1783 00eb 49       		.uleb128 0x49
 1784 00ec 13       		.uleb128 0x13
 1785 00ed 2F       		.uleb128 0x2f
 1786 00ee 0B       		.uleb128 0xb
 1787 00ef 00       		.byte	0
 1788 00f0 00       		.byte	0
 1789 00f1 12       		.uleb128 0x12
 1790 00f2 34       		.uleb128 0x34
 1791 00f3 00       		.byte	0
 1792 00f4 03       		.uleb128 0x3
 1793 00f5 0E       		.uleb128 0xe
 1794 00f6 3A       		.uleb128 0x3a
 1795 00f7 0B       		.uleb128 0xb
 1796 00f8 3B       		.uleb128 0x3b
 1797 00f9 0B       		.uleb128 0xb
 1798 00fa 49       		.uleb128 0x49
 1799 00fb 13       		.uleb128 0x13
 1800 00fc 3F       		.uleb128 0x3f
 1801 00fd 19       		.uleb128 0x19
 1802 00fe 3C       		.uleb128 0x3c
 1803 00ff 19       		.uleb128 0x19
 1804 0100 00       		.byte	0
 1805 0101 00       		.byte	0
 1806 0102 13       		.uleb128 0x13
 1807 0103 34       		.uleb128 0x34
 1808 0104 00       		.byte	0
 1809 0105 03       		.uleb128 0x3
 1810 0106 0E       		.uleb128 0xe
 1811 0107 3A       		.uleb128 0x3a
 1812 0108 0B       		.uleb128 0xb
 1813 0109 3B       		.uleb128 0x3b
 1814 010a 0B       		.uleb128 0xb
 1815 010b 49       		.uleb128 0x49
 1816 010c 13       		.uleb128 0x13
 1817 010d 3F       		.uleb128 0x3f
 1818 010e 19       		.uleb128 0x19
 1819 010f 02       		.uleb128 0x2
 1820 0110 18       		.uleb128 0x18
 1821 0111 00       		.byte	0
 1822 0112 00       		.byte	0
 1823 0113 14       		.uleb128 0x14
 1824 0114 34       		.uleb128 0x34
 1825 0115 00       		.byte	0
 1826 0116 03       		.uleb128 0x3
 1827 0117 08       		.uleb128 0x8
 1828 0118 3A       		.uleb128 0x3a
 1829 0119 0B       		.uleb128 0xb
 1830 011a 3B       		.uleb128 0x3b
 1831 011b 0B       		.uleb128 0xb
 1832 011c 49       		.uleb128 0x49
 1833 011d 13       		.uleb128 0x13
 1834 011e 3F       		.uleb128 0x3f
ARM GAS  C:\Users\lenovo\AppData\Local\Temp\ccvHjfpD.s 			page 37


 1835 011f 19       		.uleb128 0x19
 1836 0120 02       		.uleb128 0x2
 1837 0121 18       		.uleb128 0x18
 1838 0122 00       		.byte	0
 1839 0123 00       		.byte	0
 1840 0124 15       		.uleb128 0x15
 1841 0125 2E       		.uleb128 0x2e
 1842 0126 01       		.byte	0x1
 1843 0127 3F       		.uleb128 0x3f
 1844 0128 19       		.uleb128 0x19
 1845 0129 03       		.uleb128 0x3
 1846 012a 0E       		.uleb128 0xe
 1847 012b 3A       		.uleb128 0x3a
 1848 012c 0B       		.uleb128 0xb
 1849 012d 3B       		.uleb128 0x3b
 1850 012e 0B       		.uleb128 0xb
 1851 012f 27       		.uleb128 0x27
 1852 0130 19       		.uleb128 0x19
 1853 0131 3C       		.uleb128 0x3c
 1854 0132 19       		.uleb128 0x19
 1855 0133 01       		.uleb128 0x1
 1856 0134 13       		.uleb128 0x13
 1857 0135 00       		.byte	0
 1858 0136 00       		.byte	0
 1859 0137 16       		.uleb128 0x16
 1860 0138 05       		.uleb128 0x5
 1861 0139 00       		.byte	0
 1862 013a 49       		.uleb128 0x49
 1863 013b 13       		.uleb128 0x13
 1864 013c 00       		.byte	0
 1865 013d 00       		.byte	0
 1866 013e 17       		.uleb128 0x17
 1867 013f 2E       		.uleb128 0x2e
 1868 0140 01       		.byte	0x1
 1869 0141 3F       		.uleb128 0x3f
 1870 0142 19       		.uleb128 0x19
 1871 0143 03       		.uleb128 0x3
 1872 0144 0E       		.uleb128 0xe
 1873 0145 3A       		.uleb128 0x3a
 1874 0146 0B       		.uleb128 0xb
 1875 0147 3B       		.uleb128 0x3b
 1876 0148 05       		.uleb128 0x5
 1877 0149 27       		.uleb128 0x27
 1878 014a 19       		.uleb128 0x19
 1879 014b 3C       		.uleb128 0x3c
 1880 014c 19       		.uleb128 0x19
 1881 014d 01       		.uleb128 0x1
 1882 014e 13       		.uleb128 0x13
 1883 014f 00       		.byte	0
 1884 0150 00       		.byte	0
 1885 0151 18       		.uleb128 0x18
 1886 0152 2E       		.uleb128 0x2e
 1887 0153 01       		.byte	0x1
 1888 0154 3F       		.uleb128 0x3f
 1889 0155 19       		.uleb128 0x19
 1890 0156 03       		.uleb128 0x3
 1891 0157 0E       		.uleb128 0xe
ARM GAS  C:\Users\lenovo\AppData\Local\Temp\ccvHjfpD.s 			page 38


 1892 0158 3A       		.uleb128 0x3a
 1893 0159 0B       		.uleb128 0xb
 1894 015a 3B       		.uleb128 0x3b
 1895 015b 0B       		.uleb128 0xb
 1896 015c 27       		.uleb128 0x27
 1897 015d 19       		.uleb128 0x19
 1898 015e 49       		.uleb128 0x49
 1899 015f 13       		.uleb128 0x13
 1900 0160 3C       		.uleb128 0x3c
 1901 0161 19       		.uleb128 0x19
 1902 0162 01       		.uleb128 0x1
 1903 0163 13       		.uleb128 0x13
 1904 0164 00       		.byte	0
 1905 0165 00       		.byte	0
 1906 0166 19       		.uleb128 0x19
 1907 0167 18       		.uleb128 0x18
 1908 0168 00       		.byte	0
 1909 0169 00       		.byte	0
 1910 016a 00       		.byte	0
 1911 016b 1A       		.uleb128 0x1a
 1912 016c 2E       		.uleb128 0x2e
 1913 016d 00       		.byte	0
 1914 016e 3F       		.uleb128 0x3f
 1915 016f 19       		.uleb128 0x19
 1916 0170 03       		.uleb128 0x3
 1917 0171 0E       		.uleb128 0xe
 1918 0172 3A       		.uleb128 0x3a
 1919 0173 0B       		.uleb128 0xb
 1920 0174 3B       		.uleb128 0x3b
 1921 0175 05       		.uleb128 0x5
 1922 0176 27       		.uleb128 0x27
 1923 0177 19       		.uleb128 0x19
 1924 0178 3C       		.uleb128 0x3c
 1925 0179 19       		.uleb128 0x19
 1926 017a 00       		.byte	0
 1927 017b 00       		.byte	0
 1928 017c 1B       		.uleb128 0x1b
 1929 017d 2E       		.uleb128 0x2e
 1930 017e 00       		.byte	0
 1931 017f 3F       		.uleb128 0x3f
 1932 0180 19       		.uleb128 0x19
 1933 0181 03       		.uleb128 0x3
 1934 0182 0E       		.uleb128 0xe
 1935 0183 3A       		.uleb128 0x3a
 1936 0184 0B       		.uleb128 0xb
 1937 0185 3B       		.uleb128 0x3b
 1938 0186 0B       		.uleb128 0xb
 1939 0187 27       		.uleb128 0x27
 1940 0188 19       		.uleb128 0x19
 1941 0189 3C       		.uleb128 0x3c
 1942 018a 19       		.uleb128 0x19
 1943 018b 00       		.byte	0
 1944 018c 00       		.byte	0
 1945 018d 1C       		.uleb128 0x1c
 1946 018e 2E       		.uleb128 0x2e
 1947 018f 00       		.byte	0
 1948 0190 3F       		.uleb128 0x3f
ARM GAS  C:\Users\lenovo\AppData\Local\Temp\ccvHjfpD.s 			page 39


 1949 0191 19       		.uleb128 0x19
 1950 0192 03       		.uleb128 0x3
 1951 0193 0E       		.uleb128 0xe
 1952 0194 3A       		.uleb128 0x3a
 1953 0195 0B       		.uleb128 0xb
 1954 0196 3B       		.uleb128 0x3b
 1955 0197 0B       		.uleb128 0xb
 1956 0198 27       		.uleb128 0x27
 1957 0199 19       		.uleb128 0x19
 1958 019a 49       		.uleb128 0x49
 1959 019b 13       		.uleb128 0x13
 1960 019c 3C       		.uleb128 0x3c
 1961 019d 19       		.uleb128 0x19
 1962 019e 00       		.byte	0
 1963 019f 00       		.byte	0
 1964 01a0 00       		.byte	0
 1965              		.section	.debug_loc,"",%progbits
 1966              	.Ldebug_loc0:
 1967              	.LLST0:
 1968 0000 00000000 		.4byte	.LVL29
 1969 0004 09000000 		.4byte	.LVL31-1
 1970 0008 0100     		.2byte	0x1
 1971 000a 50       		.byte	0x50
 1972 000b 09000000 		.4byte	.LVL31-1
 1973 000f 10000000 		.4byte	.LFE39
 1974 0013 0400     		.2byte	0x4
 1975 0015 F3       		.byte	0xf3
 1976 0016 01       		.uleb128 0x1
 1977 0017 50       		.byte	0x50
 1978 0018 9F       		.byte	0x9f
 1979 0019 00000000 		.4byte	0
 1980 001d 00000000 		.4byte	0
 1981              	.LLST1:
 1982 0021 00000000 		.4byte	.LVL29
 1983 0025 06000000 		.4byte	.LVL30
 1984 0029 0100     		.2byte	0x1
 1985 002b 51       		.byte	0x51
 1986 002c 06000000 		.4byte	.LVL30
 1987 0030 09000000 		.4byte	.LVL31-1
 1988 0034 0100     		.2byte	0x1
 1989 0036 52       		.byte	0x52
 1990 0037 09000000 		.4byte	.LVL31-1
 1991 003b 10000000 		.4byte	.LFE39
 1992 003f 0400     		.2byte	0x4
 1993 0041 F3       		.byte	0xf3
 1994 0042 01       		.uleb128 0x1
 1995 0043 51       		.byte	0x51
 1996 0044 9F       		.byte	0x9f
 1997 0045 00000000 		.4byte	0
 1998 0049 00000000 		.4byte	0
 1999              		.section	.debug_aranges,"",%progbits
 2000 0000 4C000000 		.4byte	0x4c
 2001 0004 0200     		.2byte	0x2
 2002 0006 00000000 		.4byte	.Ldebug_info0
 2003 000a 04       		.byte	0x4
 2004 000b 00       		.byte	0
 2005 000c 0000     		.2byte	0
ARM GAS  C:\Users\lenovo\AppData\Local\Temp\ccvHjfpD.s 			page 40


 2006 000e 0000     		.2byte	0
 2007 0010 00000000 		.4byte	.LFB34
 2008 0014 30000000 		.4byte	.LFE34-.LFB34
 2009 0018 00000000 		.4byte	.LFB35
 2010 001c 38000000 		.4byte	.LFE35-.LFB35
 2011 0020 00000000 		.4byte	.LFB36
 2012 0024 38000000 		.4byte	.LFE36-.LFB36
 2013 0028 00000000 		.4byte	.LFB37
 2014 002c 38000000 		.4byte	.LFE37-.LFB37
 2015 0030 00000000 		.4byte	.LFB38
 2016 0034 38000000 		.4byte	.LFE38-.LFB38
 2017 0038 00000000 		.4byte	.LFB39
 2018 003c 10000000 		.4byte	.LFE39-.LFB39
 2019 0040 00000000 		.4byte	.LFB33
 2020 0044 A0010000 		.4byte	.LFE33-.LFB33
 2021 0048 00000000 		.4byte	0
 2022 004c 00000000 		.4byte	0
 2023              		.section	.debug_ranges,"",%progbits
 2024              	.Ldebug_ranges0:
 2025 0000 00000000 		.4byte	.LFB34
 2026 0004 30000000 		.4byte	.LFE34
 2027 0008 00000000 		.4byte	.LFB35
 2028 000c 38000000 		.4byte	.LFE35
 2029 0010 00000000 		.4byte	.LFB36
 2030 0014 38000000 		.4byte	.LFE36
 2031 0018 00000000 		.4byte	.LFB37
 2032 001c 38000000 		.4byte	.LFE37
 2033 0020 00000000 		.4byte	.LFB38
 2034 0024 38000000 		.4byte	.LFE38
 2035 0028 00000000 		.4byte	.LFB39
 2036 002c 10000000 		.4byte	.LFE39
 2037 0030 00000000 		.4byte	.LFB33
 2038 0034 A0010000 		.4byte	.LFE33
 2039 0038 00000000 		.4byte	0
 2040 003c 00000000 		.4byte	0
 2041              		.section	.debug_line,"",%progbits
 2042              	.Ldebug_line0:
 2043 0000 E4010000 		.section	.debug_str,"MS",%progbits,1
 2043      02000F01 
 2043      00000201 
 2043      FB0E0D00 
 2043      01010101 
 2044              	.LASF35:
 2045 0000 4C43445F 		.ascii	"LCD_Char_Position\000"
 2045      43686172 
 2045      5F506F73 
 2045      6974696F 
 2045      6E00
 2046              	.LASF51:
 2047 0012 42756D70 		.ascii	"Bumper_R_Read\000"
 2047      65725F52 
 2047      5F526561 
 2047      6400
 2048              	.LASF21:
 2049 0020 466F7277 		.ascii	"Forward\000"
 2049      61726400 
 2050              	.LASF3:
ARM GAS  C:\Users\lenovo\AppData\Local\Temp\ccvHjfpD.s 			page 41


 2051 0028 73686F72 		.ascii	"short unsigned int\000"
 2051      7420756E 
 2051      7369676E 
 2051      65642069 
 2051      6E7400
 2052              	.LASF25:
 2053 003b 4C43445F 		.ascii	"LCD_Char_customFonts\000"
 2053      43686172 
 2053      5F637573 
 2053      746F6D46 
 2053      6F6E7473 
 2054              	.LASF38:
 2055 0050 50574D5F 		.ascii	"PWM_L_WriteCompare\000"
 2055      4C5F5772 
 2055      69746543 
 2055      6F6D7061 
 2055      726500
 2056              	.LASF20:
 2057 0063 4261636B 		.ascii	"Backward\000"
 2057      77617264 
 2057      00
 2058              	.LASF31:
 2059 006c 6469735F 		.ascii	"dis_R\000"
 2059      5200
 2060              	.LASF41:
 2061 0072 50574D5F 		.ascii	"PWM_R_Start\000"
 2061      525F5374 
 2061      61727400 
 2062              	.LASF12:
 2063 007e 666C6F61 		.ascii	"float\000"
 2063      7400
 2064              	.LASF17:
 2065 0084 5475726E 		.ascii	"TurnRightTiny\000"
 2065      52696768 
 2065      7454696E 
 2065      7900
 2066              	.LASF48:
 2067 0092 4144435F 		.ascii	"ADC_SAR_Seq_IsEndConversion\000"
 2067      5341525F 
 2067      5365715F 
 2067      4973456E 
 2067      64436F6E 
 2068              	.LASF14:
 2069 00ae 63686172 		.ascii	"char8\000"
 2069      3800
 2070              	.LASF11:
 2071 00b4 696E7431 		.ascii	"int16\000"
 2071      3600
 2072              	.LASF5:
 2073 00ba 6C6F6E67 		.ascii	"long unsigned int\000"
 2073      20756E73 
 2073      69676E65 
 2073      6420696E 
 2073      7400
 2074              	.LASF9:
 2075 00cc 75696E74 		.ascii	"uint8\000"
 2075      3800
ARM GAS  C:\Users\lenovo\AppData\Local\Temp\ccvHjfpD.s 			page 42


 2076              	.LASF23:
 2077 00d2 496E7454 		.ascii	"IntToString\000"
 2077      6F537472 
 2077      696E6700 
 2078              	.LASF33:
 2079 00de 73747269 		.ascii	"string_L\000"
 2079      6E675F4C 
 2079      00
 2080              	.LASF13:
 2081 00e7 646F7562 		.ascii	"double\000"
 2081      6C6500
 2082              	.LASF43:
 2083 00ee 4C43445F 		.ascii	"LCD_Char_Start\000"
 2083      43686172 
 2083      5F537461 
 2083      727400
 2084              	.LASF53:
 2085 00fd 2E5C6D61 		.ascii	".\\main.c\000"
 2085      696E2E63 
 2085      00
 2086              	.LASF34:
 2087 0106 73747269 		.ascii	"string_R\000"
 2087      6E675F52 
 2087      00
 2088              	.LASF10:
 2089 010f 75696E74 		.ascii	"uint32\000"
 2089      333200
 2090              	.LASF46:
 2091 0116 4144435F 		.ascii	"ADC_SAR_Seq_StartConvert\000"
 2091      5341525F 
 2091      5365715F 
 2091      53746172 
 2091      74436F6E 
 2092              	.LASF1:
 2093 012f 756E7369 		.ascii	"unsigned char\000"
 2093      676E6564 
 2093      20636861 
 2093      7200
 2094              	.LASF8:
 2095 013d 756E7369 		.ascii	"unsigned int\000"
 2095      676E6564 
 2095      20696E74 
 2095      00
 2096              	.LASF50:
 2097 014a 42756D70 		.ascii	"Bumper_L_Read\000"
 2097      65725F4C 
 2097      5F526561 
 2097      6400
 2098              	.LASF7:
 2099 0158 6C6F6E67 		.ascii	"long long unsigned int\000"
 2099      206C6F6E 
 2099      6720756E 
 2099      7369676E 
 2099      65642069 
 2100              	.LASF45:
 2101 016f 4144435F 		.ascii	"ADC_SAR_Seq_Start\000"
 2101      5341525F 
ARM GAS  C:\Users\lenovo\AppData\Local\Temp\ccvHjfpD.s 			page 43


 2101      5365715F 
 2101      53746172 
 2101      7400
 2102              	.LASF36:
 2103 0181 4C43445F 		.ascii	"LCD_Char_PrintString\000"
 2103      43686172 
 2103      5F507269 
 2103      6E745374 
 2103      72696E67 
 2104              	.LASF49:
 2105 0196 4144435F 		.ascii	"ADC_SAR_Seq_GetResult16\000"
 2105      5341525F 
 2105      5365715F 
 2105      47657452 
 2105      6573756C 
 2106              	.LASF32:
 2107 01ae 50574D5F 		.ascii	"PWM_controlled_R\000"
 2107      636F6E74 
 2107      726F6C6C 
 2107      65645F52 
 2107      00
 2108              	.LASF22:
 2109 01bf 6E756D62 		.ascii	"number\000"
 2109      657200
 2110              	.LASF26:
 2111 01c6 4144435F 		.ascii	"ADC_Result_L\000"
 2111      52657375 
 2111      6C745F4C 
 2111      00
 2112              	.LASF52:
 2113 01d3 474E5520 		.ascii	"GNU C 4.9.3 20150303 (release) [ARM/embedded-4_9-br"
 2113      4320342E 
 2113      392E3320 
 2113      32303135 
 2113      30333033 
 2114 0206 616E6368 		.ascii	"anch revision 221220] -mcpu=cortex-m0 -mthumb -g -O"
 2114      20726576 
 2114      6973696F 
 2114      6E203232 
 2114      31323230 
 2115 0239 67202D66 		.ascii	"g -ffunction-sections -ffat-lto-objects\000"
 2115      66756E63 
 2115      74696F6E 
 2115      2D736563 
 2115      74696F6E 
 2116              	.LASF16:
 2117 0261 73697A65 		.ascii	"sizetype\000"
 2117      74797065 
 2117      00
 2118              	.LASF6:
 2119 026a 6C6F6E67 		.ascii	"long long int\000"
 2119      206C6F6E 
 2119      6720696E 
 2119      7400
 2120              	.LASF27:
 2121 0278 4144435F 		.ascii	"ADC_Result_R\000"
 2121      52657375 
ARM GAS  C:\Users\lenovo\AppData\Local\Temp\ccvHjfpD.s 			page 44


 2121      6C745F52 
 2121      00
 2122              	.LASF28:
 2123 0285 64697374 		.ascii	"dist_L\000"
 2123      5F4C00
 2124              	.LASF40:
 2125 028c 4C43445F 		.ascii	"LCD_Char_WriteControl\000"
 2125      43686172 
 2125      5F577269 
 2125      7465436F 
 2125      6E74726F 
 2126              	.LASF24:
 2127 02a2 6D61696E 		.ascii	"main\000"
 2127      00
 2128              	.LASF37:
 2129 02a7 50574D5F 		.ascii	"PWM_R_WriteCompare\000"
 2129      525F5772 
 2129      69746543 
 2129      6F6D7061 
 2129      726500
 2130              	.LASF44:
 2131 02ba 4C43445F 		.ascii	"LCD_Char_LoadCustomFonts\000"
 2131      43686172 
 2131      5F4C6F61 
 2131      64437573 
 2131      746F6D46 
 2132              	.LASF42:
 2133 02d3 50574D5F 		.ascii	"PWM_L_Start\000"
 2133      4C5F5374 
 2133      61727400 
 2134              	.LASF2:
 2135 02df 73686F72 		.ascii	"short int\000"
 2135      7420696E 
 2135      7400
 2136              	.LASF18:
 2137 02e9 5475726E 		.ascii	"TurnRight\000"
 2137      52696768 
 2137      7400
 2138              	.LASF29:
 2139 02f3 64697374 		.ascii	"dist_R\000"
 2139      5F5200
 2140              	.LASF4:
 2141 02fa 6C6F6E67 		.ascii	"long int\000"
 2141      20696E74 
 2141      00
 2142              	.LASF15:
 2143 0303 63686172 		.ascii	"char\000"
 2143      00
 2144              	.LASF19:
 2145 0308 5475726E 		.ascii	"TurnLeft\000"
 2145      4C656674 
 2145      00
 2146              	.LASF0:
 2147 0311 7369676E 		.ascii	"signed char\000"
 2147      65642063 
 2147      68617200 
 2148              	.LASF54:
ARM GAS  C:\Users\lenovo\AppData\Local\Temp\ccvHjfpD.s 			page 45


 2149 031d 433A5C55 		.ascii	"C:\\Users\\lenovo\\Desktop\\MiGong\\Button.cydsn\000"
 2149      73657273 
 2149      5C6C656E 
 2149      6F766F5C 
 2149      4465736B 
 2150              	.LASF47:
 2151 0349 73707269 		.ascii	"sprintf\000"
 2151      6E746600 
 2152              	.LASF39:
 2153 0351 43794465 		.ascii	"CyDelay\000"
 2153      6C617900 
 2154              	.LASF30:
 2155 0359 6469735F 		.ascii	"dis_L\000"
 2155      4C00
 2156              		.ident	"GCC: (GNU Tools for ARM Embedded Processors) 4.9.3 20150303 (release) [ARM/embedded-4_9-br
