ARM GAS  C:\Users\lenovo\AppData\Local\Temp\cck52eum.s 			page 1


   1              		.cpu cortex-m0
   2              		.fpu softvfp
   3              		.eabi_attribute 20, 1
   4              		.eabi_attribute 21, 1
   5              		.eabi_attribute 23, 3
   6              		.eabi_attribute 24, 1
   7              		.eabi_attribute 25, 1
   8              		.eabi_attribute 26, 1
   9              		.eabi_attribute 30, 1
  10              		.eabi_attribute 34, 0
  11              		.eabi_attribute 18, 4
  12              		.code	16
  13              		.file	"cyfitter_cfg.c"
  14              		.text
  15              	.Ltext0:
  16              		.cfi_sections	.debug_frame
  17              		.section	.text.cfg_write_bytes32,"ax",%progbits
  18              		.align	2
  19              		.code	16
  20              		.thumb_func
  21              		.type	cfg_write_bytes32, %function
  22              	cfg_write_bytes32:
  23              	.LFB3:
  24              		.file 1 ".\\Generated_Source\\PSoC4\\cyfitter_cfg.c"
   1:.\Generated_Source\PSoC4/cyfitter_cfg.c **** /*******************************************************************************
   2:.\Generated_Source\PSoC4/cyfitter_cfg.c **** * File Name: cyfitter_cfg.c
   3:.\Generated_Source\PSoC4/cyfitter_cfg.c **** * 
   4:.\Generated_Source\PSoC4/cyfitter_cfg.c **** * PSoC Creator  3.3 CP1
   5:.\Generated_Source\PSoC4/cyfitter_cfg.c **** *
   6:.\Generated_Source\PSoC4/cyfitter_cfg.c **** * Description:
   7:.\Generated_Source\PSoC4/cyfitter_cfg.c **** * This file contains device initialization code.
   8:.\Generated_Source\PSoC4/cyfitter_cfg.c **** * Except for the user defined sections in CyClockStartupError(), this file should not be modified.
   9:.\Generated_Source\PSoC4/cyfitter_cfg.c **** * This file is automatically generated by PSoC Creator.
  10:.\Generated_Source\PSoC4/cyfitter_cfg.c **** *
  11:.\Generated_Source\PSoC4/cyfitter_cfg.c **** ********************************************************************************
  12:.\Generated_Source\PSoC4/cyfitter_cfg.c **** * Copyright (c) 2007-2015 Cypress Semiconductor.  All rights reserved.
  13:.\Generated_Source\PSoC4/cyfitter_cfg.c **** * You may use this file only in accordance with the license, terms, conditions, 
  14:.\Generated_Source\PSoC4/cyfitter_cfg.c **** * disclaimers, and limitations in the end user license agreement accompanying 
  15:.\Generated_Source\PSoC4/cyfitter_cfg.c **** * the software package with which this file was provided.
  16:.\Generated_Source\PSoC4/cyfitter_cfg.c **** ********************************************************************************/
  17:.\Generated_Source\PSoC4/cyfitter_cfg.c **** 
  18:.\Generated_Source\PSoC4/cyfitter_cfg.c **** #include <string.h>
  19:.\Generated_Source\PSoC4/cyfitter_cfg.c **** #include "cytypes.h"
  20:.\Generated_Source\PSoC4/cyfitter_cfg.c **** #include "cydevice_trm.h"
  21:.\Generated_Source\PSoC4/cyfitter_cfg.c **** #include "cyfitter.h"
  22:.\Generated_Source\PSoC4/cyfitter_cfg.c **** #include "CyLib.h"
  23:.\Generated_Source\PSoC4/cyfitter_cfg.c **** #include "CyLFClk.h"
  24:.\Generated_Source\PSoC4/cyfitter_cfg.c **** #include "cyfitter_cfg.h"
  25:.\Generated_Source\PSoC4/cyfitter_cfg.c **** 
  26:.\Generated_Source\PSoC4/cyfitter_cfg.c **** 
  27:.\Generated_Source\PSoC4/cyfitter_cfg.c **** #if defined(__GNUC__) || defined(__ARMCC_VERSION)
  28:.\Generated_Source\PSoC4/cyfitter_cfg.c ****     #define CYPACKED 
  29:.\Generated_Source\PSoC4/cyfitter_cfg.c ****     #define CYPACKED_ATTR __attribute__ ((packed))
  30:.\Generated_Source\PSoC4/cyfitter_cfg.c ****     #define CYALIGNED __attribute__ ((aligned))
  31:.\Generated_Source\PSoC4/cyfitter_cfg.c ****     #define CY_CFG_UNUSED __attribute__ ((unused))
  32:.\Generated_Source\PSoC4/cyfitter_cfg.c ****     #define CY_CFG_SECTION __attribute__ ((section(".psocinit")))
  33:.\Generated_Source\PSoC4/cyfitter_cfg.c ****     
ARM GAS  C:\Users\lenovo\AppData\Local\Temp\cck52eum.s 			page 2


  34:.\Generated_Source\PSoC4/cyfitter_cfg.c ****     #if defined(__ARMCC_VERSION)
  35:.\Generated_Source\PSoC4/cyfitter_cfg.c ****         #define CY_CFG_MEMORY_BARRIER() __memory_changed()
  36:.\Generated_Source\PSoC4/cyfitter_cfg.c ****     #else
  37:.\Generated_Source\PSoC4/cyfitter_cfg.c ****         #define CY_CFG_MEMORY_BARRIER() __sync_synchronize()
  38:.\Generated_Source\PSoC4/cyfitter_cfg.c ****     #endif
  39:.\Generated_Source\PSoC4/cyfitter_cfg.c ****     
  40:.\Generated_Source\PSoC4/cyfitter_cfg.c **** #elif defined(__ICCARM__)
  41:.\Generated_Source\PSoC4/cyfitter_cfg.c ****     #include <intrinsics.h>
  42:.\Generated_Source\PSoC4/cyfitter_cfg.c **** 
  43:.\Generated_Source\PSoC4/cyfitter_cfg.c ****     #define CYPACKED __packed
  44:.\Generated_Source\PSoC4/cyfitter_cfg.c ****     #define CYPACKED_ATTR 
  45:.\Generated_Source\PSoC4/cyfitter_cfg.c ****     #define CYALIGNED _Pragma("data_alignment=4")
  46:.\Generated_Source\PSoC4/cyfitter_cfg.c ****     #define CY_CFG_UNUSED _Pragma("diag_suppress=Pe177")
  47:.\Generated_Source\PSoC4/cyfitter_cfg.c ****     #define CY_CFG_SECTION _Pragma("location=\".psocinit\"")
  48:.\Generated_Source\PSoC4/cyfitter_cfg.c ****     
  49:.\Generated_Source\PSoC4/cyfitter_cfg.c ****     #define CY_CFG_MEMORY_BARRIER() __DMB()
  50:.\Generated_Source\PSoC4/cyfitter_cfg.c ****     
  51:.\Generated_Source\PSoC4/cyfitter_cfg.c **** #else
  52:.\Generated_Source\PSoC4/cyfitter_cfg.c ****     #error Unsupported toolchain
  53:.\Generated_Source\PSoC4/cyfitter_cfg.c **** #endif
  54:.\Generated_Source\PSoC4/cyfitter_cfg.c **** 
  55:.\Generated_Source\PSoC4/cyfitter_cfg.c **** 
  56:.\Generated_Source\PSoC4/cyfitter_cfg.c **** CY_CFG_UNUSED
  57:.\Generated_Source\PSoC4/cyfitter_cfg.c **** static void CYMEMZERO(void *s, size_t n);
  58:.\Generated_Source\PSoC4/cyfitter_cfg.c **** CY_CFG_UNUSED
  59:.\Generated_Source\PSoC4/cyfitter_cfg.c **** static void CYMEMZERO(void *s, size_t n)
  60:.\Generated_Source\PSoC4/cyfitter_cfg.c **** {
  61:.\Generated_Source\PSoC4/cyfitter_cfg.c **** 	(void)memset(s, 0, n);
  62:.\Generated_Source\PSoC4/cyfitter_cfg.c **** }
  63:.\Generated_Source\PSoC4/cyfitter_cfg.c **** CY_CFG_UNUSED
  64:.\Generated_Source\PSoC4/cyfitter_cfg.c **** static void CYCONFIGCPY(void *dest, const void *src, size_t n);
  65:.\Generated_Source\PSoC4/cyfitter_cfg.c **** CY_CFG_UNUSED
  66:.\Generated_Source\PSoC4/cyfitter_cfg.c **** static void CYCONFIGCPY(void *dest, const void *src, size_t n)
  67:.\Generated_Source\PSoC4/cyfitter_cfg.c **** {
  68:.\Generated_Source\PSoC4/cyfitter_cfg.c **** 	(void)memcpy(dest, src, n);
  69:.\Generated_Source\PSoC4/cyfitter_cfg.c **** }
  70:.\Generated_Source\PSoC4/cyfitter_cfg.c **** CY_CFG_UNUSED
  71:.\Generated_Source\PSoC4/cyfitter_cfg.c **** static void CYCONFIGCPYCODE(void *dest, const void *src, size_t n);
  72:.\Generated_Source\PSoC4/cyfitter_cfg.c **** CY_CFG_UNUSED
  73:.\Generated_Source\PSoC4/cyfitter_cfg.c **** static void CYCONFIGCPYCODE(void *dest, const void *src, size_t n)
  74:.\Generated_Source\PSoC4/cyfitter_cfg.c **** {
  75:.\Generated_Source\PSoC4/cyfitter_cfg.c **** 	(void)memcpy(dest, src, n);
  76:.\Generated_Source\PSoC4/cyfitter_cfg.c **** }
  77:.\Generated_Source\PSoC4/cyfitter_cfg.c **** 
  78:.\Generated_Source\PSoC4/cyfitter_cfg.c **** 
  79:.\Generated_Source\PSoC4/cyfitter_cfg.c **** 
  80:.\Generated_Source\PSoC4/cyfitter_cfg.c **** /* Clock startup error codes                                                   */
  81:.\Generated_Source\PSoC4/cyfitter_cfg.c **** #define CYCLOCKSTART_NO_ERROR    0u
  82:.\Generated_Source\PSoC4/cyfitter_cfg.c **** #define CYCLOCKSTART_XTAL_ERROR  1u
  83:.\Generated_Source\PSoC4/cyfitter_cfg.c **** #define CYCLOCKSTART_32KHZ_ERROR 2u
  84:.\Generated_Source\PSoC4/cyfitter_cfg.c **** #define CYCLOCKSTART_PLL_ERROR   3u
  85:.\Generated_Source\PSoC4/cyfitter_cfg.c **** 
  86:.\Generated_Source\PSoC4/cyfitter_cfg.c **** #ifdef CY_NEED_CYCLOCKSTARTUPERROR
  87:.\Generated_Source\PSoC4/cyfitter_cfg.c **** /*******************************************************************************
  88:.\Generated_Source\PSoC4/cyfitter_cfg.c **** * Function Name: CyClockStartupError
  89:.\Generated_Source\PSoC4/cyfitter_cfg.c **** ********************************************************************************
  90:.\Generated_Source\PSoC4/cyfitter_cfg.c **** * Summary:
ARM GAS  C:\Users\lenovo\AppData\Local\Temp\cck52eum.s 			page 3


  91:.\Generated_Source\PSoC4/cyfitter_cfg.c **** *  If an error is encountered during clock configuration (crystal startup error,
  92:.\Generated_Source\PSoC4/cyfitter_cfg.c **** *  PLL lock error, etc.), the system will end up here.  Unless reimplemented by
  93:.\Generated_Source\PSoC4/cyfitter_cfg.c **** *  the customer, this function will stop in an infinite loop.
  94:.\Generated_Source\PSoC4/cyfitter_cfg.c **** *
  95:.\Generated_Source\PSoC4/cyfitter_cfg.c **** * Parameters:
  96:.\Generated_Source\PSoC4/cyfitter_cfg.c **** *   void
  97:.\Generated_Source\PSoC4/cyfitter_cfg.c **** *
  98:.\Generated_Source\PSoC4/cyfitter_cfg.c **** * Return:
  99:.\Generated_Source\PSoC4/cyfitter_cfg.c **** *   void
 100:.\Generated_Source\PSoC4/cyfitter_cfg.c **** *
 101:.\Generated_Source\PSoC4/cyfitter_cfg.c **** *******************************************************************************/
 102:.\Generated_Source\PSoC4/cyfitter_cfg.c **** CY_CFG_UNUSED
 103:.\Generated_Source\PSoC4/cyfitter_cfg.c **** static void CyClockStartupError(uint8 errorCode);
 104:.\Generated_Source\PSoC4/cyfitter_cfg.c **** CY_CFG_UNUSED
 105:.\Generated_Source\PSoC4/cyfitter_cfg.c **** static void CyClockStartupError(uint8 errorCode)
 106:.\Generated_Source\PSoC4/cyfitter_cfg.c **** {
 107:.\Generated_Source\PSoC4/cyfitter_cfg.c ****     /* To remove the compiler warning if errorCode not used.                */
 108:.\Generated_Source\PSoC4/cyfitter_cfg.c ****     errorCode = errorCode;
 109:.\Generated_Source\PSoC4/cyfitter_cfg.c **** 
 110:.\Generated_Source\PSoC4/cyfitter_cfg.c ****     /* `#START CyClockStartupError` */
 111:.\Generated_Source\PSoC4/cyfitter_cfg.c **** 
 112:.\Generated_Source\PSoC4/cyfitter_cfg.c ****     /* If we have a clock startup error (bad MHz crystal, PLL lock, etc.),  */
 113:.\Generated_Source\PSoC4/cyfitter_cfg.c ****     /* we will end up here to allow the customer to implement something to  */
 114:.\Generated_Source\PSoC4/cyfitter_cfg.c ****     /* deal with the clock condition.                                       */
 115:.\Generated_Source\PSoC4/cyfitter_cfg.c **** 
 116:.\Generated_Source\PSoC4/cyfitter_cfg.c ****     /* `#END` */
 117:.\Generated_Source\PSoC4/cyfitter_cfg.c **** 
 118:.\Generated_Source\PSoC4/cyfitter_cfg.c ****     /* If nothing else, stop here since the clocks have not started         */
 119:.\Generated_Source\PSoC4/cyfitter_cfg.c ****     /* correctly.                                                           */
 120:.\Generated_Source\PSoC4/cyfitter_cfg.c ****     while(1) {}
 121:.\Generated_Source\PSoC4/cyfitter_cfg.c **** }
 122:.\Generated_Source\PSoC4/cyfitter_cfg.c **** #endif
 123:.\Generated_Source\PSoC4/cyfitter_cfg.c **** 
 124:.\Generated_Source\PSoC4/cyfitter_cfg.c **** #define CY_CFG_BASE_ADDR_COUNT 4u
 125:.\Generated_Source\PSoC4/cyfitter_cfg.c **** CYPACKED typedef struct
 126:.\Generated_Source\PSoC4/cyfitter_cfg.c **** {
 127:.\Generated_Source\PSoC4/cyfitter_cfg.c **** 	uint8 offset;
 128:.\Generated_Source\PSoC4/cyfitter_cfg.c **** 	uint8 value;
 129:.\Generated_Source\PSoC4/cyfitter_cfg.c **** } CYPACKED_ATTR cy_cfg_addrvalue_t;
 130:.\Generated_Source\PSoC4/cyfitter_cfg.c **** 
 131:.\Generated_Source\PSoC4/cyfitter_cfg.c **** 
 132:.\Generated_Source\PSoC4/cyfitter_cfg.c **** 
 133:.\Generated_Source\PSoC4/cyfitter_cfg.c **** /*******************************************************************************
 134:.\Generated_Source\PSoC4/cyfitter_cfg.c **** * Function Name: cfg_write_bytes32
 135:.\Generated_Source\PSoC4/cyfitter_cfg.c **** ********************************************************************************
 136:.\Generated_Source\PSoC4/cyfitter_cfg.c **** * Summary:
 137:.\Generated_Source\PSoC4/cyfitter_cfg.c **** *  This function is used for setting up the chip configuration areas that
 138:.\Generated_Source\PSoC4/cyfitter_cfg.c **** *  contain relatively sparse data.
 139:.\Generated_Source\PSoC4/cyfitter_cfg.c **** *
 140:.\Generated_Source\PSoC4/cyfitter_cfg.c **** * Parameters:
 141:.\Generated_Source\PSoC4/cyfitter_cfg.c **** *   void
 142:.\Generated_Source\PSoC4/cyfitter_cfg.c **** *
 143:.\Generated_Source\PSoC4/cyfitter_cfg.c **** * Return:
 144:.\Generated_Source\PSoC4/cyfitter_cfg.c **** *   void
 145:.\Generated_Source\PSoC4/cyfitter_cfg.c **** *
 146:.\Generated_Source\PSoC4/cyfitter_cfg.c **** *******************************************************************************/
 147:.\Generated_Source\PSoC4/cyfitter_cfg.c **** static void cfg_write_bytes32(const uint32 addr_table[], const cy_cfg_addrvalue_t data_table[]);
ARM GAS  C:\Users\lenovo\AppData\Local\Temp\cck52eum.s 			page 4


 148:.\Generated_Source\PSoC4/cyfitter_cfg.c **** static void cfg_write_bytes32(const uint32 addr_table[], const cy_cfg_addrvalue_t data_table[])
 149:.\Generated_Source\PSoC4/cyfitter_cfg.c **** {
  25              		.loc 1 149 0
  26              		.cfi_startproc
  27              	.LVL0:
  28 0000 F0B5     		push	{r4, r5, r6, r7, lr}
  29              		.cfi_def_cfa_offset 20
  30              		.cfi_offset 4, -20
  31              		.cfi_offset 5, -16
  32              		.cfi_offset 6, -12
  33              		.cfi_offset 7, -8
  34              		.cfi_offset 14, -4
  35              	.LVL1:
 150:.\Generated_Source\PSoC4/cyfitter_cfg.c **** 	/* For 32-bit little-endian architectures */
 151:.\Generated_Source\PSoC4/cyfitter_cfg.c **** 	uint32 i, j = 0u;
  36              		.loc 1 151 0
  37 0002 0025     		mov	r5, #0
 152:.\Generated_Source\PSoC4/cyfitter_cfg.c **** 	for (i = 0u; i < CY_CFG_BASE_ADDR_COUNT; i++)
  38              		.loc 1 152 0
  39 0004 0027     		mov	r7, #0
  40 0006 11E0     		b	.L2
  41              	.LVL2:
  42              	.L5:
  43              	.LBB2:
 153:.\Generated_Source\PSoC4/cyfitter_cfg.c **** 	{
 154:.\Generated_Source\PSoC4/cyfitter_cfg.c **** 		uint32 baseAddr = addr_table[i];
  44              		.loc 1 154 0
  45 0008 BB00     		lsl	r3, r7, #2
  46 000a C658     		ldr	r6, [r0, r3]
  47              	.LVL3:
 155:.\Generated_Source\PSoC4/cyfitter_cfg.c **** 		uint8 count = (uint8)baseAddr;
  48              		.loc 1 155 0
  49 000c F3B2     		uxtb	r3, r6
  50              	.LVL4:
 156:.\Generated_Source\PSoC4/cyfitter_cfg.c **** 		baseAddr &= 0xFFFFFF00u;
  51              		.loc 1 156 0
  52 000e FF22     		mov	r2, #255
  53 0010 9643     		bic	r6, r2
  54              	.LVL5:
 157:.\Generated_Source\PSoC4/cyfitter_cfg.c **** 		while (count != 0u)
  55              		.loc 1 157 0
  56 0012 08E0     		b	.L3
  57              	.L4:
 158:.\Generated_Source\PSoC4/cyfitter_cfg.c **** 		{
 159:.\Generated_Source\PSoC4/cyfitter_cfg.c **** 			CY_SET_XTND_REG8((void CYFAR *)(baseAddr + data_table[j].offset), data_table[j].value);
  58              		.loc 1 159 0
  59 0014 6A00     		lsl	r2, r5, #1
  60 0016 8A18     		add	r2, r1, r2
  61 0018 1478     		ldrb	r4, [r2]
  62 001a A419     		add	r4, r4, r6
  63 001c 5278     		ldrb	r2, [r2, #1]
  64 001e 2270     		strb	r2, [r4]
 160:.\Generated_Source\PSoC4/cyfitter_cfg.c **** 			j++;
  65              		.loc 1 160 0
  66 0020 0135     		add	r5, r5, #1
  67              	.LVL6:
 161:.\Generated_Source\PSoC4/cyfitter_cfg.c **** 			count--;
ARM GAS  C:\Users\lenovo\AppData\Local\Temp\cck52eum.s 			page 5


  68              		.loc 1 161 0
  69 0022 013B     		sub	r3, r3, #1
  70              	.LVL7:
  71 0024 DBB2     		uxtb	r3, r3
  72              	.LVL8:
  73              	.L3:
 157:.\Generated_Source\PSoC4/cyfitter_cfg.c **** 		{
  74              		.loc 1 157 0
  75 0026 002B     		cmp	r3, #0
  76 0028 F4D1     		bne	.L4
  77              	.LBE2:
 152:.\Generated_Source\PSoC4/cyfitter_cfg.c **** 	{
  78              		.loc 1 152 0 discriminator 2
  79 002a 0137     		add	r7, r7, #1
  80              	.LVL9:
  81              	.L2:
 152:.\Generated_Source\PSoC4/cyfitter_cfg.c **** 	{
  82              		.loc 1 152 0 is_stmt 0 discriminator 1
  83 002c 032F     		cmp	r7, #3
  84 002e EBD9     		bls	.L5
 162:.\Generated_Source\PSoC4/cyfitter_cfg.c **** 		}
 163:.\Generated_Source\PSoC4/cyfitter_cfg.c **** 	}
 164:.\Generated_Source\PSoC4/cyfitter_cfg.c **** }
  85              		.loc 1 164 0 is_stmt 1
  86              		@ sp needed
  87              	.LVL10:
  88              	.LVL11:
  89 0030 F0BD     		pop	{r4, r5, r6, r7, pc}
  90              		.cfi_endproc
  91              	.LFE3:
  92              		.size	cfg_write_bytes32, .-cfg_write_bytes32
  93 0032 C046     		.section	.text.CYMEMZERO,"ax",%progbits
  94              		.align	2
  95              		.code	16
  96              		.thumb_func
  97              		.type	CYMEMZERO, %function
  98              	CYMEMZERO:
  99              	.LFB0:
  60:.\Generated_Source\PSoC4/cyfitter_cfg.c **** 	(void)memset(s, 0, n);
 100              		.loc 1 60 0
 101              		.cfi_startproc
 102              	.LVL12:
 103 0000 08B5     		push	{r3, lr}
 104              		.cfi_def_cfa_offset 8
 105              		.cfi_offset 3, -8
 106              		.cfi_offset 14, -4
 107 0002 0A1C     		mov	r2, r1
  61:.\Generated_Source\PSoC4/cyfitter_cfg.c **** }
 108              		.loc 1 61 0
 109 0004 0021     		mov	r1, #0
 110              	.LVL13:
 111 0006 FFF7FEFF 		bl	memset
 112              	.LVL14:
  62:.\Generated_Source\PSoC4/cyfitter_cfg.c **** CY_CFG_UNUSED
 113              		.loc 1 62 0
 114              		@ sp needed
 115 000a 08BD     		pop	{r3, pc}
ARM GAS  C:\Users\lenovo\AppData\Local\Temp\cck52eum.s 			page 6


 116              		.cfi_endproc
 117              	.LFE0:
 118              		.size	CYMEMZERO, .-CYMEMZERO
 119              		.section	.psocinit,"ax",%progbits
 120              		.align	2
 121              		.code	16
 122              		.thumb_func
 123              		.type	ClockSetup, %function
 124              	ClockSetup:
 125              	.LFB4:
 165:.\Generated_Source\PSoC4/cyfitter_cfg.c **** 
 166:.\Generated_Source\PSoC4/cyfitter_cfg.c **** 
 167:.\Generated_Source\PSoC4/cyfitter_cfg.c **** /*******************************************************************************
 168:.\Generated_Source\PSoC4/cyfitter_cfg.c **** * Function Name: ClockSetup
 169:.\Generated_Source\PSoC4/cyfitter_cfg.c **** ********************************************************************************
 170:.\Generated_Source\PSoC4/cyfitter_cfg.c **** *
 171:.\Generated_Source\PSoC4/cyfitter_cfg.c **** * Summary:
 172:.\Generated_Source\PSoC4/cyfitter_cfg.c **** *   Performs the initialization of all of the clocks in the device based on the
 173:.\Generated_Source\PSoC4/cyfitter_cfg.c **** *   settings in the Clock tab of the DWR.  This includes enabling the requested
 174:.\Generated_Source\PSoC4/cyfitter_cfg.c **** *   clocks and setting the necessary dividers to produce the desired frequency. 
 175:.\Generated_Source\PSoC4/cyfitter_cfg.c **** *
 176:.\Generated_Source\PSoC4/cyfitter_cfg.c **** * Parameters:
 177:.\Generated_Source\PSoC4/cyfitter_cfg.c **** *   void
 178:.\Generated_Source\PSoC4/cyfitter_cfg.c **** *
 179:.\Generated_Source\PSoC4/cyfitter_cfg.c **** * Return:
 180:.\Generated_Source\PSoC4/cyfitter_cfg.c **** *   void
 181:.\Generated_Source\PSoC4/cyfitter_cfg.c **** *
 182:.\Generated_Source\PSoC4/cyfitter_cfg.c **** *******************************************************************************/
 183:.\Generated_Source\PSoC4/cyfitter_cfg.c **** static void ClockSetup(void);
 184:.\Generated_Source\PSoC4/cyfitter_cfg.c **** CY_CFG_SECTION
 185:.\Generated_Source\PSoC4/cyfitter_cfg.c **** static void ClockSetup(void)
 186:.\Generated_Source\PSoC4/cyfitter_cfg.c **** {
 126              		.loc 1 186 0
 127              		.cfi_startproc
 128 0000 10B5     		push	{r4, lr}
 129              		.cfi_def_cfa_offset 8
 130              		.cfi_offset 4, -8
 131              		.cfi_offset 14, -4
 187:.\Generated_Source\PSoC4/cyfitter_cfg.c **** 	/* Enable HALF_EN before trimming for the flash accelerator. */
 188:.\Generated_Source\PSoC4/cyfitter_cfg.c **** 	CY_SET_REG32((void CYXDATA *)(CYREG_CLK_SELECT), (CY_GET_REG32((void *)CYREG_CLK_SELECT) | 0x00040
 132              		.loc 1 188 0
 133 0002 184C     		ldr	r4, .L8
 134 0004 2368     		ldr	r3, [r4]
 135 0006 8022     		mov	r2, #128
 136 0008 D202     		lsl	r2, r2, #11
 137 000a 1343     		orr	r3, r2
 138 000c 2360     		str	r3, [r4]
 189:.\Generated_Source\PSoC4/cyfitter_cfg.c **** 
 190:.\Generated_Source\PSoC4/cyfitter_cfg.c **** 	/* Setup and trim IMO based on desired frequency. */
 191:.\Generated_Source\PSoC4/cyfitter_cfg.c **** 	CySysClkWriteImoFreq(24u);
 139              		.loc 1 191 0
 140 000e 1820     		mov	r0, #24
 141 0010 FFF7FEFF 		bl	CySysClkWriteImoFreq
 142              	.LVL15:
 192:.\Generated_Source\PSoC4/cyfitter_cfg.c **** 
 193:.\Generated_Source\PSoC4/cyfitter_cfg.c **** 	/* Disable HALF_EN since it is not required at this IMO frequency. */
 194:.\Generated_Source\PSoC4/cyfitter_cfg.c **** 	CY_SET_REG32((void CYXDATA *)(CYREG_CLK_SELECT), (CY_GET_REG32((void *)CYREG_CLK_SELECT) & 0xFFFBF
ARM GAS  C:\Users\lenovo\AppData\Local\Temp\cck52eum.s 			page 7


 143              		.loc 1 194 0
 144 0014 2268     		ldr	r2, [r4]
 145 0016 144B     		ldr	r3, .L8+4
 146 0018 1340     		and	r3, r2
 147 001a 2360     		str	r3, [r4]
 195:.\Generated_Source\PSoC4/cyfitter_cfg.c **** 	/* CYDEV_CLK_ILO_CONFIG Starting address: CYDEV_CLK_ILO_CONFIG */
 196:.\Generated_Source\PSoC4/cyfitter_cfg.c **** 	CY_SET_XTND_REG32((void CYFAR *)(CYREG_CLK_ILO_CONFIG), 0x80000006u);
 148              		.loc 1 196 0
 149 001c 134A     		ldr	r2, .L8+8
 150 001e 144B     		ldr	r3, .L8+12
 151 0020 1A60     		str	r2, [r3]
 197:.\Generated_Source\PSoC4/cyfitter_cfg.c **** 
 198:.\Generated_Source\PSoC4/cyfitter_cfg.c **** 
 199:.\Generated_Source\PSoC4/cyfitter_cfg.c **** 	/* CYDEV_CLK_SELECT00 Starting address: CYDEV_CLK_SELECT00 */
 200:.\Generated_Source\PSoC4/cyfitter_cfg.c **** 	CY_SET_XTND_REG32((void CYFAR *)(CYREG_CLK_SELECT03), 0x00000030u);
 152              		.loc 1 200 0
 153 0022 3022     		mov	r2, #48
 154 0024 134B     		ldr	r3, .L8+16
 155 0026 1A60     		str	r2, [r3]
 201:.\Generated_Source\PSoC4/cyfitter_cfg.c **** 	CY_SET_XTND_REG32((void CYFAR *)(CYREG_CLK_SELECT08), 0x00000010u);
 156              		.loc 1 201 0
 157 0028 203A     		sub	r2, r2, #32
 158 002a 134B     		ldr	r3, .L8+20
 159 002c 1A60     		str	r2, [r3]
 202:.\Generated_Source\PSoC4/cyfitter_cfg.c **** 	CY_SET_XTND_REG32((void CYFAR *)(CYREG_CLK_SELECT09), 0x00000020u);
 160              		.loc 1 202 0
 161 002e 1032     		add	r2, r2, #16
 162 0030 124B     		ldr	r3, .L8+24
 163 0032 1A60     		str	r2, [r3]
 203:.\Generated_Source\PSoC4/cyfitter_cfg.c **** 
 204:.\Generated_Source\PSoC4/cyfitter_cfg.c **** 	/* CYDEV_CLK_IMO_CONFIG Starting address: CYDEV_CLK_IMO_CONFIG */
 205:.\Generated_Source\PSoC4/cyfitter_cfg.c **** 	CY_SET_XTND_REG32((void CYFAR *)(CYREG_CLK_IMO_CONFIG), 0x80000000u);
 164              		.loc 1 205 0
 165 0034 8022     		mov	r2, #128
 166 0036 1206     		lsl	r2, r2, #24
 167 0038 114B     		ldr	r3, .L8+28
 168 003a 1A60     		str	r2, [r3]
 206:.\Generated_Source\PSoC4/cyfitter_cfg.c **** 
 207:.\Generated_Source\PSoC4/cyfitter_cfg.c **** 	/* CYDEV_CLK_DIVIDER_A00 Starting address: CYDEV_CLK_DIVIDER_A00 */
 208:.\Generated_Source\PSoC4/cyfitter_cfg.c **** 	CY_SET_XTND_REG32((void CYFAR *)(CYREG_CLK_DIVIDER_A00), 0x80000007u);
 169              		.loc 1 208 0
 170 003c 114B     		ldr	r3, .L8+32
 171 003e 124A     		ldr	r2, .L8+36
 172 0040 1360     		str	r3, [r2]
 209:.\Generated_Source\PSoC4/cyfitter_cfg.c **** 
 210:.\Generated_Source\PSoC4/cyfitter_cfg.c **** 	/* CYDEV_CLK_DIVIDER_B00 Starting address: CYDEV_CLK_DIVIDER_B00 */
 211:.\Generated_Source\PSoC4/cyfitter_cfg.c **** 	CY_SET_XTND_REG32((void CYFAR *)(CYREG_CLK_DIVIDER_B00), 0x80000007u);
 173              		.loc 1 211 0
 174 0042 124A     		ldr	r2, .L8+40
 175 0044 1360     		str	r3, [r2]
 212:.\Generated_Source\PSoC4/cyfitter_cfg.c **** 
 213:.\Generated_Source\PSoC4/cyfitter_cfg.c **** 	/* CYDEV_CLK_DIVIDER_C00 Starting address: CYDEV_CLK_DIVIDER_C00 */
 214:.\Generated_Source\PSoC4/cyfitter_cfg.c **** 	CY_SET_XTND_REG32((void CYFAR *)(CYREG_CLK_DIVIDER_C00), 0x800000CFu);
 176              		.loc 1 214 0
 177 0046 124A     		ldr	r2, .L8+44
 178 0048 124B     		ldr	r3, .L8+48
 179 004a 1A60     		str	r2, [r3]
ARM GAS  C:\Users\lenovo\AppData\Local\Temp\cck52eum.s 			page 8


 215:.\Generated_Source\PSoC4/cyfitter_cfg.c **** 
 216:.\Generated_Source\PSoC4/cyfitter_cfg.c **** 	(void)CyIntSetVector(9u, &CySysWdtIsr);
 180              		.loc 1 216 0
 181 004c 0920     		mov	r0, #9
 182 004e 1249     		ldr	r1, .L8+52
 183 0050 FFF7FEFF 		bl	CyIntSetVector
 184              	.LVL16:
 217:.\Generated_Source\PSoC4/cyfitter_cfg.c **** 	CyIntEnable(9u);
 185              		.loc 1 217 0
 186 0054 0920     		mov	r0, #9
 187 0056 FFF7FEFF 		bl	CyIntEnable
 188              	.LVL17:
 218:.\Generated_Source\PSoC4/cyfitter_cfg.c **** 	CY_SET_XTND_REG32((void CYFAR *)(CYREG_WDT_CONFIG), 0x00000000u);
 189              		.loc 1 218 0
 190 005a 0022     		mov	r2, #0
 191 005c 0F4B     		ldr	r3, .L8+56
 192 005e 1A60     		str	r2, [r3]
 219:.\Generated_Source\PSoC4/cyfitter_cfg.c **** }
 193              		.loc 1 219 0
 194              		@ sp needed
 195 0060 10BD     		pop	{r4, pc}
 196              	.L9:
 197 0062 C046     		.align	2
 198              	.L8:
 199 0064 00010B40 		.word	1074462976
 200 0068 FFFFFBFF 		.word	-262145
 201 006c 06000080 		.word	-2147483642
 202 0070 04010B40 		.word	1074462980
 203 0074 0C020240 		.word	1073873420
 204 0078 20020240 		.word	1073873440
 205 007c 24020240 		.word	1073873444
 206 0080 08010B40 		.word	1074462984
 207 0084 07000080 		.word	-2147483641
 208 0088 00000240 		.word	1073872896
 209 008c 40000240 		.word	1073872960
 210 0090 CF000080 		.word	-2147483441
 211 0094 80000240 		.word	1073873024
 212 0098 00000000 		.word	CySysWdtIsr
 213 009c 0C020B40 		.word	1074463244
 214              		.cfi_endproc
 215              	.LFE4:
 216              		.size	ClockSetup, .-ClockSetup
 217              		.align	2
 218              		.global	cyfitter_cfg
 219              		.code	16
 220              		.thumb_func
 221              		.type	cyfitter_cfg, %function
 222              	cyfitter_cfg:
 223              	.LFB6:
 220:.\Generated_Source\PSoC4/cyfitter_cfg.c **** 
 221:.\Generated_Source\PSoC4/cyfitter_cfg.c **** 
 222:.\Generated_Source\PSoC4/cyfitter_cfg.c **** /* Analog API Functions */
 223:.\Generated_Source\PSoC4/cyfitter_cfg.c **** 
 224:.\Generated_Source\PSoC4/cyfitter_cfg.c **** 
 225:.\Generated_Source\PSoC4/cyfitter_cfg.c **** /*******************************************************************************
 226:.\Generated_Source\PSoC4/cyfitter_cfg.c **** * Function Name: AnalogSetDefault
 227:.\Generated_Source\PSoC4/cyfitter_cfg.c **** ********************************************************************************
ARM GAS  C:\Users\lenovo\AppData\Local\Temp\cck52eum.s 			page 9


 228:.\Generated_Source\PSoC4/cyfitter_cfg.c **** *
 229:.\Generated_Source\PSoC4/cyfitter_cfg.c **** * Summary:
 230:.\Generated_Source\PSoC4/cyfitter_cfg.c **** *  Sets up the analog portions of the chip to default values based on chip
 231:.\Generated_Source\PSoC4/cyfitter_cfg.c **** *  configuration options from the project.
 232:.\Generated_Source\PSoC4/cyfitter_cfg.c **** *
 233:.\Generated_Source\PSoC4/cyfitter_cfg.c **** * Parameters:
 234:.\Generated_Source\PSoC4/cyfitter_cfg.c **** *  void
 235:.\Generated_Source\PSoC4/cyfitter_cfg.c **** *
 236:.\Generated_Source\PSoC4/cyfitter_cfg.c **** * Return:
 237:.\Generated_Source\PSoC4/cyfitter_cfg.c **** *  void
 238:.\Generated_Source\PSoC4/cyfitter_cfg.c **** *
 239:.\Generated_Source\PSoC4/cyfitter_cfg.c **** *******************************************************************************/
 240:.\Generated_Source\PSoC4/cyfitter_cfg.c **** static void AnalogSetDefault(void);
 241:.\Generated_Source\PSoC4/cyfitter_cfg.c **** static void AnalogSetDefault(void)
 242:.\Generated_Source\PSoC4/cyfitter_cfg.c **** {
 243:.\Generated_Source\PSoC4/cyfitter_cfg.c **** }
 244:.\Generated_Source\PSoC4/cyfitter_cfg.c **** 
 245:.\Generated_Source\PSoC4/cyfitter_cfg.c **** #define CY_AMUX_UNUSED CYREG_CM0_ROM_DWT
 246:.\Generated_Source\PSoC4/cyfitter_cfg.c **** 
 247:.\Generated_Source\PSoC4/cyfitter_cfg.c **** 
 248:.\Generated_Source\PSoC4/cyfitter_cfg.c **** /*******************************************************************************
 249:.\Generated_Source\PSoC4/cyfitter_cfg.c **** * Function Name: cyfitter_cfg
 250:.\Generated_Source\PSoC4/cyfitter_cfg.c **** ********************************************************************************
 251:.\Generated_Source\PSoC4/cyfitter_cfg.c **** * Summary:
 252:.\Generated_Source\PSoC4/cyfitter_cfg.c **** *  This function is called by the start-up code for the selected device. It
 253:.\Generated_Source\PSoC4/cyfitter_cfg.c **** *  performs all of the necessary device configuration based on the design
 254:.\Generated_Source\PSoC4/cyfitter_cfg.c **** *  settings.  This includes settings from the Design Wide Resources (DWR) such
 255:.\Generated_Source\PSoC4/cyfitter_cfg.c **** *  as Clocks and Pins as well as any component configuration that is necessary.
 256:.\Generated_Source\PSoC4/cyfitter_cfg.c **** *
 257:.\Generated_Source\PSoC4/cyfitter_cfg.c **** * Parameters:  
 258:.\Generated_Source\PSoC4/cyfitter_cfg.c **** *   void
 259:.\Generated_Source\PSoC4/cyfitter_cfg.c **** *
 260:.\Generated_Source\PSoC4/cyfitter_cfg.c **** * Return:
 261:.\Generated_Source\PSoC4/cyfitter_cfg.c **** *   void
 262:.\Generated_Source\PSoC4/cyfitter_cfg.c **** *
 263:.\Generated_Source\PSoC4/cyfitter_cfg.c **** *******************************************************************************/
 264:.\Generated_Source\PSoC4/cyfitter_cfg.c **** CY_CFG_SECTION
 265:.\Generated_Source\PSoC4/cyfitter_cfg.c **** void cyfitter_cfg(void)
 266:.\Generated_Source\PSoC4/cyfitter_cfg.c **** {
 224              		.loc 1 266 0
 225              		.cfi_startproc
 226 00a0 10B5     		push	{r4, lr}
 227              		.cfi_def_cfa_offset 8
 228              		.cfi_offset 4, -8
 229              		.cfi_offset 14, -4
 267:.\Generated_Source\PSoC4/cyfitter_cfg.c **** 	/* Disable interrupts by default. Let user enable if/when they want. */
 268:.\Generated_Source\PSoC4/cyfitter_cfg.c **** 	CyGlobalIntDisable;
 230              		.loc 1 268 0
 231              	@ 268 ".\Generated_Source\PSoC4\cyfitter_cfg.c" 1
 232 00a2 72B6     		CPSID   i
 233              	@ 0 "" 2
 234              	.LVL18:
 235              		.code	16
 236              	.LBB3:
 269:.\Generated_Source\PSoC4/cyfitter_cfg.c **** 
 270:.\Generated_Source\PSoC4/cyfitter_cfg.c **** 	{
 271:.\Generated_Source\PSoC4/cyfitter_cfg.c **** 		static const uint32 CYCODE cy_cfg_addr_table[] = {
ARM GAS  C:\Users\lenovo\AppData\Local\Temp\cck52eum.s 			page 10


 272:.\Generated_Source\PSoC4/cyfitter_cfg.c **** 			0x400F3301u, /* Base address: 0x400F3300 Count: 1 */
 273:.\Generated_Source\PSoC4/cyfitter_cfg.c **** 			0x400F4002u, /* Base address: 0x400F4000 Count: 2 */
 274:.\Generated_Source\PSoC4/cyfitter_cfg.c **** 			0x400F4102u, /* Base address: 0x400F4100 Count: 2 */
 275:.\Generated_Source\PSoC4/cyfitter_cfg.c **** 			0x400F4307u, /* Base address: 0x400F4300 Count: 7 */
 276:.\Generated_Source\PSoC4/cyfitter_cfg.c **** 		};
 277:.\Generated_Source\PSoC4/cyfitter_cfg.c **** 
 278:.\Generated_Source\PSoC4/cyfitter_cfg.c **** 		static const cy_cfg_addrvalue_t CYCODE cy_cfg_data_table[] = {
 279:.\Generated_Source\PSoC4/cyfitter_cfg.c **** 			{0xE6u, 0x20u},
 280:.\Generated_Source\PSoC4/cyfitter_cfg.c **** 			{0x5Bu, 0x01u},
 281:.\Generated_Source\PSoC4/cyfitter_cfg.c **** 			{0xD6u, 0x40u},
 282:.\Generated_Source\PSoC4/cyfitter_cfg.c **** 			{0x8Bu, 0x01u},
 283:.\Generated_Source\PSoC4/cyfitter_cfg.c **** 			{0x9Fu, 0x01u},
 284:.\Generated_Source\PSoC4/cyfitter_cfg.c **** 			{0x18u, 0x10u},
 285:.\Generated_Source\PSoC4/cyfitter_cfg.c **** 			{0x1Cu, 0x80u},
 286:.\Generated_Source\PSoC4/cyfitter_cfg.c **** 			{0x60u, 0x10u},
 287:.\Generated_Source\PSoC4/cyfitter_cfg.c **** 			{0x88u, 0x40u},
 288:.\Generated_Source\PSoC4/cyfitter_cfg.c **** 			{0xC6u, 0x0Cu},
 289:.\Generated_Source\PSoC4/cyfitter_cfg.c **** 			{0xD8u, 0x02u},
 290:.\Generated_Source\PSoC4/cyfitter_cfg.c **** 			{0xE6u, 0x04u},
 291:.\Generated_Source\PSoC4/cyfitter_cfg.c **** 		};
 292:.\Generated_Source\PSoC4/cyfitter_cfg.c **** 
 293:.\Generated_Source\PSoC4/cyfitter_cfg.c **** 
 294:.\Generated_Source\PSoC4/cyfitter_cfg.c **** 
 295:.\Generated_Source\PSoC4/cyfitter_cfg.c **** 		CYPACKED typedef struct {
 296:.\Generated_Source\PSoC4/cyfitter_cfg.c **** 			void CYFAR *address;
 297:.\Generated_Source\PSoC4/cyfitter_cfg.c **** 			uint16 size;
 298:.\Generated_Source\PSoC4/cyfitter_cfg.c **** 		} CYPACKED_ATTR cfg_memset_t;
 299:.\Generated_Source\PSoC4/cyfitter_cfg.c **** 
 300:.\Generated_Source\PSoC4/cyfitter_cfg.c **** 		static const cfg_memset_t CYCODE cfg_memset_list [] = {
 301:.\Generated_Source\PSoC4/cyfitter_cfg.c **** 			/* address, size */
 302:.\Generated_Source\PSoC4/cyfitter_cfg.c **** 			{(void CYFAR *)(CYDEV_UDB_P0_U0_BASE), 1024u},
 303:.\Generated_Source\PSoC4/cyfitter_cfg.c **** 			{(void CYFAR *)(CYDEV_UDB_DSI0_BASE), 1024u},
 304:.\Generated_Source\PSoC4/cyfitter_cfg.c **** 		};
 305:.\Generated_Source\PSoC4/cyfitter_cfg.c **** 
 306:.\Generated_Source\PSoC4/cyfitter_cfg.c **** 		uint8 CYDATA i;
 307:.\Generated_Source\PSoC4/cyfitter_cfg.c **** 
 308:.\Generated_Source\PSoC4/cyfitter_cfg.c **** 		/* Zero out critical memory blocks before beginning configuration */
 309:.\Generated_Source\PSoC4/cyfitter_cfg.c **** 		for (i = 0u; i < (sizeof(cfg_memset_list)/sizeof(cfg_memset_list[0])); i++)
 237              		.loc 1 309 0
 238 00a4 0024     		mov	r4, #0
 239 00a6 10E0     		b	.L11
 240              	.LVL19:
 241              	.L12:
 242              	.LBB4:
 310:.\Generated_Source\PSoC4/cyfitter_cfg.c **** 		{
 311:.\Generated_Source\PSoC4/cyfitter_cfg.c **** 			const cfg_memset_t CYCODE * CYDATA ms = &cfg_memset_list[i];
 312:.\Generated_Source\PSoC4/cyfitter_cfg.c **** 			CYMEMZERO(ms->address, (size_t)(uint32)(ms->size));
 243              		.loc 1 312 0 discriminator 3
 244 00a8 2748     		ldr	r0, .L13
 245 00aa 6300     		lsl	r3, r4, #1
 246 00ac 1A19     		add	r2, r3, r4
 247 00ae 5200     		lsl	r2, r2, #1
 248 00b0 8218     		add	r2, r0, r2
 249 00b2 9188     		ldrh	r1, [r2, #4]
 250 00b4 1B19     		add	r3, r3, r4
 251 00b6 5B00     		lsl	r3, r3, #1
 252 00b8 1A5A     		ldrh	r2, [r3, r0]
ARM GAS  C:\Users\lenovo\AppData\Local\Temp\cck52eum.s 			page 11


 253 00ba C318     		add	r3, r0, r3
 254 00bc 5888     		ldrh	r0, [r3, #2]
 255 00be 0004     		lsl	r0, r0, #16
 256 00c0 1043     		orr	r0, r2
 257 00c2 FFF7FEFF 		bl	CYMEMZERO
 258              	.LVL20:
 259              	.LBE4:
 309:.\Generated_Source\PSoC4/cyfitter_cfg.c **** 		{
 260              		.loc 1 309 0 discriminator 3
 261 00c6 0134     		add	r4, r4, #1
 262              	.LVL21:
 263 00c8 E4B2     		uxtb	r4, r4
 264              	.LVL22:
 265              	.L11:
 309:.\Generated_Source\PSoC4/cyfitter_cfg.c **** 		{
 266              		.loc 1 309 0 is_stmt 0 discriminator 1
 267 00ca 012C     		cmp	r4, #1
 268 00cc ECD9     		bls	.L12
 313:.\Generated_Source\PSoC4/cyfitter_cfg.c **** 		}
 314:.\Generated_Source\PSoC4/cyfitter_cfg.c **** 
 315:.\Generated_Source\PSoC4/cyfitter_cfg.c **** 		cfg_write_bytes32(cy_cfg_addr_table, cy_cfg_data_table);
 269              		.loc 1 315 0 is_stmt 1
 270 00ce 1E49     		ldr	r1, .L13
 271 00d0 081C     		mov	r0, r1
 272 00d2 0C30     		add	r0, r0, #12
 273 00d4 1C31     		add	r1, r1, #28
 274 00d6 FFF7FEFF 		bl	cfg_write_bytes32
 275              	.LVL23:
 316:.\Generated_Source\PSoC4/cyfitter_cfg.c **** 
 317:.\Generated_Source\PSoC4/cyfitter_cfg.c **** 		/* HSIOM Starting address: CYDEV_HSIOM_BASE */
 318:.\Generated_Source\PSoC4/cyfitter_cfg.c **** 		CY_SET_XTND_REG32((void CYFAR *)(CYDEV_HSIOM_BASE), 0x30990000u);
 276              		.loc 1 318 0
 277 00da 1C4A     		ldr	r2, .L13+4
 278 00dc 1C4B     		ldr	r3, .L13+8
 279 00de 1A60     		str	r2, [r3]
 319:.\Generated_Source\PSoC4/cyfitter_cfg.c **** 		CY_SET_XTND_REG32((void CYFAR *)(CYREG_HSIOM_PORT_SEL3), 0x3000EE00u);
 280              		.loc 1 319 0
 281 00e0 1C4A     		ldr	r2, .L13+12
 282 00e2 1D4B     		ldr	r3, .L13+16
 283 00e4 1A60     		str	r2, [r3]
 320:.\Generated_Source\PSoC4/cyfitter_cfg.c **** 
 321:.\Generated_Source\PSoC4/cyfitter_cfg.c **** 		/* UDB_PA_0 Starting address: CYDEV_UDB_PA0_BASE */
 322:.\Generated_Source\PSoC4/cyfitter_cfg.c **** 		CY_SET_XTND_REG32((void CYFAR *)(CYDEV_UDB_PA0_BASE), 0x00990000u);
 284              		.loc 1 322 0
 285 00e6 9923     		mov	r3, #153
 286 00e8 1B04     		lsl	r3, r3, #16
 287 00ea 1C4A     		ldr	r2, .L13+20
 288 00ec 1360     		str	r3, [r2]
 323:.\Generated_Source\PSoC4/cyfitter_cfg.c **** 		CY_SET_XTND_REG32((void CYFAR *)(CYREG_UDB_PA0_CFG8), 0x04000000u);
 289              		.loc 1 323 0
 290 00ee 8021     		mov	r1, #128
 291 00f0 C904     		lsl	r1, r1, #19
 292 00f2 1B4A     		ldr	r2, .L13+24
 293 00f4 1160     		str	r1, [r2]
 324:.\Generated_Source\PSoC4/cyfitter_cfg.c **** 
 325:.\Generated_Source\PSoC4/cyfitter_cfg.c **** 		/* UDB_PA_3 Starting address: CYDEV_UDB_PA3_BASE */
 326:.\Generated_Source\PSoC4/cyfitter_cfg.c **** 		CY_SET_XTND_REG32((void CYFAR *)(CYDEV_UDB_PA3_BASE), 0x00990000u);
ARM GAS  C:\Users\lenovo\AppData\Local\Temp\cck52eum.s 			page 12


 294              		.loc 1 326 0
 295 00f6 1B4A     		ldr	r2, .L13+28
 296 00f8 1360     		str	r3, [r2]
 327:.\Generated_Source\PSoC4/cyfitter_cfg.c **** 		CY_SET_XTND_REG32((void CYFAR *)(CYREG_UDB_PA3_CFG8), 0x80000000u);
 297              		.loc 1 327 0
 298 00fa 8022     		mov	r2, #128
 299 00fc 1206     		lsl	r2, r2, #24
 300 00fe 1A4B     		ldr	r3, .L13+32
 301 0100 1A60     		str	r2, [r3]
 328:.\Generated_Source\PSoC4/cyfitter_cfg.c **** 
 329:.\Generated_Source\PSoC4/cyfitter_cfg.c **** 		/* Enable digital routing */
 330:.\Generated_Source\PSoC4/cyfitter_cfg.c **** 		CY_SET_XTND_REG8((void *)CYREG_UDB_UDBIF_BANK_CTL, CY_GET_XTND_REG8((void *)CYREG_UDB_UDBIF_BANK_
 302              		.loc 1 330 0
 303 0102 1A4B     		ldr	r3, .L13+36
 304 0104 1978     		ldrb	r1, [r3]
 305 0106 0222     		mov	r2, #2
 306 0108 0A43     		orr	r2, r1
 307 010a 1A70     		strb	r2, [r3]
 331:.\Generated_Source\PSoC4/cyfitter_cfg.c **** 
 332:.\Generated_Source\PSoC4/cyfitter_cfg.c **** 		/* Enable UDB array */
 333:.\Generated_Source\PSoC4/cyfitter_cfg.c **** 		CY_SET_XTND_REG8((void *)CYREG_UDB_UDBIF_WAIT_CFG, (uint8)((CY_GET_XTND_REG8((void *)CYREG_UDB_UD
 308              		.loc 1 333 0
 309 010c 1848     		ldr	r0, .L13+40
 310 010e 0278     		ldrb	r2, [r0]
 311 0110 3C21     		mov	r1, #60
 312 0112 8A43     		bic	r2, r1
 313 0114 2839     		sub	r1, r1, #40
 314 0116 0A43     		orr	r2, r1
 315 0118 0270     		strb	r2, [r0]
 334:.\Generated_Source\PSoC4/cyfitter_cfg.c **** 		CY_SET_XTND_REG8((void *)CYREG_UDB_UDBIF_BANK_CTL, (uint8)(CY_GET_XTND_REG8((void *)CYREG_UDB_UDB
 316              		.loc 1 334 0
 317 011a 1978     		ldrb	r1, [r3]
 318 011c 1622     		mov	r2, #22
 319 011e 0A43     		orr	r2, r1
 320 0120 1A70     		strb	r2, [r3]
 321              	.LBE3:
 335:.\Generated_Source\PSoC4/cyfitter_cfg.c **** 	}
 336:.\Generated_Source\PSoC4/cyfitter_cfg.c **** 
 337:.\Generated_Source\PSoC4/cyfitter_cfg.c **** 	/* Perform second pass device configuration. These items must be configured in specific order afte
 338:.\Generated_Source\PSoC4/cyfitter_cfg.c **** 	/* IOPINS0_0 Starting address: CYDEV_PRT0_BASE */
 339:.\Generated_Source\PSoC4/cyfitter_cfg.c **** 	CY_SET_XTND_REG32((void CYFAR *)(CYDEV_PRT0_BASE), 0x000000A0u);
 322              		.loc 1 339 0
 323 0122 A022     		mov	r2, #160
 324 0124 134B     		ldr	r3, .L13+44
 325 0126 1A60     		str	r2, [r3]
 340:.\Generated_Source\PSoC4/cyfitter_cfg.c **** 	CY_SET_XTND_REG32((void CYFAR *)(CYREG_PRT0_PC), 0x00C31000u);
 326              		.loc 1 340 0
 327 0128 134A     		ldr	r2, .L13+48
 328 012a 144B     		ldr	r3, .L13+52
 329 012c 1A60     		str	r2, [r3]
 341:.\Generated_Source\PSoC4/cyfitter_cfg.c **** 	CY_SET_XTND_REG32((void CYFAR *)(CYREG_PRT0_PC2), 0x00000020u);
 330              		.loc 1 341 0
 331 012e 2022     		mov	r2, #32
 332 0130 134B     		ldr	r3, .L13+56
 333 0132 1A60     		str	r2, [r3]
 342:.\Generated_Source\PSoC4/cyfitter_cfg.c **** 
 343:.\Generated_Source\PSoC4/cyfitter_cfg.c **** 	/* IOPINS0_3 Starting address: CYDEV_PRT3_BASE */
ARM GAS  C:\Users\lenovo\AppData\Local\Temp\cck52eum.s 			page 13


 344:.\Generated_Source\PSoC4/cyfitter_cfg.c **** 	CY_SET_XTND_REG32((void CYFAR *)(CYDEV_PRT3_BASE), 0x00000080u);
 334              		.loc 1 344 0
 335 0134 6032     		add	r2, r2, #96
 336 0136 134B     		ldr	r3, .L13+60
 337 0138 1A60     		str	r2, [r3]
 345:.\Generated_Source\PSoC4/cyfitter_cfg.c **** 	CY_SET_XTND_REG32((void CYFAR *)(CYREG_PRT3_PC), 0x00C00D80u);
 338              		.loc 1 345 0
 339 013a 134A     		ldr	r2, .L13+64
 340 013c 134B     		ldr	r3, .L13+68
 341 013e 1A60     		str	r2, [r3]
 346:.\Generated_Source\PSoC4/cyfitter_cfg.c **** 
 347:.\Generated_Source\PSoC4/cyfitter_cfg.c **** 	/* Setup clocks based on selections from Clock DWR */
 348:.\Generated_Source\PSoC4/cyfitter_cfg.c **** 	ClockSetup();
 342              		.loc 1 348 0
 343 0140 FFF75EFF 		bl	ClockSetup
 344              	.LVL24:
 349:.\Generated_Source\PSoC4/cyfitter_cfg.c **** 
 350:.\Generated_Source\PSoC4/cyfitter_cfg.c **** 	/* Perform basic analog initialization to defaults */
 351:.\Generated_Source\PSoC4/cyfitter_cfg.c **** 	AnalogSetDefault();
 352:.\Generated_Source\PSoC4/cyfitter_cfg.c **** 
 353:.\Generated_Source\PSoC4/cyfitter_cfg.c **** }
 345              		.loc 1 353 0
 346              		@ sp needed
 347              	.LVL25:
 348 0144 10BD     		pop	{r4, pc}
 349              	.L14:
 350 0146 C046     		.align	2
 351              	.L13:
 352 0148 00000000 		.word	.LANCHOR0
 353 014c 00009930 		.word	815333376
 354 0150 00000140 		.word	1073807360
 355 0154 00EE0030 		.word	805367296
 356 0158 0C000140 		.word	1073807372
 357 015c 00500F40 		.word	1074745344
 358 0160 08500F40 		.word	1074745352
 359 0164 30500F40 		.word	1074745392
 360 0168 38500F40 		.word	1074745400
 361 016c 00700F40 		.word	1074753536
 362 0170 01700F40 		.word	1074753537
 363 0174 00000440 		.word	1074003968
 364 0178 0010C300 		.word	12783616
 365 017c 08000440 		.word	1074003976
 366 0180 18000440 		.word	1074003992
 367 0184 00030440 		.word	1074004736
 368 0188 800DC000 		.word	12586368
 369 018c 08030440 		.word	1074004744
 370              		.cfi_endproc
 371              	.LFE6:
 372              		.size	cyfitter_cfg, .-cyfitter_cfg
 373              		.section	.rodata
 374              		.align	2
 375              		.set	.LANCHOR0,. + 0
 376              		.type	cfg_memset_list.4737, %object
 377              		.size	cfg_memset_list.4737, 12
 378              	cfg_memset_list.4737:
 379 0000 00300F40 		.word	1074737152
 380 0004 0004     		.short	1024
ARM GAS  C:\Users\lenovo\AppData\Local\Temp\cck52eum.s 			page 14


 381 0006 00400F40 		.4byte	1074741248
 382 000a 0004     		.short	1024
 383              		.type	cy_cfg_addr_table.4731, %object
 384              		.size	cy_cfg_addr_table.4731, 16
 385              	cy_cfg_addr_table.4731:
 386 000c 01330F40 		.word	1074737921
 387 0010 02400F40 		.word	1074741250
 388 0014 02410F40 		.word	1074741506
 389 0018 07430F40 		.word	1074742023
 390              		.type	cy_cfg_data_table.4732, %object
 391              		.size	cy_cfg_data_table.4732, 24
 392              	cy_cfg_data_table.4732:
 393 001c E6       		.byte	-26
 394 001d 20       		.byte	32
 395 001e 5B       		.byte	91
 396 001f 01       		.byte	1
 397 0020 D6       		.byte	-42
 398 0021 40       		.byte	64
 399 0022 8B       		.byte	-117
 400 0023 01       		.byte	1
 401 0024 9F       		.byte	-97
 402 0025 01       		.byte	1
 403 0026 18       		.byte	24
 404 0027 10       		.byte	16
 405 0028 1C       		.byte	28
 406 0029 80       		.byte	-128
 407 002a 60       		.byte	96
 408 002b 10       		.byte	16
 409 002c 88       		.byte	-120
 410 002d 40       		.byte	64
 411 002e C6       		.byte	-58
 412 002f 0C       		.byte	12
 413 0030 D8       		.byte	-40
 414 0031 02       		.byte	2
 415 0032 E6       		.byte	-26
 416 0033 04       		.byte	4
 417              		.text
 418              	.Letext0:
 419              		.file 2 "d:\\program file\\psoccreator\\psoc creator\\3.3\\psoc creator\\import\\gnu\\arm\\4.9.3\\
 420              		.file 3 ".\\Generated_Source\\PSoC4\\cytypes.h"
 421              		.file 4 ".\\Generated_Source\\PSoC4\\CyLib.h"
 422              		.section	.debug_info,"",%progbits
 423              	.Ldebug_info0:
 424 0000 B6030000 		.4byte	0x3b6
 425 0004 0400     		.2byte	0x4
 426 0006 00000000 		.4byte	.Ldebug_abbrev0
 427 000a 04       		.byte	0x4
 428 000b 01       		.uleb128 0x1
 429 000c D7010000 		.4byte	.LASF38
 430 0010 01       		.byte	0x1
 431 0011 9C010000 		.4byte	.LASF39
 432 0015 00000000 		.4byte	.LASF40
 433 0019 00000000 		.4byte	.Ldebug_ranges0+0
 434 001d 00000000 		.4byte	0
 435 0021 00000000 		.4byte	.Ldebug_line0
 436 0025 02       		.uleb128 0x2
 437 0026 04       		.byte	0x4
ARM GAS  C:\Users\lenovo\AppData\Local\Temp\cck52eum.s 			page 15


 438 0027 05       		.byte	0x5
 439 0028 696E7400 		.ascii	"int\000"
 440 002c 03       		.uleb128 0x3
 441 002d 33000000 		.4byte	.LASF11
 442 0031 02       		.byte	0x2
 443 0032 D4       		.byte	0xd4
 444 0033 37000000 		.4byte	0x37
 445 0037 04       		.uleb128 0x4
 446 0038 04       		.byte	0x4
 447 0039 07       		.byte	0x7
 448 003a 37010000 		.4byte	.LASF0
 449 003e 04       		.uleb128 0x4
 450 003f 01       		.byte	0x1
 451 0040 06       		.byte	0x6
 452 0041 94020000 		.4byte	.LASF1
 453 0045 04       		.uleb128 0x4
 454 0046 01       		.byte	0x1
 455 0047 08       		.byte	0x8
 456 0048 D9000000 		.4byte	.LASF2
 457 004c 04       		.uleb128 0x4
 458 004d 02       		.byte	0x2
 459 004e 05       		.byte	0x5
 460 004f 6C020000 		.4byte	.LASF3
 461 0053 04       		.uleb128 0x4
 462 0054 02       		.byte	0x2
 463 0055 07       		.byte	0x7
 464 0056 A0020000 		.4byte	.LASF4
 465 005a 04       		.uleb128 0x4
 466 005b 04       		.byte	0x4
 467 005c 05       		.byte	0x5
 468 005d 8B020000 		.4byte	.LASF5
 469 0061 04       		.uleb128 0x4
 470 0062 04       		.byte	0x4
 471 0063 07       		.byte	0x7
 472 0064 B7000000 		.4byte	.LASF6
 473 0068 04       		.uleb128 0x4
 474 0069 08       		.byte	0x8
 475 006a 05       		.byte	0x5
 476 006b C4010000 		.4byte	.LASF7
 477 006f 04       		.uleb128 0x4
 478 0070 08       		.byte	0x8
 479 0071 07       		.byte	0x7
 480 0072 59010000 		.4byte	.LASF8
 481 0076 04       		.uleb128 0x4
 482 0077 04       		.byte	0x4
 483 0078 07       		.byte	0x7
 484 0079 93010000 		.4byte	.LASF9
 485 007d 05       		.uleb128 0x5
 486 007e 04       		.byte	0x4
 487 007f 06       		.uleb128 0x6
 488 0080 04       		.byte	0x4
 489 0081 85000000 		.4byte	0x85
 490 0085 07       		.uleb128 0x7
 491 0086 04       		.uleb128 0x4
 492 0087 01       		.byte	0x1
 493 0088 08       		.byte	0x8
 494 0089 D2010000 		.4byte	.LASF10
ARM GAS  C:\Users\lenovo\AppData\Local\Temp\cck52eum.s 			page 16


 495 008d 03       		.uleb128 0x3
 496 008e C9000000 		.4byte	.LASF12
 497 0092 03       		.byte	0x3
 498 0093 C2       		.byte	0xc2
 499 0094 45000000 		.4byte	0x45
 500 0098 03       		.uleb128 0x3
 501 0099 1E010000 		.4byte	.LASF13
 502 009d 03       		.byte	0x3
 503 009e C3       		.byte	0xc3
 504 009f 53000000 		.4byte	0x53
 505 00a3 03       		.uleb128 0x3
 506 00a4 30010000 		.4byte	.LASF14
 507 00a8 03       		.byte	0x3
 508 00a9 C4       		.byte	0xc4
 509 00aa 61000000 		.4byte	0x61
 510 00ae 04       		.uleb128 0x4
 511 00af 04       		.byte	0x4
 512 00b0 04       		.byte	0x4
 513 00b1 97000000 		.4byte	.LASF15
 514 00b5 04       		.uleb128 0x4
 515 00b6 08       		.byte	0x8
 516 00b7 04       		.byte	0x4
 517 00b8 EE000000 		.4byte	.LASF16
 518 00bc 08       		.uleb128 0x8
 519 00bd B2000000 		.4byte	.LASF17
 520 00c1 03       		.byte	0x3
 521 00c2 6C01     		.2byte	0x16c
 522 00c4 C8000000 		.4byte	0xc8
 523 00c8 09       		.uleb128 0x9
 524 00c9 8D000000 		.4byte	0x8d
 525 00cd 08       		.uleb128 0x8
 526 00ce 2D000000 		.4byte	.LASF18
 527 00d2 03       		.byte	0x3
 528 00d3 6E01     		.2byte	0x16e
 529 00d5 D9000000 		.4byte	0xd9
 530 00d9 09       		.uleb128 0x9
 531 00da A3000000 		.4byte	0xa3
 532 00de 08       		.uleb128 0x8
 533 00df 70010000 		.4byte	.LASF19
 534 00e3 03       		.byte	0x3
 535 00e4 7E01     		.2byte	0x17e
 536 00e6 7F000000 		.4byte	0x7f
 537 00ea 0A       		.uleb128 0xa
 538 00eb 02       		.byte	0x2
 539 00ec 01       		.byte	0x1
 540 00ed 7D       		.byte	0x7d
 541 00ee 0B010000 		.4byte	0x10b
 542 00f2 0B       		.uleb128 0xb
 543 00f3 65020000 		.4byte	.LASF20
 544 00f7 01       		.byte	0x1
 545 00f8 7F       		.byte	0x7f
 546 00f9 8D000000 		.4byte	0x8d
 547 00fd 00       		.byte	0
 548 00fe 0B       		.uleb128 0xb
 549 00ff 49000000 		.4byte	.LASF21
 550 0103 01       		.byte	0x1
 551 0104 80       		.byte	0x80
ARM GAS  C:\Users\lenovo\AppData\Local\Temp\cck52eum.s 			page 17


 552 0105 8D000000 		.4byte	0x8d
 553 0109 01       		.byte	0x1
 554 010a 00       		.byte	0
 555 010b 03       		.uleb128 0x3
 556 010c 84000000 		.4byte	.LASF22
 557 0110 01       		.byte	0x1
 558 0111 81       		.byte	0x81
 559 0112 EA000000 		.4byte	0xea
 560 0116 0C       		.uleb128 0xc
 561 0117 F5000000 		.4byte	.LASF27
 562 011b 01       		.byte	0x1
 563 011c 94       		.byte	0x94
 564 011d 00000000 		.4byte	.LFB3
 565 0121 32000000 		.4byte	.LFE3-.LFB3
 566 0125 01       		.uleb128 0x1
 567 0126 9C       		.byte	0x9c
 568 0127 88010000 		.4byte	0x188
 569 012b 0D       		.uleb128 0xd
 570 012c 13010000 		.4byte	.LASF23
 571 0130 01       		.byte	0x1
 572 0131 94       		.byte	0x94
 573 0132 88010000 		.4byte	0x188
 574 0136 01       		.uleb128 0x1
 575 0137 50       		.byte	0x50
 576 0138 0D       		.uleb128 0xd
 577 0139 25010000 		.4byte	.LASF24
 578 013d 01       		.byte	0x1
 579 013e 94       		.byte	0x94
 580 013f 93010000 		.4byte	0x193
 581 0143 01       		.uleb128 0x1
 582 0144 51       		.byte	0x51
 583 0145 0E       		.uleb128 0xe
 584 0146 6900     		.ascii	"i\000"
 585 0148 01       		.byte	0x1
 586 0149 97       		.byte	0x97
 587 014a A3000000 		.4byte	0xa3
 588 014e 00000000 		.4byte	.LLST0
 589 0152 0E       		.uleb128 0xe
 590 0153 6A00     		.ascii	"j\000"
 591 0155 01       		.byte	0x1
 592 0156 97       		.byte	0x97
 593 0157 A3000000 		.4byte	0xa3
 594 015b 1F000000 		.4byte	.LLST1
 595 015f 0F       		.uleb128 0xf
 596 0160 08000000 		.4byte	.LBB2
 597 0164 22000000 		.4byte	.LBE2-.LBB2
 598 0168 10       		.uleb128 0x10
 599 0169 8A010000 		.4byte	.LASF25
 600 016d 01       		.byte	0x1
 601 016e 9A       		.byte	0x9a
 602 016f A3000000 		.4byte	0xa3
 603 0173 3E000000 		.4byte	.LLST2
 604 0177 10       		.uleb128 0x10
 605 0178 4F000000 		.4byte	.LASF26
 606 017c 01       		.byte	0x1
 607 017d 9B       		.byte	0x9b
 608 017e 8D000000 		.4byte	0x8d
ARM GAS  C:\Users\lenovo\AppData\Local\Temp\cck52eum.s 			page 18


 609 0182 51000000 		.4byte	.LLST3
 610 0186 00       		.byte	0
 611 0187 00       		.byte	0
 612 0188 06       		.uleb128 0x6
 613 0189 04       		.byte	0x4
 614 018a 8E010000 		.4byte	0x18e
 615 018e 11       		.uleb128 0x11
 616 018f A3000000 		.4byte	0xa3
 617 0193 06       		.uleb128 0x6
 618 0194 04       		.byte	0x4
 619 0195 99010000 		.4byte	0x199
 620 0199 11       		.uleb128 0x11
 621 019a 0B010000 		.4byte	0x10b
 622 019e 0C       		.uleb128 0xc
 623 019f CF000000 		.4byte	.LASF28
 624 01a3 01       		.byte	0x1
 625 01a4 3B       		.byte	0x3b
 626 01a5 00000000 		.4byte	.LFB0
 627 01a9 0C000000 		.4byte	.LFE0-.LFB0
 628 01ad 01       		.uleb128 0x1
 629 01ae 9C       		.byte	0x9c
 630 01af EB010000 		.4byte	0x1eb
 631 01b3 12       		.uleb128 0x12
 632 01b4 7300     		.ascii	"s\000"
 633 01b6 01       		.byte	0x1
 634 01b7 3B       		.byte	0x3b
 635 01b8 7D000000 		.4byte	0x7d
 636 01bc 6F000000 		.4byte	.LLST4
 637 01c0 12       		.uleb128 0x12
 638 01c1 6E00     		.ascii	"n\000"
 639 01c3 01       		.byte	0x1
 640 01c4 3B       		.byte	0x3b
 641 01c5 2C000000 		.4byte	0x2c
 642 01c9 90000000 		.4byte	.LLST5
 643 01cd 13       		.uleb128 0x13
 644 01ce 0A000000 		.4byte	.LVL14
 645 01d2 64030000 		.4byte	0x364
 646 01d6 14       		.uleb128 0x14
 647 01d7 01       		.uleb128 0x1
 648 01d8 52       		.byte	0x52
 649 01d9 03       		.uleb128 0x3
 650 01da F3       		.byte	0xf3
 651 01db 01       		.uleb128 0x1
 652 01dc 51       		.byte	0x51
 653 01dd 14       		.uleb128 0x14
 654 01de 01       		.uleb128 0x1
 655 01df 51       		.byte	0x51
 656 01e0 01       		.uleb128 0x1
 657 01e1 30       		.byte	0x30
 658 01e2 14       		.uleb128 0x14
 659 01e3 01       		.uleb128 0x1
 660 01e4 50       		.byte	0x50
 661 01e5 03       		.uleb128 0x3
 662 01e6 F3       		.byte	0xf3
 663 01e7 01       		.uleb128 0x1
 664 01e8 50       		.byte	0x50
 665 01e9 00       		.byte	0
ARM GAS  C:\Users\lenovo\AppData\Local\Temp\cck52eum.s 			page 19


 666 01ea 00       		.byte	0
 667 01eb 0C       		.uleb128 0xc
 668 01ec 55000000 		.4byte	.LASF29
 669 01f0 01       		.byte	0x1
 670 01f1 B9       		.byte	0xb9
 671 01f2 00000000 		.4byte	.LFB4
 672 01f6 A0000000 		.4byte	.LFE4-.LFB4
 673 01fa 01       		.uleb128 0x1
 674 01fb 9C       		.byte	0x9c
 675 01fc 36020000 		.4byte	0x236
 676 0200 15       		.uleb128 0x15
 677 0201 14000000 		.4byte	.LVL15
 678 0205 81030000 		.4byte	0x381
 679 0209 13020000 		.4byte	0x213
 680 020d 14       		.uleb128 0x14
 681 020e 01       		.uleb128 0x1
 682 020f 50       		.byte	0x50
 683 0210 01       		.uleb128 0x1
 684 0211 48       		.byte	0x48
 685 0212 00       		.byte	0
 686 0213 15       		.uleb128 0x15
 687 0214 54000000 		.4byte	.LVL16
 688 0218 92030000 		.4byte	0x392
 689 021c 26020000 		.4byte	0x226
 690 0220 14       		.uleb128 0x14
 691 0221 01       		.uleb128 0x1
 692 0222 50       		.byte	0x50
 693 0223 01       		.uleb128 0x1
 694 0224 39       		.byte	0x39
 695 0225 00       		.byte	0
 696 0226 13       		.uleb128 0x13
 697 0227 5A000000 		.4byte	.LVL17
 698 022b AC030000 		.4byte	0x3ac
 699 022f 14       		.uleb128 0x14
 700 0230 01       		.uleb128 0x1
 701 0231 50       		.byte	0x50
 702 0232 01       		.uleb128 0x1
 703 0233 39       		.byte	0x39
 704 0234 00       		.byte	0
 705 0235 00       		.byte	0
 706 0236 16       		.uleb128 0x16
 707 0237 44010000 		.4byte	.LASF41
 708 023b 01       		.byte	0x1
 709 023c 0901     		.2byte	0x109
 710 023e A0000000 		.4byte	.LFB6
 711 0242 F0000000 		.4byte	.LFE6-.LFB6
 712 0246 01       		.uleb128 0x1
 713 0247 9C       		.byte	0x9c
 714 0248 3A030000 		.4byte	0x33a
 715 024c 17       		.uleb128 0x17
 716 024d A4000000 		.4byte	.LBB3
 717 0251 7E000000 		.4byte	.LBE3-.LBB3
 718 0255 30030000 		.4byte	0x330
 719 0259 18       		.uleb128 0x18
 720 025a 60000000 		.4byte	.LASF30
 721 025e 01       		.byte	0x1
 722 025f 0F01     		.2byte	0x10f
ARM GAS  C:\Users\lenovo\AppData\Local\Temp\cck52eum.s 			page 20


 723 0261 4A030000 		.4byte	0x34a
 724 0265 05       		.uleb128 0x5
 725 0266 03       		.byte	0x3
 726 0267 0C000000 		.4byte	cy_cfg_addr_table.4731
 727 026b 18       		.uleb128 0x18
 728 026c 72000000 		.4byte	.LASF31
 729 0270 01       		.byte	0x1
 730 0271 1601     		.2byte	0x116
 731 0273 5F030000 		.4byte	0x35f
 732 0277 05       		.uleb128 0x5
 733 0278 03       		.byte	0x3
 734 0279 1C000000 		.4byte	cy_cfg_data_table.4732
 735 027d 19       		.uleb128 0x19
 736 027e 06       		.byte	0x6
 737 027f 01       		.byte	0x1
 738 0280 2701     		.2byte	0x127
 739 0282 A1020000 		.4byte	0x2a1
 740 0286 1A       		.uleb128 0x1a
 741 0287 51010000 		.4byte	.LASF32
 742 028b 01       		.byte	0x1
 743 028c 2801     		.2byte	0x128
 744 028e 7D000000 		.4byte	0x7d
 745 0292 00       		.byte	0
 746 0293 1A       		.uleb128 0x1a
 747 0294 AD000000 		.4byte	.LASF33
 748 0298 01       		.byte	0x1
 749 0299 2901     		.2byte	0x129
 750 029b 98000000 		.4byte	0x98
 751 029f 04       		.byte	0x4
 752 02a0 00       		.byte	0
 753 02a1 08       		.uleb128 0x8
 754 02a2 7D010000 		.4byte	.LASF34
 755 02a6 01       		.byte	0x1
 756 02a7 2A01     		.2byte	0x12a
 757 02a9 7D020000 		.4byte	0x27d
 758 02ad 1B       		.uleb128 0x1b
 759 02ae A1020000 		.4byte	0x2a1
 760 02b2 BD020000 		.4byte	0x2bd
 761 02b6 1C       		.uleb128 0x1c
 762 02b7 76000000 		.4byte	0x76
 763 02bb 01       		.byte	0x1
 764 02bc 00       		.byte	0
 765 02bd 18       		.uleb128 0x18
 766 02be 9D000000 		.4byte	.LASF35
 767 02c2 01       		.byte	0x1
 768 02c3 2C01     		.2byte	0x12c
 769 02c5 CF020000 		.4byte	0x2cf
 770 02c9 05       		.uleb128 0x5
 771 02ca 03       		.byte	0x3
 772 02cb 00000000 		.4byte	cfg_memset_list.4737
 773 02cf 11       		.uleb128 0x11
 774 02d0 AD020000 		.4byte	0x2ad
 775 02d4 1D       		.uleb128 0x1d
 776 02d5 6900     		.ascii	"i\000"
 777 02d7 01       		.byte	0x1
 778 02d8 3201     		.2byte	0x132
 779 02da 8D000000 		.4byte	0x8d
ARM GAS  C:\Users\lenovo\AppData\Local\Temp\cck52eum.s 			page 21


 780 02de BC000000 		.4byte	.LLST6
 781 02e2 17       		.uleb128 0x17
 782 02e3 A8000000 		.4byte	.LBB4
 783 02e7 1E000000 		.4byte	.LBE4-.LBB4
 784 02eb 13030000 		.4byte	0x313
 785 02ef 1D       		.uleb128 0x1d
 786 02f0 6D7300   		.ascii	"ms\000"
 787 02f3 01       		.byte	0x1
 788 02f4 3701     		.2byte	0x137
 789 02f6 FE020000 		.4byte	0x2fe
 790 02fa E6000000 		.4byte	.LLST7
 791 02fe 06       		.uleb128 0x6
 792 02ff 04       		.byte	0x4
 793 0300 04030000 		.4byte	0x304
 794 0304 11       		.uleb128 0x11
 795 0305 A1020000 		.4byte	0x2a1
 796 0309 1E       		.uleb128 0x1e
 797 030a C6000000 		.4byte	.LVL20
 798 030e 9E010000 		.4byte	0x19e
 799 0312 00       		.byte	0
 800 0313 13       		.uleb128 0x13
 801 0314 DA000000 		.4byte	.LVL23
 802 0318 16010000 		.4byte	0x116
 803 031c 14       		.uleb128 0x14
 804 031d 01       		.uleb128 0x1
 805 031e 51       		.byte	0x51
 806 031f 05       		.uleb128 0x5
 807 0320 03       		.byte	0x3
 808 0321 1C000000 		.4byte	.LANCHOR0+28
 809 0325 14       		.uleb128 0x14
 810 0326 01       		.uleb128 0x1
 811 0327 50       		.byte	0x50
 812 0328 05       		.uleb128 0x5
 813 0329 03       		.byte	0x3
 814 032a 0C000000 		.4byte	.LANCHOR0+12
 815 032e 00       		.byte	0
 816 032f 00       		.byte	0
 817 0330 1E       		.uleb128 0x1e
 818 0331 44010000 		.4byte	.LVL24
 819 0335 EB010000 		.4byte	0x1eb
 820 0339 00       		.byte	0
 821 033a 1B       		.uleb128 0x1b
 822 033b A3000000 		.4byte	0xa3
 823 033f 4A030000 		.4byte	0x34a
 824 0343 1C       		.uleb128 0x1c
 825 0344 76000000 		.4byte	0x76
 826 0348 03       		.byte	0x3
 827 0349 00       		.byte	0
 828 034a 11       		.uleb128 0x11
 829 034b 3A030000 		.4byte	0x33a
 830 034f 1B       		.uleb128 0x1b
 831 0350 0B010000 		.4byte	0x10b
 832 0354 5F030000 		.4byte	0x35f
 833 0358 1C       		.uleb128 0x1c
 834 0359 76000000 		.4byte	0x76
 835 035d 0B       		.byte	0xb
 836 035e 00       		.byte	0
ARM GAS  C:\Users\lenovo\AppData\Local\Temp\cck52eum.s 			page 22


 837 035f 11       		.uleb128 0x11
 838 0360 4F030000 		.4byte	0x34f
 839 0364 1F       		.uleb128 0x1f
 840 0365 E7000000 		.4byte	.LASF36
 841 0369 7D000000 		.4byte	0x7d
 842 036d 81030000 		.4byte	0x381
 843 0371 20       		.uleb128 0x20
 844 0372 7D000000 		.4byte	0x7d
 845 0376 20       		.uleb128 0x20
 846 0377 25000000 		.4byte	0x25
 847 037b 20       		.uleb128 0x20
 848 037c 76000000 		.4byte	0x76
 849 0380 00       		.byte	0
 850 0381 21       		.uleb128 0x21
 851 0382 76020000 		.4byte	.LASF37
 852 0386 04       		.byte	0x4
 853 0387 31       		.byte	0x31
 854 0388 92030000 		.4byte	0x392
 855 038c 20       		.uleb128 0x20
 856 038d A3000000 		.4byte	0xa3
 857 0391 00       		.byte	0
 858 0392 22       		.uleb128 0x22
 859 0393 3A000000 		.4byte	.LASF42
 860 0397 04       		.byte	0x4
 861 0398 46       		.byte	0x46
 862 0399 DE000000 		.4byte	0xde
 863 039d AC030000 		.4byte	0x3ac
 864 03a1 20       		.uleb128 0x20
 865 03a2 8D000000 		.4byte	0x8d
 866 03a6 20       		.uleb128 0x20
 867 03a7 DE000000 		.4byte	0xde
 868 03ab 00       		.byte	0
 869 03ac 23       		.uleb128 0x23
 870 03ad 07010000 		.4byte	.LASF43
 871 03b1 04       		.byte	0x4
 872 03b2 4C       		.byte	0x4c
 873 03b3 20       		.uleb128 0x20
 874 03b4 8D000000 		.4byte	0x8d
 875 03b8 00       		.byte	0
 876 03b9 00       		.byte	0
 877              		.section	.debug_abbrev,"",%progbits
 878              	.Ldebug_abbrev0:
 879 0000 01       		.uleb128 0x1
 880 0001 11       		.uleb128 0x11
 881 0002 01       		.byte	0x1
 882 0003 25       		.uleb128 0x25
 883 0004 0E       		.uleb128 0xe
 884 0005 13       		.uleb128 0x13
 885 0006 0B       		.uleb128 0xb
 886 0007 03       		.uleb128 0x3
 887 0008 0E       		.uleb128 0xe
 888 0009 1B       		.uleb128 0x1b
 889 000a 0E       		.uleb128 0xe
 890 000b 55       		.uleb128 0x55
 891 000c 17       		.uleb128 0x17
 892 000d 11       		.uleb128 0x11
 893 000e 01       		.uleb128 0x1
ARM GAS  C:\Users\lenovo\AppData\Local\Temp\cck52eum.s 			page 23


 894 000f 10       		.uleb128 0x10
 895 0010 17       		.uleb128 0x17
 896 0011 00       		.byte	0
 897 0012 00       		.byte	0
 898 0013 02       		.uleb128 0x2
 899 0014 24       		.uleb128 0x24
 900 0015 00       		.byte	0
 901 0016 0B       		.uleb128 0xb
 902 0017 0B       		.uleb128 0xb
 903 0018 3E       		.uleb128 0x3e
 904 0019 0B       		.uleb128 0xb
 905 001a 03       		.uleb128 0x3
 906 001b 08       		.uleb128 0x8
 907 001c 00       		.byte	0
 908 001d 00       		.byte	0
 909 001e 03       		.uleb128 0x3
 910 001f 16       		.uleb128 0x16
 911 0020 00       		.byte	0
 912 0021 03       		.uleb128 0x3
 913 0022 0E       		.uleb128 0xe
 914 0023 3A       		.uleb128 0x3a
 915 0024 0B       		.uleb128 0xb
 916 0025 3B       		.uleb128 0x3b
 917 0026 0B       		.uleb128 0xb
 918 0027 49       		.uleb128 0x49
 919 0028 13       		.uleb128 0x13
 920 0029 00       		.byte	0
 921 002a 00       		.byte	0
 922 002b 04       		.uleb128 0x4
 923 002c 24       		.uleb128 0x24
 924 002d 00       		.byte	0
 925 002e 0B       		.uleb128 0xb
 926 002f 0B       		.uleb128 0xb
 927 0030 3E       		.uleb128 0x3e
 928 0031 0B       		.uleb128 0xb
 929 0032 03       		.uleb128 0x3
 930 0033 0E       		.uleb128 0xe
 931 0034 00       		.byte	0
 932 0035 00       		.byte	0
 933 0036 05       		.uleb128 0x5
 934 0037 0F       		.uleb128 0xf
 935 0038 00       		.byte	0
 936 0039 0B       		.uleb128 0xb
 937 003a 0B       		.uleb128 0xb
 938 003b 00       		.byte	0
 939 003c 00       		.byte	0
 940 003d 06       		.uleb128 0x6
 941 003e 0F       		.uleb128 0xf
 942 003f 00       		.byte	0
 943 0040 0B       		.uleb128 0xb
 944 0041 0B       		.uleb128 0xb
 945 0042 49       		.uleb128 0x49
 946 0043 13       		.uleb128 0x13
 947 0044 00       		.byte	0
 948 0045 00       		.byte	0
 949 0046 07       		.uleb128 0x7
 950 0047 15       		.uleb128 0x15
ARM GAS  C:\Users\lenovo\AppData\Local\Temp\cck52eum.s 			page 24


 951 0048 00       		.byte	0
 952 0049 27       		.uleb128 0x27
 953 004a 19       		.uleb128 0x19
 954 004b 00       		.byte	0
 955 004c 00       		.byte	0
 956 004d 08       		.uleb128 0x8
 957 004e 16       		.uleb128 0x16
 958 004f 00       		.byte	0
 959 0050 03       		.uleb128 0x3
 960 0051 0E       		.uleb128 0xe
 961 0052 3A       		.uleb128 0x3a
 962 0053 0B       		.uleb128 0xb
 963 0054 3B       		.uleb128 0x3b
 964 0055 05       		.uleb128 0x5
 965 0056 49       		.uleb128 0x49
 966 0057 13       		.uleb128 0x13
 967 0058 00       		.byte	0
 968 0059 00       		.byte	0
 969 005a 09       		.uleb128 0x9
 970 005b 35       		.uleb128 0x35
 971 005c 00       		.byte	0
 972 005d 49       		.uleb128 0x49
 973 005e 13       		.uleb128 0x13
 974 005f 00       		.byte	0
 975 0060 00       		.byte	0
 976 0061 0A       		.uleb128 0xa
 977 0062 13       		.uleb128 0x13
 978 0063 01       		.byte	0x1
 979 0064 0B       		.uleb128 0xb
 980 0065 0B       		.uleb128 0xb
 981 0066 3A       		.uleb128 0x3a
 982 0067 0B       		.uleb128 0xb
 983 0068 3B       		.uleb128 0x3b
 984 0069 0B       		.uleb128 0xb
 985 006a 01       		.uleb128 0x1
 986 006b 13       		.uleb128 0x13
 987 006c 00       		.byte	0
 988 006d 00       		.byte	0
 989 006e 0B       		.uleb128 0xb
 990 006f 0D       		.uleb128 0xd
 991 0070 00       		.byte	0
 992 0071 03       		.uleb128 0x3
 993 0072 0E       		.uleb128 0xe
 994 0073 3A       		.uleb128 0x3a
 995 0074 0B       		.uleb128 0xb
 996 0075 3B       		.uleb128 0x3b
 997 0076 0B       		.uleb128 0xb
 998 0077 49       		.uleb128 0x49
 999 0078 13       		.uleb128 0x13
 1000 0079 38       		.uleb128 0x38
 1001 007a 0B       		.uleb128 0xb
 1002 007b 00       		.byte	0
 1003 007c 00       		.byte	0
 1004 007d 0C       		.uleb128 0xc
 1005 007e 2E       		.uleb128 0x2e
 1006 007f 01       		.byte	0x1
 1007 0080 03       		.uleb128 0x3
ARM GAS  C:\Users\lenovo\AppData\Local\Temp\cck52eum.s 			page 25


 1008 0081 0E       		.uleb128 0xe
 1009 0082 3A       		.uleb128 0x3a
 1010 0083 0B       		.uleb128 0xb
 1011 0084 3B       		.uleb128 0x3b
 1012 0085 0B       		.uleb128 0xb
 1013 0086 27       		.uleb128 0x27
 1014 0087 19       		.uleb128 0x19
 1015 0088 11       		.uleb128 0x11
 1016 0089 01       		.uleb128 0x1
 1017 008a 12       		.uleb128 0x12
 1018 008b 06       		.uleb128 0x6
 1019 008c 40       		.uleb128 0x40
 1020 008d 18       		.uleb128 0x18
 1021 008e 9742     		.uleb128 0x2117
 1022 0090 19       		.uleb128 0x19
 1023 0091 01       		.uleb128 0x1
 1024 0092 13       		.uleb128 0x13
 1025 0093 00       		.byte	0
 1026 0094 00       		.byte	0
 1027 0095 0D       		.uleb128 0xd
 1028 0096 05       		.uleb128 0x5
 1029 0097 00       		.byte	0
 1030 0098 03       		.uleb128 0x3
 1031 0099 0E       		.uleb128 0xe
 1032 009a 3A       		.uleb128 0x3a
 1033 009b 0B       		.uleb128 0xb
 1034 009c 3B       		.uleb128 0x3b
 1035 009d 0B       		.uleb128 0xb
 1036 009e 49       		.uleb128 0x49
 1037 009f 13       		.uleb128 0x13
 1038 00a0 02       		.uleb128 0x2
 1039 00a1 18       		.uleb128 0x18
 1040 00a2 00       		.byte	0
 1041 00a3 00       		.byte	0
 1042 00a4 0E       		.uleb128 0xe
 1043 00a5 34       		.uleb128 0x34
 1044 00a6 00       		.byte	0
 1045 00a7 03       		.uleb128 0x3
 1046 00a8 08       		.uleb128 0x8
 1047 00a9 3A       		.uleb128 0x3a
 1048 00aa 0B       		.uleb128 0xb
 1049 00ab 3B       		.uleb128 0x3b
 1050 00ac 0B       		.uleb128 0xb
 1051 00ad 49       		.uleb128 0x49
 1052 00ae 13       		.uleb128 0x13
 1053 00af 02       		.uleb128 0x2
 1054 00b0 17       		.uleb128 0x17
 1055 00b1 00       		.byte	0
 1056 00b2 00       		.byte	0
 1057 00b3 0F       		.uleb128 0xf
 1058 00b4 0B       		.uleb128 0xb
 1059 00b5 01       		.byte	0x1
 1060 00b6 11       		.uleb128 0x11
 1061 00b7 01       		.uleb128 0x1
 1062 00b8 12       		.uleb128 0x12
 1063 00b9 06       		.uleb128 0x6
 1064 00ba 00       		.byte	0
ARM GAS  C:\Users\lenovo\AppData\Local\Temp\cck52eum.s 			page 26


 1065 00bb 00       		.byte	0
 1066 00bc 10       		.uleb128 0x10
 1067 00bd 34       		.uleb128 0x34
 1068 00be 00       		.byte	0
 1069 00bf 03       		.uleb128 0x3
 1070 00c0 0E       		.uleb128 0xe
 1071 00c1 3A       		.uleb128 0x3a
 1072 00c2 0B       		.uleb128 0xb
 1073 00c3 3B       		.uleb128 0x3b
 1074 00c4 0B       		.uleb128 0xb
 1075 00c5 49       		.uleb128 0x49
 1076 00c6 13       		.uleb128 0x13
 1077 00c7 02       		.uleb128 0x2
 1078 00c8 17       		.uleb128 0x17
 1079 00c9 00       		.byte	0
 1080 00ca 00       		.byte	0
 1081 00cb 11       		.uleb128 0x11
 1082 00cc 26       		.uleb128 0x26
 1083 00cd 00       		.byte	0
 1084 00ce 49       		.uleb128 0x49
 1085 00cf 13       		.uleb128 0x13
 1086 00d0 00       		.byte	0
 1087 00d1 00       		.byte	0
 1088 00d2 12       		.uleb128 0x12
 1089 00d3 05       		.uleb128 0x5
 1090 00d4 00       		.byte	0
 1091 00d5 03       		.uleb128 0x3
 1092 00d6 08       		.uleb128 0x8
 1093 00d7 3A       		.uleb128 0x3a
 1094 00d8 0B       		.uleb128 0xb
 1095 00d9 3B       		.uleb128 0x3b
 1096 00da 0B       		.uleb128 0xb
 1097 00db 49       		.uleb128 0x49
 1098 00dc 13       		.uleb128 0x13
 1099 00dd 02       		.uleb128 0x2
 1100 00de 17       		.uleb128 0x17
 1101 00df 00       		.byte	0
 1102 00e0 00       		.byte	0
 1103 00e1 13       		.uleb128 0x13
 1104 00e2 898201   		.uleb128 0x4109
 1105 00e5 01       		.byte	0x1
 1106 00e6 11       		.uleb128 0x11
 1107 00e7 01       		.uleb128 0x1
 1108 00e8 31       		.uleb128 0x31
 1109 00e9 13       		.uleb128 0x13
 1110 00ea 00       		.byte	0
 1111 00eb 00       		.byte	0
 1112 00ec 14       		.uleb128 0x14
 1113 00ed 8A8201   		.uleb128 0x410a
 1114 00f0 00       		.byte	0
 1115 00f1 02       		.uleb128 0x2
 1116 00f2 18       		.uleb128 0x18
 1117 00f3 9142     		.uleb128 0x2111
 1118 00f5 18       		.uleb128 0x18
 1119 00f6 00       		.byte	0
 1120 00f7 00       		.byte	0
 1121 00f8 15       		.uleb128 0x15
ARM GAS  C:\Users\lenovo\AppData\Local\Temp\cck52eum.s 			page 27


 1122 00f9 898201   		.uleb128 0x4109
 1123 00fc 01       		.byte	0x1
 1124 00fd 11       		.uleb128 0x11
 1125 00fe 01       		.uleb128 0x1
 1126 00ff 31       		.uleb128 0x31
 1127 0100 13       		.uleb128 0x13
 1128 0101 01       		.uleb128 0x1
 1129 0102 13       		.uleb128 0x13
 1130 0103 00       		.byte	0
 1131 0104 00       		.byte	0
 1132 0105 16       		.uleb128 0x16
 1133 0106 2E       		.uleb128 0x2e
 1134 0107 01       		.byte	0x1
 1135 0108 3F       		.uleb128 0x3f
 1136 0109 19       		.uleb128 0x19
 1137 010a 03       		.uleb128 0x3
 1138 010b 0E       		.uleb128 0xe
 1139 010c 3A       		.uleb128 0x3a
 1140 010d 0B       		.uleb128 0xb
 1141 010e 3B       		.uleb128 0x3b
 1142 010f 05       		.uleb128 0x5
 1143 0110 27       		.uleb128 0x27
 1144 0111 19       		.uleb128 0x19
 1145 0112 11       		.uleb128 0x11
 1146 0113 01       		.uleb128 0x1
 1147 0114 12       		.uleb128 0x12
 1148 0115 06       		.uleb128 0x6
 1149 0116 40       		.uleb128 0x40
 1150 0117 18       		.uleb128 0x18
 1151 0118 9742     		.uleb128 0x2117
 1152 011a 19       		.uleb128 0x19
 1153 011b 01       		.uleb128 0x1
 1154 011c 13       		.uleb128 0x13
 1155 011d 00       		.byte	0
 1156 011e 00       		.byte	0
 1157 011f 17       		.uleb128 0x17
 1158 0120 0B       		.uleb128 0xb
 1159 0121 01       		.byte	0x1
 1160 0122 11       		.uleb128 0x11
 1161 0123 01       		.uleb128 0x1
 1162 0124 12       		.uleb128 0x12
 1163 0125 06       		.uleb128 0x6
 1164 0126 01       		.uleb128 0x1
 1165 0127 13       		.uleb128 0x13
 1166 0128 00       		.byte	0
 1167 0129 00       		.byte	0
 1168 012a 18       		.uleb128 0x18
 1169 012b 34       		.uleb128 0x34
 1170 012c 00       		.byte	0
 1171 012d 03       		.uleb128 0x3
 1172 012e 0E       		.uleb128 0xe
 1173 012f 3A       		.uleb128 0x3a
 1174 0130 0B       		.uleb128 0xb
 1175 0131 3B       		.uleb128 0x3b
 1176 0132 05       		.uleb128 0x5
 1177 0133 49       		.uleb128 0x49
 1178 0134 13       		.uleb128 0x13
ARM GAS  C:\Users\lenovo\AppData\Local\Temp\cck52eum.s 			page 28


 1179 0135 02       		.uleb128 0x2
 1180 0136 18       		.uleb128 0x18
 1181 0137 00       		.byte	0
 1182 0138 00       		.byte	0
 1183 0139 19       		.uleb128 0x19
 1184 013a 13       		.uleb128 0x13
 1185 013b 01       		.byte	0x1
 1186 013c 0B       		.uleb128 0xb
 1187 013d 0B       		.uleb128 0xb
 1188 013e 3A       		.uleb128 0x3a
 1189 013f 0B       		.uleb128 0xb
 1190 0140 3B       		.uleb128 0x3b
 1191 0141 05       		.uleb128 0x5
 1192 0142 01       		.uleb128 0x1
 1193 0143 13       		.uleb128 0x13
 1194 0144 00       		.byte	0
 1195 0145 00       		.byte	0
 1196 0146 1A       		.uleb128 0x1a
 1197 0147 0D       		.uleb128 0xd
 1198 0148 00       		.byte	0
 1199 0149 03       		.uleb128 0x3
 1200 014a 0E       		.uleb128 0xe
 1201 014b 3A       		.uleb128 0x3a
 1202 014c 0B       		.uleb128 0xb
 1203 014d 3B       		.uleb128 0x3b
 1204 014e 05       		.uleb128 0x5
 1205 014f 49       		.uleb128 0x49
 1206 0150 13       		.uleb128 0x13
 1207 0151 38       		.uleb128 0x38
 1208 0152 0B       		.uleb128 0xb
 1209 0153 00       		.byte	0
 1210 0154 00       		.byte	0
 1211 0155 1B       		.uleb128 0x1b
 1212 0156 01       		.uleb128 0x1
 1213 0157 01       		.byte	0x1
 1214 0158 49       		.uleb128 0x49
 1215 0159 13       		.uleb128 0x13
 1216 015a 01       		.uleb128 0x1
 1217 015b 13       		.uleb128 0x13
 1218 015c 00       		.byte	0
 1219 015d 00       		.byte	0
 1220 015e 1C       		.uleb128 0x1c
 1221 015f 21       		.uleb128 0x21
 1222 0160 00       		.byte	0
 1223 0161 49       		.uleb128 0x49
 1224 0162 13       		.uleb128 0x13
 1225 0163 2F       		.uleb128 0x2f
 1226 0164 0B       		.uleb128 0xb
 1227 0165 00       		.byte	0
 1228 0166 00       		.byte	0
 1229 0167 1D       		.uleb128 0x1d
 1230 0168 34       		.uleb128 0x34
 1231 0169 00       		.byte	0
 1232 016a 03       		.uleb128 0x3
 1233 016b 08       		.uleb128 0x8
 1234 016c 3A       		.uleb128 0x3a
 1235 016d 0B       		.uleb128 0xb
ARM GAS  C:\Users\lenovo\AppData\Local\Temp\cck52eum.s 			page 29


 1236 016e 3B       		.uleb128 0x3b
 1237 016f 05       		.uleb128 0x5
 1238 0170 49       		.uleb128 0x49
 1239 0171 13       		.uleb128 0x13
 1240 0172 02       		.uleb128 0x2
 1241 0173 17       		.uleb128 0x17
 1242 0174 00       		.byte	0
 1243 0175 00       		.byte	0
 1244 0176 1E       		.uleb128 0x1e
 1245 0177 898201   		.uleb128 0x4109
 1246 017a 00       		.byte	0
 1247 017b 11       		.uleb128 0x11
 1248 017c 01       		.uleb128 0x1
 1249 017d 31       		.uleb128 0x31
 1250 017e 13       		.uleb128 0x13
 1251 017f 00       		.byte	0
 1252 0180 00       		.byte	0
 1253 0181 1F       		.uleb128 0x1f
 1254 0182 2E       		.uleb128 0x2e
 1255 0183 01       		.byte	0x1
 1256 0184 3F       		.uleb128 0x3f
 1257 0185 19       		.uleb128 0x19
 1258 0186 03       		.uleb128 0x3
 1259 0187 0E       		.uleb128 0xe
 1260 0188 27       		.uleb128 0x27
 1261 0189 19       		.uleb128 0x19
 1262 018a 49       		.uleb128 0x49
 1263 018b 13       		.uleb128 0x13
 1264 018c 34       		.uleb128 0x34
 1265 018d 19       		.uleb128 0x19
 1266 018e 3C       		.uleb128 0x3c
 1267 018f 19       		.uleb128 0x19
 1268 0190 01       		.uleb128 0x1
 1269 0191 13       		.uleb128 0x13
 1270 0192 00       		.byte	0
 1271 0193 00       		.byte	0
 1272 0194 20       		.uleb128 0x20
 1273 0195 05       		.uleb128 0x5
 1274 0196 00       		.byte	0
 1275 0197 49       		.uleb128 0x49
 1276 0198 13       		.uleb128 0x13
 1277 0199 00       		.byte	0
 1278 019a 00       		.byte	0
 1279 019b 21       		.uleb128 0x21
 1280 019c 2E       		.uleb128 0x2e
 1281 019d 01       		.byte	0x1
 1282 019e 3F       		.uleb128 0x3f
 1283 019f 19       		.uleb128 0x19
 1284 01a0 03       		.uleb128 0x3
 1285 01a1 0E       		.uleb128 0xe
 1286 01a2 3A       		.uleb128 0x3a
 1287 01a3 0B       		.uleb128 0xb
 1288 01a4 3B       		.uleb128 0x3b
 1289 01a5 0B       		.uleb128 0xb
 1290 01a6 27       		.uleb128 0x27
 1291 01a7 19       		.uleb128 0x19
 1292 01a8 3C       		.uleb128 0x3c
ARM GAS  C:\Users\lenovo\AppData\Local\Temp\cck52eum.s 			page 30


 1293 01a9 19       		.uleb128 0x19
 1294 01aa 01       		.uleb128 0x1
 1295 01ab 13       		.uleb128 0x13
 1296 01ac 00       		.byte	0
 1297 01ad 00       		.byte	0
 1298 01ae 22       		.uleb128 0x22
 1299 01af 2E       		.uleb128 0x2e
 1300 01b0 01       		.byte	0x1
 1301 01b1 3F       		.uleb128 0x3f
 1302 01b2 19       		.uleb128 0x19
 1303 01b3 03       		.uleb128 0x3
 1304 01b4 0E       		.uleb128 0xe
 1305 01b5 3A       		.uleb128 0x3a
 1306 01b6 0B       		.uleb128 0xb
 1307 01b7 3B       		.uleb128 0x3b
 1308 01b8 0B       		.uleb128 0xb
 1309 01b9 27       		.uleb128 0x27
 1310 01ba 19       		.uleb128 0x19
 1311 01bb 49       		.uleb128 0x49
 1312 01bc 13       		.uleb128 0x13
 1313 01bd 3C       		.uleb128 0x3c
 1314 01be 19       		.uleb128 0x19
 1315 01bf 01       		.uleb128 0x1
 1316 01c0 13       		.uleb128 0x13
 1317 01c1 00       		.byte	0
 1318 01c2 00       		.byte	0
 1319 01c3 23       		.uleb128 0x23
 1320 01c4 2E       		.uleb128 0x2e
 1321 01c5 01       		.byte	0x1
 1322 01c6 3F       		.uleb128 0x3f
 1323 01c7 19       		.uleb128 0x19
 1324 01c8 03       		.uleb128 0x3
 1325 01c9 0E       		.uleb128 0xe
 1326 01ca 3A       		.uleb128 0x3a
 1327 01cb 0B       		.uleb128 0xb
 1328 01cc 3B       		.uleb128 0x3b
 1329 01cd 0B       		.uleb128 0xb
 1330 01ce 27       		.uleb128 0x27
 1331 01cf 19       		.uleb128 0x19
 1332 01d0 3C       		.uleb128 0x3c
 1333 01d1 19       		.uleb128 0x19
 1334 01d2 00       		.byte	0
 1335 01d3 00       		.byte	0
 1336 01d4 00       		.byte	0
 1337              		.section	.debug_loc,"",%progbits
 1338              	.Ldebug_loc0:
 1339              	.LLST0:
 1340 0000 02000000 		.4byte	.LVL1
 1341 0004 08000000 		.4byte	.LVL2
 1342 0008 0200     		.2byte	0x2
 1343 000a 30       		.byte	0x30
 1344 000b 9F       		.byte	0x9f
 1345 000c 08000000 		.4byte	.LVL2
 1346 0010 30000000 		.4byte	.LVL11
 1347 0014 0100     		.2byte	0x1
 1348 0016 57       		.byte	0x57
 1349 0017 00000000 		.4byte	0
ARM GAS  C:\Users\lenovo\AppData\Local\Temp\cck52eum.s 			page 31


 1350 001b 00000000 		.4byte	0
 1351              	.LLST1:
 1352 001f 02000000 		.4byte	.LVL1
 1353 0023 08000000 		.4byte	.LVL2
 1354 0027 0200     		.2byte	0x2
 1355 0029 30       		.byte	0x30
 1356 002a 9F       		.byte	0x9f
 1357 002b 08000000 		.4byte	.LVL2
 1358 002f 30000000 		.4byte	.LVL10
 1359 0033 0100     		.2byte	0x1
 1360 0035 55       		.byte	0x55
 1361 0036 00000000 		.4byte	0
 1362 003a 00000000 		.4byte	0
 1363              	.LLST2:
 1364 003e 0C000000 		.4byte	.LVL3
 1365 0042 2C000000 		.4byte	.LVL9
 1366 0046 0100     		.2byte	0x1
 1367 0048 56       		.byte	0x56
 1368 0049 00000000 		.4byte	0
 1369 004d 00000000 		.4byte	0
 1370              	.LLST3:
 1371 0051 0E000000 		.4byte	.LVL4
 1372 0055 24000000 		.4byte	.LVL7
 1373 0059 0100     		.2byte	0x1
 1374 005b 53       		.byte	0x53
 1375 005c 26000000 		.4byte	.LVL8
 1376 0060 2C000000 		.4byte	.LVL9
 1377 0064 0100     		.2byte	0x1
 1378 0066 53       		.byte	0x53
 1379 0067 00000000 		.4byte	0
 1380 006b 00000000 		.4byte	0
 1381              	.LLST4:
 1382 006f 00000000 		.4byte	.LVL12
 1383 0073 09000000 		.4byte	.LVL14-1
 1384 0077 0100     		.2byte	0x1
 1385 0079 50       		.byte	0x50
 1386 007a 09000000 		.4byte	.LVL14-1
 1387 007e 0C000000 		.4byte	.LFE0
 1388 0082 0400     		.2byte	0x4
 1389 0084 F3       		.byte	0xf3
 1390 0085 01       		.uleb128 0x1
 1391 0086 50       		.byte	0x50
 1392 0087 9F       		.byte	0x9f
 1393 0088 00000000 		.4byte	0
 1394 008c 00000000 		.4byte	0
 1395              	.LLST5:
 1396 0090 00000000 		.4byte	.LVL12
 1397 0094 06000000 		.4byte	.LVL13
 1398 0098 0100     		.2byte	0x1
 1399 009a 51       		.byte	0x51
 1400 009b 06000000 		.4byte	.LVL13
 1401 009f 09000000 		.4byte	.LVL14-1
 1402 00a3 0100     		.2byte	0x1
 1403 00a5 52       		.byte	0x52
 1404 00a6 09000000 		.4byte	.LVL14-1
 1405 00aa 0C000000 		.4byte	.LFE0
 1406 00ae 0400     		.2byte	0x4
ARM GAS  C:\Users\lenovo\AppData\Local\Temp\cck52eum.s 			page 32


 1407 00b0 F3       		.byte	0xf3
 1408 00b1 01       		.uleb128 0x1
 1409 00b2 51       		.byte	0x51
 1410 00b3 9F       		.byte	0x9f
 1411 00b4 00000000 		.4byte	0
 1412 00b8 00000000 		.4byte	0
 1413              	.LLST6:
 1414 00bc A4000000 		.4byte	.LVL18
 1415 00c0 A8000000 		.4byte	.LVL19
 1416 00c4 0200     		.2byte	0x2
 1417 00c6 30       		.byte	0x30
 1418 00c7 9F       		.byte	0x9f
 1419 00c8 A8000000 		.4byte	.LVL19
 1420 00cc C8000000 		.4byte	.LVL21
 1421 00d0 0100     		.2byte	0x1
 1422 00d2 54       		.byte	0x54
 1423 00d3 CA000000 		.4byte	.LVL22
 1424 00d7 44010000 		.4byte	.LVL25
 1425 00db 0100     		.2byte	0x1
 1426 00dd 54       		.byte	0x54
 1427 00de 00000000 		.4byte	0
 1428 00e2 00000000 		.4byte	0
 1429              	.LLST7:
 1430 00e6 A8000000 		.4byte	.LVL19
 1431 00ea C8000000 		.4byte	.LVL21
 1432 00ee 0B00     		.2byte	0xb
 1433 00f0 74       		.byte	0x74
 1434 00f1 00       		.sleb128 0
 1435 00f2 36       		.byte	0x36
 1436 00f3 1E       		.byte	0x1e
 1437 00f4 03       		.byte	0x3
 1438 00f5 00000000 		.4byte	cfg_memset_list.4737
 1439 00f9 22       		.byte	0x22
 1440 00fa 9F       		.byte	0x9f
 1441 00fb C8000000 		.4byte	.LVL21
 1442 00ff CA000000 		.4byte	.LVL22
 1443 0103 0B00     		.2byte	0xb
 1444 0105 74       		.byte	0x74
 1445 0106 7F       		.sleb128 -1
 1446 0107 36       		.byte	0x36
 1447 0108 1E       		.byte	0x1e
 1448 0109 03       		.byte	0x3
 1449 010a 00000000 		.4byte	cfg_memset_list.4737
 1450 010e 22       		.byte	0x22
 1451 010f 9F       		.byte	0x9f
 1452 0110 00000000 		.4byte	0
 1453 0114 00000000 		.4byte	0
 1454              		.section	.debug_aranges,"",%progbits
 1455 0000 34000000 		.4byte	0x34
 1456 0004 0200     		.2byte	0x2
 1457 0006 00000000 		.4byte	.Ldebug_info0
 1458 000a 04       		.byte	0x4
 1459 000b 00       		.byte	0
 1460 000c 0000     		.2byte	0
 1461 000e 0000     		.2byte	0
 1462 0010 00000000 		.4byte	.LFB3
 1463 0014 32000000 		.4byte	.LFE3-.LFB3
ARM GAS  C:\Users\lenovo\AppData\Local\Temp\cck52eum.s 			page 33


 1464 0018 00000000 		.4byte	.LFB0
 1465 001c 0C000000 		.4byte	.LFE0-.LFB0
 1466 0020 00000000 		.4byte	.LFB4
 1467 0024 A0000000 		.4byte	.LFE4-.LFB4
 1468 0028 A0000000 		.4byte	.LFB6
 1469 002c F0000000 		.4byte	.LFE6-.LFB6
 1470 0030 00000000 		.4byte	0
 1471 0034 00000000 		.4byte	0
 1472              		.section	.debug_ranges,"",%progbits
 1473              	.Ldebug_ranges0:
 1474 0000 00000000 		.4byte	.LFB3
 1475 0004 32000000 		.4byte	.LFE3
 1476 0008 00000000 		.4byte	.LFB0
 1477 000c 0C000000 		.4byte	.LFE0
 1478 0010 00000000 		.4byte	.LFB4
 1479 0014 A0000000 		.4byte	.LFE4
 1480 0018 A0000000 		.4byte	.LFB6
 1481 001c 90010000 		.4byte	.LFE6
 1482 0020 00000000 		.4byte	0
 1483 0024 00000000 		.4byte	0
 1484              		.section	.debug_line,"",%progbits
 1485              	.Ldebug_line0:
 1486 0000 5E010000 		.section	.debug_str,"MS",%progbits,1
 1486      0200D500 
 1486      00000201 
 1486      FB0E0D00 
 1486      01010101 
 1487              	.LASF40:
 1488 0000 433A5C55 		.ascii	"C:\\Users\\lenovo\\Desktop\\Workspace01\\BT.cydsn\000"
 1488      73657273 
 1488      5C6C656E 
 1488      6F766F5C 
 1488      4465736B 
 1489              	.LASF18:
 1490 002d 72656733 		.ascii	"reg32\000"
 1490      3200
 1491              	.LASF11:
 1492 0033 73697A65 		.ascii	"size_t\000"
 1492      5F7400
 1493              	.LASF42:
 1494 003a 4379496E 		.ascii	"CyIntSetVector\000"
 1494      74536574 
 1494      56656374 
 1494      6F7200
 1495              	.LASF21:
 1496 0049 76616C75 		.ascii	"value\000"
 1496      6500
 1497              	.LASF26:
 1498 004f 636F756E 		.ascii	"count\000"
 1498      7400
 1499              	.LASF29:
 1500 0055 436C6F63 		.ascii	"ClockSetup\000"
 1500      6B536574 
 1500      757000
 1501              	.LASF30:
 1502 0060 63795F63 		.ascii	"cy_cfg_addr_table\000"
 1502      66675F61 
ARM GAS  C:\Users\lenovo\AppData\Local\Temp\cck52eum.s 			page 34


 1502      6464725F 
 1502      7461626C 
 1502      6500
 1503              	.LASF31:
 1504 0072 63795F63 		.ascii	"cy_cfg_data_table\000"
 1504      66675F64 
 1504      6174615F 
 1504      7461626C 
 1504      6500
 1505              	.LASF22:
 1506 0084 63795F63 		.ascii	"cy_cfg_addrvalue_t\000"
 1506      66675F61 
 1506      64647276 
 1506      616C7565 
 1506      5F7400
 1507              	.LASF15:
 1508 0097 666C6F61 		.ascii	"float\000"
 1508      7400
 1509              	.LASF35:
 1510 009d 6366675F 		.ascii	"cfg_memset_list\000"
 1510      6D656D73 
 1510      65745F6C 
 1510      69737400 
 1511              	.LASF33:
 1512 00ad 73697A65 		.ascii	"size\000"
 1512      00
 1513              	.LASF17:
 1514 00b2 72656738 		.ascii	"reg8\000"
 1514      00
 1515              	.LASF6:
 1516 00b7 6C6F6E67 		.ascii	"long unsigned int\000"
 1516      20756E73 
 1516      69676E65 
 1516      6420696E 
 1516      7400
 1517              	.LASF12:
 1518 00c9 75696E74 		.ascii	"uint8\000"
 1518      3800
 1519              	.LASF28:
 1520 00cf 43594D45 		.ascii	"CYMEMZERO\000"
 1520      4D5A4552 
 1520      4F00
 1521              	.LASF2:
 1522 00d9 756E7369 		.ascii	"unsigned char\000"
 1522      676E6564 
 1522      20636861 
 1522      7200
 1523              	.LASF36:
 1524 00e7 6D656D73 		.ascii	"memset\000"
 1524      657400
 1525              	.LASF16:
 1526 00ee 646F7562 		.ascii	"double\000"
 1526      6C6500
 1527              	.LASF27:
 1528 00f5 6366675F 		.ascii	"cfg_write_bytes32\000"
 1528      77726974 
 1528      655F6279 
ARM GAS  C:\Users\lenovo\AppData\Local\Temp\cck52eum.s 			page 35


 1528      74657333 
 1528      3200
 1529              	.LASF43:
 1530 0107 4379496E 		.ascii	"CyIntEnable\000"
 1530      74456E61 
 1530      626C6500 
 1531              	.LASF23:
 1532 0113 61646472 		.ascii	"addr_table\000"
 1532      5F746162 
 1532      6C6500
 1533              	.LASF13:
 1534 011e 75696E74 		.ascii	"uint16\000"
 1534      313600
 1535              	.LASF24:
 1536 0125 64617461 		.ascii	"data_table\000"
 1536      5F746162 
 1536      6C6500
 1537              	.LASF14:
 1538 0130 75696E74 		.ascii	"uint32\000"
 1538      333200
 1539              	.LASF0:
 1540 0137 756E7369 		.ascii	"unsigned int\000"
 1540      676E6564 
 1540      20696E74 
 1540      00
 1541              	.LASF41:
 1542 0144 63796669 		.ascii	"cyfitter_cfg\000"
 1542      74746572 
 1542      5F636667 
 1542      00
 1543              	.LASF32:
 1544 0151 61646472 		.ascii	"address\000"
 1544      65737300 
 1545              	.LASF8:
 1546 0159 6C6F6E67 		.ascii	"long long unsigned int\000"
 1546      206C6F6E 
 1546      6720756E 
 1546      7369676E 
 1546      65642069 
 1547              	.LASF19:
 1548 0170 63796973 		.ascii	"cyisraddress\000"
 1548      72616464 
 1548      72657373 
 1548      00
 1549              	.LASF34:
 1550 017d 6366675F 		.ascii	"cfg_memset_t\000"
 1550      6D656D73 
 1550      65745F74 
 1550      00
 1551              	.LASF25:
 1552 018a 62617365 		.ascii	"baseAddr\000"
 1552      41646472 
 1552      00
 1553              	.LASF9:
 1554 0193 73697A65 		.ascii	"sizetype\000"
 1554      74797065 
 1554      00
ARM GAS  C:\Users\lenovo\AppData\Local\Temp\cck52eum.s 			page 36


 1555              	.LASF39:
 1556 019c 2E5C4765 		.ascii	".\\Generated_Source\\PSoC4\\cyfitter_cfg.c\000"
 1556      6E657261 
 1556      7465645F 
 1556      536F7572 
 1556      63655C50 
 1557              	.LASF7:
 1558 01c4 6C6F6E67 		.ascii	"long long int\000"
 1558      206C6F6E 
 1558      6720696E 
 1558      7400
 1559              	.LASF10:
 1560 01d2 63686172 		.ascii	"char\000"
 1560      00
 1561              	.LASF38:
 1562 01d7 474E5520 		.ascii	"GNU C 4.9.3 20150303 (release) [ARM/embedded-4_9-br"
 1562      4320342E 
 1562      392E3320 
 1562      32303135 
 1562      30333033 
 1563 020a 616E6368 		.ascii	"anch revision 221220] -mcpu=cortex-m0 -mthumb -g -O"
 1563      20726576 
 1563      6973696F 
 1563      6E203232 
 1563      31323230 
 1564 023d 67202D66 		.ascii	"g -ffunction-sections -ffat-lto-objects\000"
 1564      66756E63 
 1564      74696F6E 
 1564      2D736563 
 1564      74696F6E 
 1565              	.LASF20:
 1566 0265 6F666673 		.ascii	"offset\000"
 1566      657400
 1567              	.LASF3:
 1568 026c 73686F72 		.ascii	"short int\000"
 1568      7420696E 
 1568      7400
 1569              	.LASF37:
 1570 0276 43795379 		.ascii	"CySysClkWriteImoFreq\000"
 1570      73436C6B 
 1570      57726974 
 1570      65496D6F 
 1570      46726571 
 1571              	.LASF5:
 1572 028b 6C6F6E67 		.ascii	"long int\000"
 1572      20696E74 
 1572      00
 1573              	.LASF1:
 1574 0294 7369676E 		.ascii	"signed char\000"
 1574      65642063 
 1574      68617200 
 1575              	.LASF4:
 1576 02a0 73686F72 		.ascii	"short unsigned int\000"
 1576      7420756E 
 1576      7369676E 
 1576      65642069 
 1576      6E7400
ARM GAS  C:\Users\lenovo\AppData\Local\Temp\cck52eum.s 			page 37


 1577              		.ident	"GCC: (GNU Tools for ARM Embedded Processors) 4.9.3 20150303 (release) [ARM/embedded-4_9-br
