ARM GAS  C:\Users\lenovo\AppData\Local\Temp\cc244Uaf.s 			page 1


   1              		.cpu cortex-m0
   2              		.fpu softvfp
   3              		.eabi_attribute 20, 1
   4              		.eabi_attribute 21, 1
   5              		.eabi_attribute 23, 3
   6              		.eabi_attribute 24, 1
   7              		.eabi_attribute 25, 1
   8              		.eabi_attribute 26, 1
   9              		.eabi_attribute 30, 1
  10              		.eabi_attribute 34, 0
  11              		.eabi_attribute 18, 4
  12              		.code	16
  13              		.file	"main.c"
  14              		.text
  15              	.Ltext0:
  16              		.cfi_sections	.debug_frame
  17              		.section	.text.main,"ax",%progbits
  18              		.align	2
  19              		.global	main
  20              		.code	16
  21              		.thumb_func
  22              		.type	main, %function
  23              	main:
  24              	.LFB33:
  25              		.file 1 ".\\main.c"
   1:.\main.c      **** /* ========================================
   2:.\main.c      ****  *
   3:.\main.c      ****  * Copyright YOUR COMPANY, THE YEAR
   4:.\main.c      ****  * All Rights Reserved
   5:.\main.c      ****  * UNPUBLISHED, LICENSED SOFTWARE.
   6:.\main.c      ****  *
   7:.\main.c      ****  * CONFIDENTIAL AND PROPRIETARY INFORMATION
   8:.\main.c      ****  * WHICH IS THE PROPERTY OF your company.
   9:.\main.c      ****  *
  10:.\main.c      ****  * ========================================
  11:.\main.c      **** */
  12:.\main.c      **** #include <project.h>
  13:.\main.c      **** #include<stdio.h>
  14:.\main.c      **** #include<stdlib.h>
  15:.\main.c      **** 
  16:.\main.c      **** 
  17:.\main.c      **** int main()
  18:.\main.c      **** {
  26              		.loc 1 18 0
  27              		.cfi_startproc
  28 0000 38B5     		push	{r3, r4, r5, lr}
  29              		.cfi_def_cfa_offset 16
  30              		.cfi_offset 3, -16
  31              		.cfi_offset 4, -12
  32              		.cfi_offset 5, -8
  33              		.cfi_offset 14, -4
  19:.\main.c      ****     uint8 ch; 
  20:.\main.c      ****     UART_Start();
  34              		.loc 1 20 0
  35 0002 FFF7FEFF 		bl	UART_Start
  36              	.LVL0:
  21:.\main.c      ****     PWM_R_Start();
ARM GAS  C:\Users\lenovo\AppData\Local\Temp\cc244Uaf.s 			page 2


  37              		.loc 1 21 0
  38 0006 FFF7FEFF 		bl	PWM_R_Start
  39              	.LVL1:
  22:.\main.c      ****     PWM_L_Start();
  40              		.loc 1 22 0
  41 000a FFF7FEFF 		bl	PWM_L_Start
  42              	.LVL2:
  43              	.L6:
  23:.\main.c      ****     ch=0xcc;
  24:.\main.c      ****     for(;;)
  25:.\main.c      ****     {
  26:.\main.c      ****         ch=UART_UartGetChar();
  44              		.loc 1 26 0
  45 000e FFF7FEFF 		bl	UART_UartGetChar
  46              	.LVL3:
  47 0012 C4B2     		uxtb	r4, r0
  48              	.LVL4:
  27:.\main.c      ****         if (ch=='F')
  49              		.loc 1 27 0
  50 0014 462C     		cmp	r4, #70
  51 0016 05D1     		bne	.L2
  28:.\main.c      ****         {
  29:.\main.c      ****             PWM_R_WriteCompare(5100);
  52              		.loc 1 29 0
  53 0018 1348     		ldr	r0, .L8
  54 001a FFF7FEFF 		bl	PWM_R_WriteCompare
  55              	.LVL5:
  30:.\main.c      ****             PWM_L_WriteCompare(4100);
  56              		.loc 1 30 0
  57 001e 1348     		ldr	r0, .L8+4
  58 0020 FFF7FEFF 		bl	PWM_L_WriteCompare
  59              	.LVL6:
  60              	.L2:
  31:.\main.c      ****         }
  32:.\main.c      ****         
  33:.\main.c      ****         if (ch=='S')
  61              		.loc 1 33 0
  62 0024 532C     		cmp	r4, #83
  63 0026 06D1     		bne	.L3
  34:.\main.c      ****         {
  35:.\main.c      ****             PWM_R_WriteCompare(4500);
  64              		.loc 1 35 0
  65 0028 114D     		ldr	r5, .L8+8
  66 002a 281C     		mov	r0, r5
  67 002c FFF7FEFF 		bl	PWM_R_WriteCompare
  68              	.LVL7:
  36:.\main.c      ****             PWM_L_WriteCompare(4500);
  69              		.loc 1 36 0
  70 0030 281C     		mov	r0, r5
  71 0032 FFF7FEFF 		bl	PWM_L_WriteCompare
  72              	.LVL8:
  73              	.L3:
  37:.\main.c      ****         }
  38:.\main.c      ****         
  39:.\main.c      ****         if (ch=='B')
  74              		.loc 1 39 0
  75 0036 422C     		cmp	r4, #66
ARM GAS  C:\Users\lenovo\AppData\Local\Temp\cc244Uaf.s 			page 3


  76 0038 05D1     		bne	.L4
  40:.\main.c      ****         {
  41:.\main.c      ****             PWM_R_WriteCompare(3900);
  77              		.loc 1 41 0
  78 003a 0E48     		ldr	r0, .L8+12
  79 003c FFF7FEFF 		bl	PWM_R_WriteCompare
  80              	.LVL9:
  42:.\main.c      ****             PWM_L_WriteCompare(4900);
  81              		.loc 1 42 0
  82 0040 0D48     		ldr	r0, .L8+16
  83 0042 FFF7FEFF 		bl	PWM_L_WriteCompare
  84              	.LVL10:
  85              	.L4:
  43:.\main.c      ****         }
  44:.\main.c      ****         
  45:.\main.c      ****         if (ch=='R')
  86              		.loc 1 45 0
  87 0046 522C     		cmp	r4, #82
  88 0048 05D1     		bne	.L5
  46:.\main.c      ****         {
  47:.\main.c      ****             PWM_R_WriteCompare(4500);
  89              		.loc 1 47 0
  90 004a 0948     		ldr	r0, .L8+8
  91 004c FFF7FEFF 		bl	PWM_R_WriteCompare
  92              	.LVL11:
  48:.\main.c      ****             PWM_L_WriteCompare(4100);
  93              		.loc 1 48 0
  94 0050 0648     		ldr	r0, .L8+4
  95 0052 FFF7FEFF 		bl	PWM_L_WriteCompare
  96              	.LVL12:
  97              	.L5:
  49:.\main.c      ****         }
  50:.\main.c      ****         
  51:.\main.c      ****         if (ch=='L')
  98              		.loc 1 51 0
  99 0056 4C2C     		cmp	r4, #76
 100 0058 D9D1     		bne	.L6
  52:.\main.c      ****         {
  53:.\main.c      ****             PWM_R_WriteCompare(5100);
 101              		.loc 1 53 0
 102 005a 0348     		ldr	r0, .L8
 103 005c FFF7FEFF 		bl	PWM_R_WriteCompare
 104              	.LVL13:
  54:.\main.c      ****             PWM_L_WriteCompare(4500);
 105              		.loc 1 54 0
 106 0060 0348     		ldr	r0, .L8+8
 107 0062 FFF7FEFF 		bl	PWM_L_WriteCompare
 108              	.LVL14:
 109 0066 D2E7     		b	.L6
 110              	.L9:
 111              		.align	2
 112              	.L8:
 113 0068 EC130000 		.word	5100
 114 006c 04100000 		.word	4100
 115 0070 94110000 		.word	4500
 116 0074 3C0F0000 		.word	3900
 117 0078 24130000 		.word	4900
ARM GAS  C:\Users\lenovo\AppData\Local\Temp\cc244Uaf.s 			page 4


 118              		.cfi_endproc
 119              	.LFE33:
 120              		.size	main, .-main
 121              		.text
 122              	.Letext0:
 123              		.file 2 "Generated_Source\\PSoC4/cytypes.h"
 124              		.file 3 "Generated_Source\\PSoC4/UART.h"
 125              		.file 4 "Generated_Source\\PSoC4/PWM_R.h"
 126              		.file 5 "Generated_Source\\PSoC4/PWM_L.h"
 127              		.file 6 "Generated_Source\\PSoC4/UART_SPI_UART.h"
 128              		.section	.debug_info,"",%progbits
 129              	.Ldebug_info0:
 130 0000 F5010000 		.4byte	0x1f5
 131 0004 0400     		.2byte	0x4
 132 0006 00000000 		.4byte	.Ldebug_abbrev0
 133 000a 04       		.byte	0x4
 134 000b 01       		.uleb128 0x1
 135 000c 2F010000 		.4byte	.LASF18
 136 0010 01       		.byte	0x1
 137 0011 BD010000 		.4byte	.LASF19
 138 0015 22000000 		.4byte	.LASF20
 139 0019 00000000 		.4byte	.Ldebug_ranges0+0
 140 001d 00000000 		.4byte	0
 141 0021 00000000 		.4byte	.Ldebug_line0
 142 0025 02       		.uleb128 0x2
 143 0026 01       		.byte	0x1
 144 0027 06       		.byte	0x6
 145 0028 18010000 		.4byte	.LASF0
 146 002c 02       		.uleb128 0x2
 147 002d 01       		.byte	0x1
 148 002e 08       		.byte	0x8
 149 002f B7000000 		.4byte	.LASF1
 150 0033 02       		.uleb128 0x2
 151 0034 02       		.byte	0x2
 152 0035 05       		.byte	0x5
 153 0036 7F000000 		.4byte	.LASF2
 154 003a 02       		.uleb128 0x2
 155 003b 02       		.byte	0x2
 156 003c 07       		.byte	0x7
 157 003d 05010000 		.4byte	.LASF3
 158 0041 02       		.uleb128 0x2
 159 0042 04       		.byte	0x4
 160 0043 05       		.byte	0x5
 161 0044 D6000000 		.4byte	.LASF4
 162 0048 02       		.uleb128 0x2
 163 0049 04       		.byte	0x4
 164 004a 07       		.byte	0x7
 165 004b 6D000000 		.4byte	.LASF5
 166 004f 02       		.uleb128 0x2
 167 0050 08       		.byte	0x8
 168 0051 05       		.byte	0x5
 169 0052 00000000 		.4byte	.LASF6
 170 0056 02       		.uleb128 0x2
 171 0057 08       		.byte	0x8
 172 0058 07       		.byte	0x7
 173 0059 89000000 		.4byte	.LASF7
 174 005d 03       		.uleb128 0x3
ARM GAS  C:\Users\lenovo\AppData\Local\Temp\cc244Uaf.s 			page 5


 175 005e 04       		.byte	0x4
 176 005f 05       		.byte	0x5
 177 0060 696E7400 		.ascii	"int\000"
 178 0064 02       		.uleb128 0x2
 179 0065 04       		.byte	0x4
 180 0066 07       		.byte	0x7
 181 0067 15000000 		.4byte	.LASF8
 182 006b 04       		.uleb128 0x4
 183 006c 67000000 		.4byte	.LASF9
 184 0070 02       		.byte	0x2
 185 0071 C2       		.byte	0xc2
 186 0072 2C000000 		.4byte	0x2c
 187 0076 04       		.uleb128 0x4
 188 0077 0E000000 		.4byte	.LASF10
 189 007b 02       		.byte	0x2
 190 007c C4       		.byte	0xc4
 191 007d 48000000 		.4byte	0x48
 192 0081 02       		.uleb128 0x2
 193 0082 04       		.byte	0x4
 194 0083 04       		.byte	0x4
 195 0084 A0000000 		.4byte	.LASF11
 196 0088 02       		.uleb128 0x2
 197 0089 08       		.byte	0x8
 198 008a 04       		.byte	0x4
 199 008b FE000000 		.4byte	.LASF12
 200 008f 02       		.uleb128 0x2
 201 0090 01       		.byte	0x1
 202 0091 08       		.byte	0x8
 203 0092 A6000000 		.4byte	.LASF13
 204 0096 02       		.uleb128 0x2
 205 0097 04       		.byte	0x4
 206 0098 07       		.byte	0x7
 207 0099 C6010000 		.4byte	.LASF14
 208 009d 05       		.uleb128 0x5
 209 009e 4F000000 		.4byte	.LASF21
 210 00a2 01       		.byte	0x1
 211 00a3 11       		.byte	0x11
 212 00a4 5D000000 		.4byte	0x5d
 213 00a8 00000000 		.4byte	.LFB33
 214 00ac 7C000000 		.4byte	.LFE33-.LFB33
 215 00b0 01       		.uleb128 0x1
 216 00b1 9C       		.byte	0x9c
 217 00b2 B5010000 		.4byte	0x1b5
 218 00b6 06       		.uleb128 0x6
 219 00b7 636800   		.ascii	"ch\000"
 220 00ba 01       		.byte	0x1
 221 00bb 13       		.byte	0x13
 222 00bc 6B000000 		.4byte	0x6b
 223 00c0 00000000 		.4byte	.LLST0
 224 00c4 07       		.uleb128 0x7
 225 00c5 06000000 		.4byte	.LVL0
 226 00c9 B5010000 		.4byte	0x1b5
 227 00cd 07       		.uleb128 0x7
 228 00ce 0A000000 		.4byte	.LVL1
 229 00d2 BC010000 		.4byte	0x1bc
 230 00d6 07       		.uleb128 0x7
 231 00d7 0E000000 		.4byte	.LVL2
ARM GAS  C:\Users\lenovo\AppData\Local\Temp\cc244Uaf.s 			page 6


 232 00db C4010000 		.4byte	0x1c4
 233 00df 07       		.uleb128 0x7
 234 00e0 12000000 		.4byte	.LVL3
 235 00e4 CC010000 		.4byte	0x1cc
 236 00e8 08       		.uleb128 0x8
 237 00e9 1E000000 		.4byte	.LVL5
 238 00ed D8010000 		.4byte	0x1d8
 239 00f1 FD000000 		.4byte	0xfd
 240 00f5 09       		.uleb128 0x9
 241 00f6 01       		.uleb128 0x1
 242 00f7 50       		.byte	0x50
 243 00f8 03       		.uleb128 0x3
 244 00f9 0A       		.byte	0xa
 245 00fa EC13     		.2byte	0x13ec
 246 00fc 00       		.byte	0
 247 00fd 08       		.uleb128 0x8
 248 00fe 24000000 		.4byte	.LVL6
 249 0102 EA010000 		.4byte	0x1ea
 250 0106 12010000 		.4byte	0x112
 251 010a 09       		.uleb128 0x9
 252 010b 01       		.uleb128 0x1
 253 010c 50       		.byte	0x50
 254 010d 03       		.uleb128 0x3
 255 010e 0A       		.byte	0xa
 256 010f 0410     		.2byte	0x1004
 257 0111 00       		.byte	0
 258 0112 08       		.uleb128 0x8
 259 0113 30000000 		.4byte	.LVL7
 260 0117 D8010000 		.4byte	0x1d8
 261 011b 26010000 		.4byte	0x126
 262 011f 09       		.uleb128 0x9
 263 0120 01       		.uleb128 0x1
 264 0121 50       		.byte	0x50
 265 0122 02       		.uleb128 0x2
 266 0123 75       		.byte	0x75
 267 0124 00       		.sleb128 0
 268 0125 00       		.byte	0
 269 0126 08       		.uleb128 0x8
 270 0127 36000000 		.4byte	.LVL8
 271 012b EA010000 		.4byte	0x1ea
 272 012f 3A010000 		.4byte	0x13a
 273 0133 09       		.uleb128 0x9
 274 0134 01       		.uleb128 0x1
 275 0135 50       		.byte	0x50
 276 0136 02       		.uleb128 0x2
 277 0137 75       		.byte	0x75
 278 0138 00       		.sleb128 0
 279 0139 00       		.byte	0
 280 013a 08       		.uleb128 0x8
 281 013b 40000000 		.4byte	.LVL9
 282 013f D8010000 		.4byte	0x1d8
 283 0143 4F010000 		.4byte	0x14f
 284 0147 09       		.uleb128 0x9
 285 0148 01       		.uleb128 0x1
 286 0149 50       		.byte	0x50
 287 014a 03       		.uleb128 0x3
 288 014b 0A       		.byte	0xa
ARM GAS  C:\Users\lenovo\AppData\Local\Temp\cc244Uaf.s 			page 7


 289 014c 3C0F     		.2byte	0xf3c
 290 014e 00       		.byte	0
 291 014f 08       		.uleb128 0x8
 292 0150 46000000 		.4byte	.LVL10
 293 0154 EA010000 		.4byte	0x1ea
 294 0158 64010000 		.4byte	0x164
 295 015c 09       		.uleb128 0x9
 296 015d 01       		.uleb128 0x1
 297 015e 50       		.byte	0x50
 298 015f 03       		.uleb128 0x3
 299 0160 0A       		.byte	0xa
 300 0161 2413     		.2byte	0x1324
 301 0163 00       		.byte	0
 302 0164 08       		.uleb128 0x8
 303 0165 50000000 		.4byte	.LVL11
 304 0169 D8010000 		.4byte	0x1d8
 305 016d 79010000 		.4byte	0x179
 306 0171 09       		.uleb128 0x9
 307 0172 01       		.uleb128 0x1
 308 0173 50       		.byte	0x50
 309 0174 03       		.uleb128 0x3
 310 0175 0A       		.byte	0xa
 311 0176 9411     		.2byte	0x1194
 312 0178 00       		.byte	0
 313 0179 08       		.uleb128 0x8
 314 017a 56000000 		.4byte	.LVL12
 315 017e EA010000 		.4byte	0x1ea
 316 0182 8E010000 		.4byte	0x18e
 317 0186 09       		.uleb128 0x9
 318 0187 01       		.uleb128 0x1
 319 0188 50       		.byte	0x50
 320 0189 03       		.uleb128 0x3
 321 018a 0A       		.byte	0xa
 322 018b 0410     		.2byte	0x1004
 323 018d 00       		.byte	0
 324 018e 08       		.uleb128 0x8
 325 018f 60000000 		.4byte	.LVL13
 326 0193 D8010000 		.4byte	0x1d8
 327 0197 A3010000 		.4byte	0x1a3
 328 019b 09       		.uleb128 0x9
 329 019c 01       		.uleb128 0x1
 330 019d 50       		.byte	0x50
 331 019e 03       		.uleb128 0x3
 332 019f 0A       		.byte	0xa
 333 01a0 EC13     		.2byte	0x13ec
 334 01a2 00       		.byte	0
 335 01a3 0A       		.uleb128 0xa
 336 01a4 66000000 		.4byte	.LVL14
 337 01a8 EA010000 		.4byte	0x1ea
 338 01ac 09       		.uleb128 0x9
 339 01ad 01       		.uleb128 0x1
 340 01ae 50       		.byte	0x50
 341 01af 03       		.uleb128 0x3
 342 01b0 0A       		.byte	0xa
 343 01b1 9411     		.2byte	0x1194
 344 01b3 00       		.byte	0
 345 01b4 00       		.byte	0
ARM GAS  C:\Users\lenovo\AppData\Local\Temp\cc244Uaf.s 			page 8


 346 01b5 0B       		.uleb128 0xb
 347 01b6 24010000 		.4byte	.LASF15
 348 01ba 03       		.byte	0x3
 349 01bb 68       		.byte	0x68
 350 01bc 0C       		.uleb128 0xc
 351 01bd F2000000 		.4byte	.LASF16
 352 01c1 04       		.byte	0x4
 353 01c2 3101     		.2byte	0x131
 354 01c4 0C       		.uleb128 0xc
 355 01c5 AB000000 		.4byte	.LASF17
 356 01c9 05       		.byte	0x5
 357 01ca 3101     		.2byte	0x131
 358 01cc 0D       		.uleb128 0xd
 359 01cd C5000000 		.4byte	.LASF22
 360 01d1 06       		.byte	0x6
 361 01d2 6A01     		.2byte	0x16a
 362 01d4 76000000 		.4byte	0x76
 363 01d8 0E       		.uleb128 0xe
 364 01d9 54000000 		.4byte	.LASF23
 365 01dd 04       		.byte	0x4
 366 01de 5401     		.2byte	0x154
 367 01e0 EA010000 		.4byte	0x1ea
 368 01e4 0F       		.uleb128 0xf
 369 01e5 76000000 		.4byte	0x76
 370 01e9 00       		.byte	0
 371 01ea 10       		.uleb128 0x10
 372 01eb DF000000 		.4byte	.LASF24
 373 01ef 05       		.byte	0x5
 374 01f0 5401     		.2byte	0x154
 375 01f2 0F       		.uleb128 0xf
 376 01f3 76000000 		.4byte	0x76
 377 01f7 00       		.byte	0
 378 01f8 00       		.byte	0
 379              		.section	.debug_abbrev,"",%progbits
 380              	.Ldebug_abbrev0:
 381 0000 01       		.uleb128 0x1
 382 0001 11       		.uleb128 0x11
 383 0002 01       		.byte	0x1
 384 0003 25       		.uleb128 0x25
 385 0004 0E       		.uleb128 0xe
 386 0005 13       		.uleb128 0x13
 387 0006 0B       		.uleb128 0xb
 388 0007 03       		.uleb128 0x3
 389 0008 0E       		.uleb128 0xe
 390 0009 1B       		.uleb128 0x1b
 391 000a 0E       		.uleb128 0xe
 392 000b 55       		.uleb128 0x55
 393 000c 17       		.uleb128 0x17
 394 000d 11       		.uleb128 0x11
 395 000e 01       		.uleb128 0x1
 396 000f 10       		.uleb128 0x10
 397 0010 17       		.uleb128 0x17
 398 0011 00       		.byte	0
 399 0012 00       		.byte	0
 400 0013 02       		.uleb128 0x2
 401 0014 24       		.uleb128 0x24
 402 0015 00       		.byte	0
ARM GAS  C:\Users\lenovo\AppData\Local\Temp\cc244Uaf.s 			page 9


 403 0016 0B       		.uleb128 0xb
 404 0017 0B       		.uleb128 0xb
 405 0018 3E       		.uleb128 0x3e
 406 0019 0B       		.uleb128 0xb
 407 001a 03       		.uleb128 0x3
 408 001b 0E       		.uleb128 0xe
 409 001c 00       		.byte	0
 410 001d 00       		.byte	0
 411 001e 03       		.uleb128 0x3
 412 001f 24       		.uleb128 0x24
 413 0020 00       		.byte	0
 414 0021 0B       		.uleb128 0xb
 415 0022 0B       		.uleb128 0xb
 416 0023 3E       		.uleb128 0x3e
 417 0024 0B       		.uleb128 0xb
 418 0025 03       		.uleb128 0x3
 419 0026 08       		.uleb128 0x8
 420 0027 00       		.byte	0
 421 0028 00       		.byte	0
 422 0029 04       		.uleb128 0x4
 423 002a 16       		.uleb128 0x16
 424 002b 00       		.byte	0
 425 002c 03       		.uleb128 0x3
 426 002d 0E       		.uleb128 0xe
 427 002e 3A       		.uleb128 0x3a
 428 002f 0B       		.uleb128 0xb
 429 0030 3B       		.uleb128 0x3b
 430 0031 0B       		.uleb128 0xb
 431 0032 49       		.uleb128 0x49
 432 0033 13       		.uleb128 0x13
 433 0034 00       		.byte	0
 434 0035 00       		.byte	0
 435 0036 05       		.uleb128 0x5
 436 0037 2E       		.uleb128 0x2e
 437 0038 01       		.byte	0x1
 438 0039 3F       		.uleb128 0x3f
 439 003a 19       		.uleb128 0x19
 440 003b 03       		.uleb128 0x3
 441 003c 0E       		.uleb128 0xe
 442 003d 3A       		.uleb128 0x3a
 443 003e 0B       		.uleb128 0xb
 444 003f 3B       		.uleb128 0x3b
 445 0040 0B       		.uleb128 0xb
 446 0041 49       		.uleb128 0x49
 447 0042 13       		.uleb128 0x13
 448 0043 11       		.uleb128 0x11
 449 0044 01       		.uleb128 0x1
 450 0045 12       		.uleb128 0x12
 451 0046 06       		.uleb128 0x6
 452 0047 40       		.uleb128 0x40
 453 0048 18       		.uleb128 0x18
 454 0049 9742     		.uleb128 0x2117
 455 004b 19       		.uleb128 0x19
 456 004c 01       		.uleb128 0x1
 457 004d 13       		.uleb128 0x13
 458 004e 00       		.byte	0
 459 004f 00       		.byte	0
ARM GAS  C:\Users\lenovo\AppData\Local\Temp\cc244Uaf.s 			page 10


 460 0050 06       		.uleb128 0x6
 461 0051 34       		.uleb128 0x34
 462 0052 00       		.byte	0
 463 0053 03       		.uleb128 0x3
 464 0054 08       		.uleb128 0x8
 465 0055 3A       		.uleb128 0x3a
 466 0056 0B       		.uleb128 0xb
 467 0057 3B       		.uleb128 0x3b
 468 0058 0B       		.uleb128 0xb
 469 0059 49       		.uleb128 0x49
 470 005a 13       		.uleb128 0x13
 471 005b 02       		.uleb128 0x2
 472 005c 17       		.uleb128 0x17
 473 005d 00       		.byte	0
 474 005e 00       		.byte	0
 475 005f 07       		.uleb128 0x7
 476 0060 898201   		.uleb128 0x4109
 477 0063 00       		.byte	0
 478 0064 11       		.uleb128 0x11
 479 0065 01       		.uleb128 0x1
 480 0066 31       		.uleb128 0x31
 481 0067 13       		.uleb128 0x13
 482 0068 00       		.byte	0
 483 0069 00       		.byte	0
 484 006a 08       		.uleb128 0x8
 485 006b 898201   		.uleb128 0x4109
 486 006e 01       		.byte	0x1
 487 006f 11       		.uleb128 0x11
 488 0070 01       		.uleb128 0x1
 489 0071 31       		.uleb128 0x31
 490 0072 13       		.uleb128 0x13
 491 0073 01       		.uleb128 0x1
 492 0074 13       		.uleb128 0x13
 493 0075 00       		.byte	0
 494 0076 00       		.byte	0
 495 0077 09       		.uleb128 0x9
 496 0078 8A8201   		.uleb128 0x410a
 497 007b 00       		.byte	0
 498 007c 02       		.uleb128 0x2
 499 007d 18       		.uleb128 0x18
 500 007e 9142     		.uleb128 0x2111
 501 0080 18       		.uleb128 0x18
 502 0081 00       		.byte	0
 503 0082 00       		.byte	0
 504 0083 0A       		.uleb128 0xa
 505 0084 898201   		.uleb128 0x4109
 506 0087 01       		.byte	0x1
 507 0088 11       		.uleb128 0x11
 508 0089 01       		.uleb128 0x1
 509 008a 31       		.uleb128 0x31
 510 008b 13       		.uleb128 0x13
 511 008c 00       		.byte	0
 512 008d 00       		.byte	0
 513 008e 0B       		.uleb128 0xb
 514 008f 2E       		.uleb128 0x2e
 515 0090 00       		.byte	0
 516 0091 3F       		.uleb128 0x3f
ARM GAS  C:\Users\lenovo\AppData\Local\Temp\cc244Uaf.s 			page 11


 517 0092 19       		.uleb128 0x19
 518 0093 03       		.uleb128 0x3
 519 0094 0E       		.uleb128 0xe
 520 0095 3A       		.uleb128 0x3a
 521 0096 0B       		.uleb128 0xb
 522 0097 3B       		.uleb128 0x3b
 523 0098 0B       		.uleb128 0xb
 524 0099 27       		.uleb128 0x27
 525 009a 19       		.uleb128 0x19
 526 009b 3C       		.uleb128 0x3c
 527 009c 19       		.uleb128 0x19
 528 009d 00       		.byte	0
 529 009e 00       		.byte	0
 530 009f 0C       		.uleb128 0xc
 531 00a0 2E       		.uleb128 0x2e
 532 00a1 00       		.byte	0
 533 00a2 3F       		.uleb128 0x3f
 534 00a3 19       		.uleb128 0x19
 535 00a4 03       		.uleb128 0x3
 536 00a5 0E       		.uleb128 0xe
 537 00a6 3A       		.uleb128 0x3a
 538 00a7 0B       		.uleb128 0xb
 539 00a8 3B       		.uleb128 0x3b
 540 00a9 05       		.uleb128 0x5
 541 00aa 27       		.uleb128 0x27
 542 00ab 19       		.uleb128 0x19
 543 00ac 3C       		.uleb128 0x3c
 544 00ad 19       		.uleb128 0x19
 545 00ae 00       		.byte	0
 546 00af 00       		.byte	0
 547 00b0 0D       		.uleb128 0xd
 548 00b1 2E       		.uleb128 0x2e
 549 00b2 00       		.byte	0
 550 00b3 3F       		.uleb128 0x3f
 551 00b4 19       		.uleb128 0x19
 552 00b5 03       		.uleb128 0x3
 553 00b6 0E       		.uleb128 0xe
 554 00b7 3A       		.uleb128 0x3a
 555 00b8 0B       		.uleb128 0xb
 556 00b9 3B       		.uleb128 0x3b
 557 00ba 05       		.uleb128 0x5
 558 00bb 27       		.uleb128 0x27
 559 00bc 19       		.uleb128 0x19
 560 00bd 49       		.uleb128 0x49
 561 00be 13       		.uleb128 0x13
 562 00bf 3C       		.uleb128 0x3c
 563 00c0 19       		.uleb128 0x19
 564 00c1 00       		.byte	0
 565 00c2 00       		.byte	0
 566 00c3 0E       		.uleb128 0xe
 567 00c4 2E       		.uleb128 0x2e
 568 00c5 01       		.byte	0x1
 569 00c6 3F       		.uleb128 0x3f
 570 00c7 19       		.uleb128 0x19
 571 00c8 03       		.uleb128 0x3
 572 00c9 0E       		.uleb128 0xe
 573 00ca 3A       		.uleb128 0x3a
ARM GAS  C:\Users\lenovo\AppData\Local\Temp\cc244Uaf.s 			page 12


 574 00cb 0B       		.uleb128 0xb
 575 00cc 3B       		.uleb128 0x3b
 576 00cd 05       		.uleb128 0x5
 577 00ce 27       		.uleb128 0x27
 578 00cf 19       		.uleb128 0x19
 579 00d0 3C       		.uleb128 0x3c
 580 00d1 19       		.uleb128 0x19
 581 00d2 01       		.uleb128 0x1
 582 00d3 13       		.uleb128 0x13
 583 00d4 00       		.byte	0
 584 00d5 00       		.byte	0
 585 00d6 0F       		.uleb128 0xf
 586 00d7 05       		.uleb128 0x5
 587 00d8 00       		.byte	0
 588 00d9 49       		.uleb128 0x49
 589 00da 13       		.uleb128 0x13
 590 00db 00       		.byte	0
 591 00dc 00       		.byte	0
 592 00dd 10       		.uleb128 0x10
 593 00de 2E       		.uleb128 0x2e
 594 00df 01       		.byte	0x1
 595 00e0 3F       		.uleb128 0x3f
 596 00e1 19       		.uleb128 0x19
 597 00e2 03       		.uleb128 0x3
 598 00e3 0E       		.uleb128 0xe
 599 00e4 3A       		.uleb128 0x3a
 600 00e5 0B       		.uleb128 0xb
 601 00e6 3B       		.uleb128 0x3b
 602 00e7 05       		.uleb128 0x5
 603 00e8 27       		.uleb128 0x27
 604 00e9 19       		.uleb128 0x19
 605 00ea 3C       		.uleb128 0x3c
 606 00eb 19       		.uleb128 0x19
 607 00ec 00       		.byte	0
 608 00ed 00       		.byte	0
 609 00ee 00       		.byte	0
 610              		.section	.debug_loc,"",%progbits
 611              	.Ldebug_loc0:
 612              	.LLST0:
 613 0000 14000000 		.4byte	.LVL4
 614 0004 7C000000 		.4byte	.LFE33
 615 0008 0100     		.2byte	0x1
 616 000a 54       		.byte	0x54
 617 000b 00000000 		.4byte	0
 618 000f 00000000 		.4byte	0
 619              		.section	.debug_aranges,"",%progbits
 620 0000 1C000000 		.4byte	0x1c
 621 0004 0200     		.2byte	0x2
 622 0006 00000000 		.4byte	.Ldebug_info0
 623 000a 04       		.byte	0x4
 624 000b 00       		.byte	0
 625 000c 0000     		.2byte	0
 626 000e 0000     		.2byte	0
 627 0010 00000000 		.4byte	.LFB33
 628 0014 7C000000 		.4byte	.LFE33-.LFB33
 629 0018 00000000 		.4byte	0
 630 001c 00000000 		.4byte	0
ARM GAS  C:\Users\lenovo\AppData\Local\Temp\cc244Uaf.s 			page 13


 631              		.section	.debug_ranges,"",%progbits
 632              	.Ldebug_ranges0:
 633 0000 00000000 		.4byte	.LFB33
 634 0004 7C000000 		.4byte	.LFE33
 635 0008 00000000 		.4byte	0
 636 000c 00000000 		.4byte	0
 637              		.section	.debug_line,"",%progbits
 638              	.Ldebug_line0:
 639 0000 9E000000 		.section	.debug_str,"MS",%progbits,1
 639      02007600 
 639      00000201 
 639      FB0E0D00 
 639      01010101 
 640              	.LASF6:
 641 0000 6C6F6E67 		.ascii	"long long int\000"
 641      206C6F6E 
 641      6720696E 
 641      7400
 642              	.LASF10:
 643 000e 75696E74 		.ascii	"uint32\000"
 643      333200
 644              	.LASF8:
 645 0015 756E7369 		.ascii	"unsigned int\000"
 645      676E6564 
 645      20696E74 
 645      00
 646              	.LASF20:
 647 0022 433A5C55 		.ascii	"C:\\Users\\lenovo\\Desktop\\Workspace01\\BT.cydsn\000"
 647      73657273 
 647      5C6C656E 
 647      6F766F5C 
 647      4465736B 
 648              	.LASF21:
 649 004f 6D61696E 		.ascii	"main\000"
 649      00
 650              	.LASF23:
 651 0054 50574D5F 		.ascii	"PWM_R_WriteCompare\000"
 651      525F5772 
 651      69746543 
 651      6F6D7061 
 651      726500
 652              	.LASF9:
 653 0067 75696E74 		.ascii	"uint8\000"
 653      3800
 654              	.LASF5:
 655 006d 6C6F6E67 		.ascii	"long unsigned int\000"
 655      20756E73 
 655      69676E65 
 655      6420696E 
 655      7400
 656              	.LASF2:
 657 007f 73686F72 		.ascii	"short int\000"
 657      7420696E 
 657      7400
 658              	.LASF7:
 659 0089 6C6F6E67 		.ascii	"long long unsigned int\000"
 659      206C6F6E 
ARM GAS  C:\Users\lenovo\AppData\Local\Temp\cc244Uaf.s 			page 14


 659      6720756E 
 659      7369676E 
 659      65642069 
 660              	.LASF11:
 661 00a0 666C6F61 		.ascii	"float\000"
 661      7400
 662              	.LASF13:
 663 00a6 63686172 		.ascii	"char\000"
 663      00
 664              	.LASF17:
 665 00ab 50574D5F 		.ascii	"PWM_L_Start\000"
 665      4C5F5374 
 665      61727400 
 666              	.LASF1:
 667 00b7 756E7369 		.ascii	"unsigned char\000"
 667      676E6564 
 667      20636861 
 667      7200
 668              	.LASF22:
 669 00c5 55415254 		.ascii	"UART_UartGetChar\000"
 669      5F556172 
 669      74476574 
 669      43686172 
 669      00
 670              	.LASF4:
 671 00d6 6C6F6E67 		.ascii	"long int\000"
 671      20696E74 
 671      00
 672              	.LASF24:
 673 00df 50574D5F 		.ascii	"PWM_L_WriteCompare\000"
 673      4C5F5772 
 673      69746543 
 673      6F6D7061 
 673      726500
 674              	.LASF16:
 675 00f2 50574D5F 		.ascii	"PWM_R_Start\000"
 675      525F5374 
 675      61727400 
 676              	.LASF12:
 677 00fe 646F7562 		.ascii	"double\000"
 677      6C6500
 678              	.LASF3:
 679 0105 73686F72 		.ascii	"short unsigned int\000"
 679      7420756E 
 679      7369676E 
 679      65642069 
 679      6E7400
 680              	.LASF0:
 681 0118 7369676E 		.ascii	"signed char\000"
 681      65642063 
 681      68617200 
 682              	.LASF15:
 683 0124 55415254 		.ascii	"UART_Start\000"
 683      5F537461 
 683      727400
 684              	.LASF18:
 685 012f 474E5520 		.ascii	"GNU C 4.9.3 20150303 (release) [ARM/embedded-4_9-br"
ARM GAS  C:\Users\lenovo\AppData\Local\Temp\cc244Uaf.s 			page 15


 685      4320342E 
 685      392E3320 
 685      32303135 
 685      30333033 
 686 0162 616E6368 		.ascii	"anch revision 221220] -mcpu=cortex-m0 -mthumb -g -O"
 686      20726576 
 686      6973696F 
 686      6E203232 
 686      31323230 
 687 0195 67202D66 		.ascii	"g -ffunction-sections -ffat-lto-objects\000"
 687      66756E63 
 687      74696F6E 
 687      2D736563 
 687      74696F6E 
 688              	.LASF19:
 689 01bd 2E5C6D61 		.ascii	".\\main.c\000"
 689      696E2E63 
 689      00
 690              	.LASF14:
 691 01c6 73697A65 		.ascii	"sizetype\000"
 691      74797065 
 691      00
 692              		.ident	"GCC: (GNU Tools for ARM Embedded Processors) 4.9.3 20150303 (release) [ARM/embedded-4_9-br
